--------------------------------------------------------------------------
By default, for Open MPI 4.0 and later, infiniband ports on a device
are not used by default.  The intent is to use UCX for these devices.
You can override this policy by setting the btl_openib_allow_ib MCA parameter
to true.

  Local host:              c32-11
  Local adapter:           mlx4_0
  Local port:              1

--------------------------------------------------------------------------
--------------------------------------------------------------------------
WARNING: There was an error initializing an OpenFabrics device.

  Local host:   c32-11
  Local device: mlx4_0
--------------------------------------------------------------------------
[Iter 0] Residual: 1600
[Iter 10] Residual: 1.595860e+03
[Iter 20] Residual: 1.593797e+03
[Iter 30] Residual: 1.592205e+03
[Iter 40] Residual: 1.590860e+03
[Iter 50] Residual: 1.589674e+03
[Iter 60] Residual: 1.588601e+03
[Iter 70] Residual: 1.587613e+03
[Iter 80] Residual: 1.586693e+03
[Iter 90] Residual: 1.585830e+03
[Iter 100] Residual: 1.585012e+03
[Iter 110] Residual: 1.584235e+03
[Iter 120] Residual: 1.583492e+03
[Iter 130] Residual: 1.582779e+03
[Iter 140] Residual: 1.582093e+03
[Iter 150] Residual: 1.581431e+03
[Iter 160] Residual: 1.580791e+03
[Iter 170] Residual: 1.580171e+03
[Iter 180] Residual: 1.579568e+03
[Iter 190] Residual: 1.578982e+03
[Iter 200] Residual: 1.578411e+03
[Iter 210] Residual: 1.577854e+03
[Iter 220] Residual: 1.577311e+03
[Iter 230] Residual: 1.576779e+03
[Iter 240] Residual: 1.576259e+03
[Iter 250] Residual: 1.575750e+03
[Iter 260] Residual: 1.575250e+03
[Iter 270] Residual: 1.574761e+03
[Iter 280] Residual: 1.574280e+03
[Iter 290] Residual: 1.573807e+03
[Iter 300] Residual: 1.573343e+03
[Iter 310] Residual: 1.572886e+03
[Iter 320] Residual: 1.572437e+03
[Iter 330] Residual: 1.571995e+03
[Iter 340] Residual: 1.571559e+03
[Iter 350] Residual: 1.571130e+03
[Iter 360] Residual: 1.570707e+03
[Iter 370] Residual: 1.570289e+03
[Iter 380] Residual: 1.569877e+03
[Iter 390] Residual: 1.569471e+03
[Iter 400] Residual: 1.569070e+03
[Iter 410] Residual: 1.568673e+03
[Iter 420] Residual: 1.568282e+03
[Iter 430] Residual: 1.567895e+03
[Iter 440] Residual: 1.567513e+03
[Iter 450] Residual: 1.567134e+03
[Iter 460] Residual: 1.566761e+03
[Iter 470] Residual: 1.566391e+03
[Iter 480] Residual: 1.566025e+03
[Iter 490] Residual: 1.565663e+03
[Iter 500] Residual: 1.565304e+03
[Iter 510] Residual: 1.564949e+03
[Iter 520] Residual: 1.564598e+03
[Iter 530] Residual: 1.564250e+03
[Iter 540] Residual: 1.563905e+03
[Iter 550] Residual: 1.563563e+03
[Iter 560] Residual: 1.563224e+03
[Iter 570] Residual: 1.562889e+03
[Iter 580] Residual: 1.562556e+03
[Iter 590] Residual: 1.562226e+03
[Iter 600] Residual: 1.561899e+03
[Iter 610] Residual: 1.561575e+03
[Iter 620] Residual: 1.561254e+03
[Iter 630] Residual: 1.560934e+03
[Iter 640] Residual: 1.560618e+03
[Iter 650] Residual: 1.560304e+03
[Iter 660] Residual: 1.559992e+03
[Iter 670] Residual: 1.559683e+03
[Iter 680] Residual: 1.559376e+03
[Iter 690] Residual: 1.559071e+03
[Iter 700] Residual: 1.558769e+03
[Iter 710] Residual: 1.558468e+03
[Iter 720] Residual: 1.558170e+03
[Iter 730] Residual: 1.557874e+03
[Iter 740] Residual: 1.557579e+03
[Iter 750] Residual: 1.557287e+03
[Iter 760] Residual: 1.556997e+03
[Iter 770] Residual: 1.556708e+03
[Iter 780] Residual: 1.556422e+03
[Iter 790] Residual: 1.556137e+03
[Iter 800] Residual: 1.555854e+03
[Iter 810] Residual: 1.555573e+03
[Iter 820] Residual: 1.555294e+03
[Iter 830] Residual: 1.555016e+03
[Iter 840] Residual: 1.554740e+03
[Iter 850] Residual: 1.554465e+03
[Iter 860] Residual: 1.554193e+03
[Iter 870] Residual: 1.553921e+03
[Iter 880] Residual: 1.553652e+03
[Iter 890] Residual: 1.553383e+03
[Iter 900] Residual: 1.553117e+03
[Iter 910] Residual: 1.552852e+03
[Iter 920] Residual: 1.552588e+03
[Iter 930] Residual: 1.552326e+03
[Iter 940] Residual: 1.552065e+03
[Iter 950] Residual: 1.551805e+03
[Iter 960] Residual: 1.551547e+03
[Iter 970] Residual: 1.551290e+03
[Iter 980] Residual: 1.551035e+03
[Iter 990] Residual: 1.550781e+03
[Iter 1000] Residual: 1.550528e+03
[Iter 1010] Residual: 1.550276e+03
[Iter 1020] Residual: 1.550026e+03
[Iter 1030] Residual: 1.549777e+03
[Iter 1040] Residual: 1.549529e+03
[Iter 1050] Residual: 1.549282e+03
[Iter 1060] Residual: 1.549036e+03
[Iter 1070] Residual: 1.548792e+03
[Iter 1080] Residual: 1.548548e+03
[Iter 1090] Residual: 1.548306e+03
[Iter 1100] Residual: 1.548065e+03
[Iter 1110] Residual: 1.547825e+03
[Iter 1120] Residual: 1.547586e+03
[Iter 1130] Residual: 1.547348e+03
[Iter 1140] Residual: 1.547112e+03
[Iter 1150] Residual: 1.546876e+03
[Iter 1160] Residual: 1.546641e+03
[Iter 1170] Residual: 1.546407e+03
[Iter 1180] Residual: 1.546175e+03
[Iter 1190] Residual: 1.545943e+03
[Iter 1200] Residual: 1.545712e+03
[Iter 1210] Residual: 1.545482e+03
[Iter 1220] Residual: 1.545254e+03
[Iter 1230] Residual: 1.545026e+03
[Iter 1240] Residual: 1.544799e+03
[Iter 1250] Residual: 1.544572e+03
[Iter 1260] Residual: 1.544347e+03
[Iter 1270] Residual: 1.544123e+03
[Iter 1280] Residual: 1.543900e+03
[Iter 1290] Residual: 1.543677e+03
[Iter 1300] Residual: 1.543455e+03
[Iter 1310] Residual: 1.543234e+03
[Iter 1320] Residual: 1.543014e+03
[Iter 1330] Residual: 1.542795e+03
[Iter 1340] Residual: 1.542577e+03
[Iter 1350] Residual: 1.542359e+03
[Iter 1360] Residual: 1.542143e+03
[Iter 1370] Residual: 1.541927e+03
[Iter 1380] Residual: 1.541712e+03
[Iter 1390] Residual: 1.541497e+03
[Iter 1400] Residual: 1.541284e+03
[Iter 1410] Residual: 1.541071e+03
[Iter 1420] Residual: 1.540859e+03
[Iter 1430] Residual: 1.540647e+03
[Iter 1440] Residual: 1.540437e+03
[Iter 1450] Residual: 1.540227e+03
[Iter 1460] Residual: 1.540018e+03
[Iter 1470] Residual: 1.539809e+03
[Iter 1480] Residual: 1.539602e+03
[Iter 1490] Residual: 1.539395e+03
[Iter 1500] Residual: 1.539188e+03
[Iter 1510] Residual: 1.538983e+03
[Iter 1520] Residual: 1.538778e+03
[Iter 1530] Residual: 1.538573e+03
[Iter 1540] Residual: 1.538370e+03
[Iter 1550] Residual: 1.538167e+03
[Iter 1560] Residual: 1.537964e+03
[Iter 1570] Residual: 1.537763e+03
[Iter 1580] Residual: 1.537562e+03
[Iter 1590] Residual: 1.537361e+03
[Iter 1600] Residual: 1.537162e+03
[Iter 1610] Residual: 1.536963e+03
[Iter 1620] Residual: 1.536764e+03
[Iter 1630] Residual: 1.536566e+03
[Iter 1640] Residual: 1.536369e+03
[Iter 1650] Residual: 1.536172e+03
[Iter 1660] Residual: 1.535976e+03
[Iter 1670] Residual: 1.535780e+03
[Iter 1680] Residual: 1.535586e+03
[Iter 1690] Residual: 1.535391e+03
[Iter 1700] Residual: 1.535197e+03
[Iter 1710] Residual: 1.535004e+03
[Iter 1720] Residual: 1.534812e+03
[Iter 1730] Residual: 1.534619e+03
[Iter 1740] Residual: 1.534428e+03
[Iter 1750] Residual: 1.534237e+03
[Iter 1760] Residual: 1.534046e+03
[Iter 1770] Residual: 1.533857e+03
[Iter 1780] Residual: 1.533667e+03
[Iter 1790] Residual: 1.533478e+03
[Iter 1800] Residual: 1.533290e+03
[Iter 1810] Residual: 1.533102e+03
[Iter 1820] Residual: 1.532915e+03
[Iter 1830] Residual: 1.532728e+03
[Iter 1840] Residual: 1.532542e+03
[Iter 1850] Residual: 1.532356e+03
[Iter 1860] Residual: 1.532171e+03
[Iter 1870] Residual: 1.531986e+03
[Iter 1880] Residual: 1.531802e+03
[Iter 1890] Residual: 1.531618e+03
[Iter 1900] Residual: 1.531435e+03
[Iter 1910] Residual: 1.531252e+03
[Iter 1920] Residual: 1.531070e+03
[Iter 1930] Residual: 1.530888e+03
[Iter 1940] Residual: 1.530707e+03
[Iter 1950] Residual: 1.530526e+03
[Iter 1960] Residual: 1.530345e+03
[Iter 1970] Residual: 1.530165e+03
[Iter 1980] Residual: 1.529986e+03
[Iter 1990] Residual: 1.529807e+03
[Iter 2000] Residual: 1.529628e+03
[Iter 2010] Residual: 1.529450e+03
[Iter 2020] Residual: 1.529272e+03
[Iter 2030] Residual: 1.529095e+03
[Iter 2040] Residual: 1.528918e+03
[Iter 2050] Residual: 1.528742e+03
[Iter 2060] Residual: 1.528566e+03
[Iter 2070] Residual: 1.528390e+03
[Iter 2080] Residual: 1.528215e+03
[Iter 2090] Residual: 1.528040e+03
[Iter 2100] Residual: 1.527866e+03
[Iter 2110] Residual: 1.527692e+03
[Iter 2120] Residual: 1.527519e+03
[Iter 2130] Residual: 1.527346e+03
[Iter 2140] Residual: 1.527173e+03
[Iter 2150] Residual: 1.527001e+03
[Iter 2160] Residual: 1.526829e+03
[Iter 2170] Residual: 1.526657e+03
[Iter 2180] Residual: 1.526486e+03
[Iter 2190] Residual: 1.526316e+03
[Iter 2200] Residual: 1.526145e+03
[Iter 2210] Residual: 1.525975e+03
[Iter 2220] Residual: 1.525806e+03
[Iter 2230] Residual: 1.525637e+03
[Iter 2240] Residual: 1.525468e+03
[Iter 2250] Residual: 1.525300e+03
[Iter 2260] Residual: 1.525132e+03
[Iter 2270] Residual: 1.524964e+03
[Iter 2280] Residual: 1.524797e+03
[Iter 2290] Residual: 1.524630e+03
[Iter 2300] Residual: 1.524463e+03
[Iter 2310] Residual: 1.524297e+03
[Iter 2320] Residual: 1.524131e+03
[Iter 2330] Residual: 1.523966e+03
[Iter 2340] Residual: 1.523801e+03
[Iter 2350] Residual: 1.523636e+03
[Iter 2360] Residual: 1.523472e+03
[Iter 2370] Residual: 1.523307e+03
[Iter 2380] Residual: 1.523144e+03
[Iter 2390] Residual: 1.522980e+03
[Iter 2400] Residual: 1.522817e+03
[Iter 2410] Residual: 1.522655e+03
[Iter 2420] Residual: 1.522492e+03
[Iter 2430] Residual: 1.522330e+03
[Iter 2440] Residual: 1.522169e+03
[Iter 2450] Residual: 1.522007e+03
[Iter 2460] Residual: 1.521846e+03
[Iter 2470] Residual: 1.521686e+03
[Iter 2480] Residual: 1.521525e+03
[Iter 2490] Residual: 1.521365e+03
[Iter 2500] Residual: 1.521205e+03
[Iter 2510] Residual: 1.521046e+03
[Iter 2520] Residual: 1.520887e+03
[Iter 2530] Residual: 1.520728e+03
[Iter 2540] Residual: 1.520570e+03
[Iter 2550] Residual: 1.520412e+03
[Iter 2560] Residual: 1.520254e+03
[Iter 2570] Residual: 1.520096e+03
[Iter 2580] Residual: 1.519939e+03
[Iter 2590] Residual: 1.519782e+03
[Iter 2600] Residual: 1.519625e+03
[Iter 2610] Residual: 1.519469e+03
[Iter 2620] Residual: 1.519313e+03
[Iter 2630] Residual: 1.519157e+03
[Iter 2640] Residual: 1.519002e+03
[Iter 2650] Residual: 1.518847e+03
[Iter 2660] Residual: 1.518692e+03
[Iter 2670] Residual: 1.518537e+03
[Iter 2680] Residual: 1.518383e+03
[Iter 2690] Residual: 1.518229e+03
[Iter 2700] Residual: 1.518076e+03
[Iter 2710] Residual: 1.517922e+03
[Iter 2720] Residual: 1.517769e+03
[Iter 2730] Residual: 1.517616e+03
[Iter 2740] Residual: 1.517464e+03
[Iter 2750] Residual: 1.517311e+03
[Iter 2760] Residual: 1.517159e+03
[Iter 2770] Residual: 1.517008e+03
[Iter 2780] Residual: 1.516856e+03
[Iter 2790] Residual: 1.516705e+03
[Iter 2800] Residual: 1.516554e+03
[Iter 2810] Residual: 1.516403e+03
[Iter 2820] Residual: 1.516253e+03
[Iter 2830] Residual: 1.516103e+03
[Iter 2840] Residual: 1.515953e+03
[Iter 2850] Residual: 1.515804e+03
[Iter 2860] Residual: 1.515654e+03
[Iter 2870] Residual: 1.515505e+03
[Iter 2880] Residual: 1.515356e+03
[Iter 2890] Residual: 1.515208e+03
[Iter 2900] Residual: 1.515060e+03
[Iter 2910] Residual: 1.514912e+03
[Iter 2920] Residual: 1.514764e+03
[Iter 2930] Residual: 1.514616e+03
[Iter 2940] Residual: 1.514469e+03
[Iter 2950] Residual: 1.514322e+03
[Iter 2960] Residual: 1.514175e+03
[Iter 2970] Residual: 1.514029e+03
[Iter 2980] Residual: 1.513882e+03
[Iter 2990] Residual: 1.513736e+03
[Iter 3000] Residual: 1.513591e+03
[Iter 3010] Residual: 1.513445e+03
[Iter 3020] Residual: 1.513300e+03
[Iter 3030] Residual: 1.513155e+03
[Iter 3040] Residual: 1.513010e+03
[Iter 3050] Residual: 1.512865e+03
[Iter 3060] Residual: 1.512721e+03
[Iter 3070] Residual: 1.512577e+03
[Iter 3080] Residual: 1.512433e+03
[Iter 3090] Residual: 1.512289e+03
[Iter 3100] Residual: 1.512146e+03
[Iter 3110] Residual: 1.512003e+03
[Iter 3120] Residual: 1.511860e+03
[Iter 3130] Residual: 1.511717e+03
[Iter 3140] Residual: 1.511575e+03
[Iter 3150] Residual: 1.511432e+03
[Iter 3160] Residual: 1.511290e+03
[Iter 3170] Residual: 1.511148e+03
[Iter 3180] Residual: 1.511007e+03
[Iter 3190] Residual: 1.510865e+03
[Iter 3200] Residual: 1.510724e+03
[Iter 3210] Residual: 1.510583e+03
[Iter 3220] Residual: 1.510443e+03
[Iter 3230] Residual: 1.510302e+03
[Iter 3240] Residual: 1.510162e+03
[Iter 3250] Residual: 1.510022e+03
[Iter 3260] Residual: 1.509882e+03
[Iter 3270] Residual: 1.509742e+03
[Iter 3280] Residual: 1.509603e+03
[Iter 3290] Residual: 1.509464e+03
[Iter 3300] Residual: 1.509325e+03
[Iter 3310] Residual: 1.509186e+03
[Iter 3320] Residual: 1.509047e+03
[Iter 3330] Residual: 1.508909e+03
[Iter 3340] Residual: 1.508771e+03
[Iter 3350] Residual: 1.508633e+03
[Iter 3360] Residual: 1.508495e+03
[Iter 3370] Residual: 1.508358e+03
[Iter 3380] Residual: 1.508220e+03
[Iter 3390] Residual: 1.508083e+03
[Iter 3400] Residual: 1.507946e+03
[Iter 3410] Residual: 1.507810e+03
[Iter 3420] Residual: 1.507673e+03
[Iter 3430] Residual: 1.507537e+03
[Iter 3440] Residual: 1.507401e+03
[Iter 3450] Residual: 1.507265e+03
[Iter 3460] Residual: 1.507129e+03
[Iter 3470] Residual: 1.506993e+03
[Iter 3480] Residual: 1.506858e+03
[Iter 3490] Residual: 1.506723e+03
[Iter 3500] Residual: 1.506588e+03
[Iter 3510] Residual: 1.506453e+03
[Iter 3520] Residual: 1.506319e+03
[c32-04:06061] 255 more processes have sent help message help-mpi-btl-openib.txt / ib port not selected
[c32-04:06061] Set MCA parameter "orte_base_help_aggregate" to 0 to see all help / error messages
[c32-04:06061] 255 more processes have sent help message help-mpi-btl-openib.txt / error in device init
[Iter 3530] Residual: 1.506184e+03
[Iter 3540] Residual: 1.506050e+03
[Iter 3550] Residual: 1.505916e+03
[Iter 3560] Residual: 1.505782e+03
[Iter 3570] Residual: 1.505649e+03
[Iter 3580] Residual: 1.505515e+03
[Iter 3590] Residual: 1.505382e+03
[Iter 3600] Residual: 1.505249e+03
[Iter 3610] Residual: 1.505116e+03
[Iter 3620] Residual: 1.504983e+03
[Iter 3630] Residual: 1.504851e+03
[Iter 3640] Residual: 1.504718e+03
[Iter 3650] Residual: 1.504586e+03
[Iter 3660] Residual: 1.504454e+03
[Iter 3670] Residual: 1.504322e+03
[Iter 3680] Residual: 1.504191e+03
[Iter 3690] Residual: 1.504059e+03
[Iter 3700] Residual: 1.503928e+03
[Iter 3710] Residual: 1.503797e+03
[Iter 3720] Residual: 1.503666e+03
[Iter 3730] Residual: 1.503535e+03
[Iter 3740] Residual: 1.503405e+03
[Iter 3750] Residual: 1.503275e+03
[Iter 3760] Residual: 1.503144e+03
[Iter 3770] Residual: 1.503014e+03
[Iter 3780] Residual: 1.502884e+03
[Iter 3790] Residual: 1.502755e+03
[Iter 3800] Residual: 1.502625e+03
[Iter 3810] Residual: 1.502496e+03
[Iter 3820] Residual: 1.502367e+03
[Iter 3830] Residual: 1.502238e+03
[Iter 3840] Residual: 1.502109e+03
[Iter 3850] Residual: 1.501980e+03
[Iter 3860] Residual: 1.501852e+03
[Iter 3870] Residual: 1.501723e+03
[Iter 3880] Residual: 1.501595e+03
[Iter 3890] Residual: 1.501467e+03
[Iter 3900] Residual: 1.501339e+03
[Iter 3910] Residual: 1.501212e+03
[Iter 3920] Residual: 1.501084e+03
[Iter 3930] Residual: 1.500957e+03
[Iter 3940] Residual: 1.500830e+03
[Iter 3950] Residual: 1.500703e+03
[Iter 3960] Residual: 1.500576e+03
[Iter 3970] Residual: 1.500449e+03
[Iter 3980] Residual: 1.500322e+03
[Iter 3990] Residual: 1.500196e+03
[Iter 4000] Residual: 1.500070e+03
[Iter 4010] Residual: 1.499944e+03
[Iter 4020] Residual: 1.499818e+03
[Iter 4030] Residual: 1.499692e+03
[Iter 4040] Residual: 1.499567e+03
[Iter 4050] Residual: 1.499441e+03
[Iter 4060] Residual: 1.499316e+03
[Iter 4070] Residual: 1.499191e+03
[Iter 4080] Residual: 1.499066e+03
[Iter 4090] Residual: 1.498941e+03
[Iter 4100] Residual: 1.498816e+03
[Iter 4110] Residual: 1.498692e+03
[Iter 4120] Residual: 1.498567e+03
[Iter 4130] Residual: 1.498443e+03
[Iter 4140] Residual: 1.498319e+03
[Iter 4150] Residual: 1.498195e+03
[Iter 4160] Residual: 1.498071e+03
[Iter 4170] Residual: 1.497948e+03
[Iter 4180] Residual: 1.497824e+03
[Iter 4190] Residual: 1.497701e+03
[Iter 4200] Residual: 1.497578e+03
[Iter 4210] Residual: 1.497455e+03
[Iter 4220] Residual: 1.497332e+03
[Iter 4230] Residual: 1.497209e+03
[Iter 4240] Residual: 1.497086e+03
[Iter 4250] Residual: 1.496964e+03
[Iter 4260] Residual: 1.496842e+03
[Iter 4270] Residual: 1.496719e+03
[Iter 4280] Residual: 1.496597e+03
[Iter 4290] Residual: 1.496475e+03
[Iter 4300] Residual: 1.496354e+03
[Iter 4310] Residual: 1.496232e+03
[Iter 4320] Residual: 1.496111e+03
[Iter 4330] Residual: 1.495989e+03
[Iter 4340] Residual: 1.495868e+03
[Iter 4350] Residual: 1.495747e+03
[Iter 4360] Residual: 1.495626e+03
[Iter 4370] Residual: 1.495505e+03
[Iter 4380] Residual: 1.495385e+03
[Iter 4390] Residual: 1.495264e+03
[Iter 4400] Residual: 1.495144e+03
[Iter 4410] Residual: 1.495024e+03
[Iter 4420] Residual: 1.494904e+03
[Iter 4430] Residual: 1.494784e+03
[Iter 4440] Residual: 1.494664e+03
[Iter 4450] Residual: 1.494544e+03
[Iter 4460] Residual: 1.494425e+03
[Iter 4470] Residual: 1.494305e+03
[Iter 4480] Residual: 1.494186e+03
[Iter 4490] Residual: 1.494067e+03
[Iter 4500] Residual: 1.493948e+03
[Iter 4510] Residual: 1.493829e+03
[Iter 4520] Residual: 1.493710e+03
[Iter 4530] Residual: 1.493592e+03
[Iter 4540] Residual: 1.493473e+03
[Iter 4550] Residual: 1.493355e+03
[Iter 4560] Residual: 1.493237e+03
[Iter 4570] Residual: 1.493119e+03
[Iter 4580] Residual: 1.493001e+03
[Iter 4590] Residual: 1.492883e+03
[Iter 4600] Residual: 1.492765e+03
[Iter 4610] Residual: 1.492648e+03
[Iter 4620] Residual: 1.492530e+03
[Iter 4630] Residual: 1.492413e+03
[Iter 4640] Residual: 1.492296e+03
[Iter 4650] Residual: 1.492179e+03
[Iter 4660] Residual: 1.492062e+03
[Iter 4670] Residual: 1.491945e+03
[Iter 4680] Residual: 1.491828e+03
[Iter 4690] Residual: 1.491712e+03
[Iter 4700] Residual: 1.491595e+03
[Iter 4710] Residual: 1.491479e+03
[Iter 4720] Residual: 1.491363e+03
[Iter 4730] Residual: 1.491247e+03
[Iter 4740] Residual: 1.491131e+03
[Iter 4750] Residual: 1.491015e+03
[Iter 4760] Residual: 1.490899e+03
[Iter 4770] Residual: 1.490783e+03
[Iter 4780] Residual: 1.490668e+03
[Iter 4790] Residual: 1.490553e+03
[Iter 4800] Residual: 1.490437e+03
[Iter 4810] Residual: 1.490322e+03
[Iter 4820] Residual: 1.490207e+03
[Iter 4830] Residual: 1.490093e+03
[Iter 4840] Residual: 1.489978e+03
[Iter 4850] Residual: 1.489863e+03
[Iter 4860] Residual: 1.489749e+03
[Iter 4870] Residual: 1.489634e+03
[Iter 4880] Residual: 1.489520e+03
[Iter 4890] Residual: 1.489406e+03
[Iter 4900] Residual: 1.489292e+03
[Iter 4910] Residual: 1.489178e+03
[Iter 4920] Residual: 1.489064e+03
[Iter 4930] Residual: 1.488950e+03
[Iter 4940] Residual: 1.488837e+03
[Iter 4950] Residual: 1.488723e+03
[Iter 4960] Residual: 1.488610e+03
[Iter 4970] Residual: 1.488497e+03
[Iter 4980] Residual: 1.488384e+03
[Iter 4990] Residual: 1.488271e+03
[Iter 5000] Residual: 1.488158e+03
[Iter 5010] Residual: 1.488045e+03
[Iter 5020] Residual: 1.487932e+03
[Iter 5030] Residual: 1.487820e+03
[Iter 5040] Residual: 1.487707e+03
[Iter 5050] Residual: 1.487595e+03
[Iter 5060] Residual: 1.487483e+03
[Iter 5070] Residual: 1.487371e+03
[Iter 5080] Residual: 1.487259e+03
[Iter 5090] Residual: 1.487147e+03
[Iter 5100] Residual: 1.487035e+03
[Iter 5110] Residual: 1.486923e+03
[Iter 5120] Residual: 1.486812e+03
[Iter 5130] Residual: 1.486700e+03
[Iter 5140] Residual: 1.486589e+03
[Iter 5150] Residual: 1.486478e+03
[Iter 5160] Residual: 1.486367e+03
[Iter 5170] Residual: 1.486256e+03
[Iter 5180] Residual: 1.486145e+03
[Iter 5190] Residual: 1.486034e+03
[Iter 5200] Residual: 1.485923e+03
[Iter 5210] Residual: 1.485813e+03
[Iter 5220] Residual: 1.485702e+03
[Iter 5230] Residual: 1.485592e+03
[Iter 5240] Residual: 1.485481e+03
[Iter 5250] Residual: 1.485371e+03
[Iter 5260] Residual: 1.485261e+03
[Iter 5270] Residual: 1.485151e+03
[Iter 5280] Residual: 1.485041e+03
[Iter 5290] Residual: 1.484932e+03
[Iter 5300] Residual: 1.484822e+03
[Iter 5310] Residual: 1.484712e+03
[Iter 5320] Residual: 1.484603e+03
[Iter 5330] Residual: 1.484494e+03
[Iter 5340] Residual: 1.484384e+03
[Iter 5350] Residual: 1.484275e+03
[Iter 5360] Residual: 1.484166e+03
[Iter 5370] Residual: 1.484057e+03
[Iter 5380] Residual: 1.483949e+03
[Iter 5390] Residual: 1.483840e+03
[Iter 5400] Residual: 1.483731e+03
[Iter 5410] Residual: 1.483623e+03
[Iter 5420] Residual: 1.483514e+03
[Iter 5430] Residual: 1.483406e+03
[Iter 5440] Residual: 1.483298e+03
[Iter 5450] Residual: 1.483190e+03
[Iter 5460] Residual: 1.483082e+03
[Iter 5470] Residual: 1.482974e+03
[Iter 5480] Residual: 1.482866e+03
[Iter 5490] Residual: 1.482758e+03
[Iter 5500] Residual: 1.482650e+03
[Iter 5510] Residual: 1.482543e+03
[Iter 5520] Residual: 1.482435e+03
[Iter 5530] Residual: 1.482328e+03
[Iter 5540] Residual: 1.482221e+03
[Iter 5550] Residual: 1.482114e+03
[Iter 5560] Residual: 1.482007e+03
[Iter 5570] Residual: 1.481900e+03
[Iter 5580] Residual: 1.481793e+03
[Iter 5590] Residual: 1.481686e+03
[Iter 5600] Residual: 1.481579e+03
[Iter 5610] Residual: 1.481473e+03
[Iter 5620] Residual: 1.481366e+03
[Iter 5630] Residual: 1.481260e+03
[Iter 5640] Residual: 1.481154e+03
[Iter 5650] Residual: 1.481048e+03
[Iter 5660] Residual: 1.480941e+03
[Iter 5670] Residual: 1.480835e+03
[Iter 5680] Residual: 1.480730e+03
[Iter 5690] Residual: 1.480624e+03
[Iter 5700] Residual: 1.480518e+03
[Iter 5710] Residual: 1.480412e+03
[Iter 5720] Residual: 1.480307e+03
[Iter 5730] Residual: 1.480201e+03
[Iter 5740] Residual: 1.480096e+03
[Iter 5750] Residual: 1.479991e+03
[Iter 5760] Residual: 1.479886e+03
[Iter 5770] Residual: 1.479781e+03
[Iter 5780] Residual: 1.479676e+03
[Iter 5790] Residual: 1.479571e+03
[Iter 5800] Residual: 1.479466e+03
[Iter 5810] Residual: 1.479361e+03
[Iter 5820] Residual: 1.479256e+03
[Iter 5830] Residual: 1.479152e+03
[Iter 5840] Residual: 1.479047e+03
[Iter 5850] Residual: 1.478943e+03
[Iter 5860] Residual: 1.478839e+03
[Iter 5870] Residual: 1.478735e+03
[Iter 5880] Residual: 1.478631e+03
[Iter 5890] Residual: 1.478527e+03
[Iter 5900] Residual: 1.478423e+03
[Iter 5910] Residual: 1.478319e+03
[Iter 5920] Residual: 1.478215e+03
[Iter 5930] Residual: 1.478111e+03
[Iter 5940] Residual: 1.478008e+03
[Iter 5950] Residual: 1.477904e+03
[Iter 5960] Residual: 1.477801e+03
[Iter 5970] Residual: 1.477698e+03
[Iter 5980] Residual: 1.477594e+03
[Iter 5990] Residual: 1.477491e+03
[Iter 6000] Residual: 1.477388e+03
[Iter 6010] Residual: 1.477285e+03
[Iter 6020] Residual: 1.477182e+03
[Iter 6030] Residual: 1.477080e+03
[Iter 6040] Residual: 1.476977e+03
[Iter 6050] Residual: 1.476874e+03
[Iter 6060] Residual: 1.476772e+03
[Iter 6070] Residual: 1.476669e+03
[Iter 6080] Residual: 1.476567e+03
[Iter 6090] Residual: 1.476465e+03
[Iter 6100] Residual: 1.476363e+03
[Iter 6110] Residual: 1.476260e+03
[Iter 6120] Residual: 1.476158e+03
[Iter 6130] Residual: 1.476056e+03
[Iter 6140] Residual: 1.475955e+03
[Iter 6150] Residual: 1.475853e+03
[Iter 6160] Residual: 1.475751e+03
[Iter 6170] Residual: 1.475649e+03
[Iter 6180] Residual: 1.475548e+03
[Iter 6190] Residual: 1.475446e+03
[Iter 6200] Residual: 1.475345e+03
[Iter 6210] Residual: 1.475244e+03
[Iter 6220] Residual: 1.475143e+03
[Iter 6230] Residual: 1.475041e+03
[Iter 6240] Residual: 1.474940e+03
[Iter 6250] Residual: 1.474839e+03
[Iter 6260] Residual: 1.474739e+03
[Iter 6270] Residual: 1.474638e+03
[Iter 6280] Residual: 1.474537e+03
[Iter 6290] Residual: 1.474436e+03
[Iter 6300] Residual: 1.474336e+03
[Iter 6310] Residual: 1.474235e+03
[Iter 6320] Residual: 1.474135e+03
[Iter 6330] Residual: 1.474035e+03
[Iter 6340] Residual: 1.473934e+03
[Iter 6350] Residual: 1.473834e+03
[Iter 6360] Residual: 1.473734e+03
[Iter 6370] Residual: 1.473634e+03
[Iter 6380] Residual: 1.473534e+03
[Iter 6390] Residual: 1.473434e+03
[Iter 6400] Residual: 1.473335e+03
[Iter 6410] Residual: 1.473235e+03
[Iter 6420] Residual: 1.473135e+03
[Iter 6430] Residual: 1.473036e+03
[Iter 6440] Residual: 1.472936e+03
[Iter 6450] Residual: 1.472837e+03
[Iter 6460] Residual: 1.472738e+03
[Iter 6470] Residual: 1.472638e+03
[Iter 6480] Residual: 1.472539e+03
[Iter 6490] Residual: 1.472440e+03
[Iter 6500] Residual: 1.472341e+03
[Iter 6510] Residual: 1.472242e+03
[Iter 6520] Residual: 1.472143e+03
[Iter 6530] Residual: 1.472045e+03
[Iter 6540] Residual: 1.471946e+03
[Iter 6550] Residual: 1.471847e+03
[Iter 6560] Residual: 1.471749e+03
[Iter 6570] Residual: 1.471650e+03
[Iter 6580] Residual: 1.471552e+03
[Iter 6590] Residual: 1.471454e+03
[Iter 6600] Residual: 1.471355e+03
[Iter 6610] Residual: 1.471257e+03
[Iter 6620] Residual: 1.471159e+03
[Iter 6630] Residual: 1.471061e+03
[Iter 6640] Residual: 1.470963e+03
[Iter 6650] Residual: 1.470865e+03
[Iter 6660] Residual: 1.470767e+03
[Iter 6670] Residual: 1.470670e+03
[Iter 6680] Residual: 1.470572e+03
[Iter 6690] Residual: 1.470474e+03
[Iter 6700] Residual: 1.470377e+03
[Iter 6710] Residual: 1.470279e+03
[Iter 6720] Residual: 1.470182e+03
[Iter 6730] Residual: 1.470085e+03
[Iter 6740] Residual: 1.469988e+03
[Iter 6750] Residual: 1.469890e+03
[Iter 6760] Residual: 1.469793e+03
[Iter 6770] Residual: 1.469696e+03
[Iter 6780] Residual: 1.469599e+03
[Iter 6790] Residual: 1.469503e+03
[Iter 6800] Residual: 1.469406e+03
[Iter 6810] Residual: 1.469309e+03
[Iter 6820] Residual: 1.469212e+03
[Iter 6830] Residual: 1.469116e+03
[Iter 6840] Residual: 1.469019e+03
[Iter 6850] Residual: 1.468923e+03
[Iter 6860] Residual: 1.468827e+03
[Iter 6870] Residual: 1.468730e+03
[Iter 6880] Residual: 1.468634e+03
[Iter 6890] Residual: 1.468538e+03
[Iter 6900] Residual: 1.468442e+03
[Iter 6910] Residual: 1.468346e+03
[Iter 6920] Residual: 1.468250e+03
[Iter 6930] Residual: 1.468154e+03
[Iter 6940] Residual: 1.468058e+03
[Iter 6950] Residual: 1.467962e+03
[Iter 6960] Residual: 1.467867e+03
[Iter 6970] Residual: 1.467771e+03
[Iter 6980] Residual: 1.467676e+03
[Iter 6990] Residual: 1.467580e+03
[Iter 7000] Residual: 1.467485e+03
[Iter 7010] Residual: 1.467389e+03
[Iter 7020] Residual: 1.467294e+03
[Iter 7030] Residual: 1.467199e+03
[Iter 7040] Residual: 1.467104e+03
[Iter 7050] Residual: 1.467009e+03
[Iter 7060] Residual: 1.466914e+03
[Iter 7070] Residual: 1.466819e+03
[Iter 7080] Residual: 1.466724e+03
[Iter 7090] Residual: 1.466629e+03
[Iter 7100] Residual: 1.466534e+03
[Iter 7110] Residual: 1.466440e+03
[Iter 7120] Residual: 1.466345e+03
[Iter 7130] Residual: 1.466251e+03
[Iter 7140] Residual: 1.466156e+03
[Iter 7150] Residual: 1.466062e+03
[Iter 7160] Residual: 1.465968e+03
[Iter 7170] Residual: 1.465873e+03
[Iter 7180] Residual: 1.465779e+03
[Iter 7190] Residual: 1.465685e+03
[Iter 7200] Residual: 1.465591e+03
[Iter 7210] Residual: 1.465497e+03
[Iter 7220] Residual: 1.465403e+03
[Iter 7230] Residual: 1.465309e+03
[Iter 7240] Residual: 1.465215e+03
[Iter 7250] Residual: 1.465122e+03
[Iter 7260] Residual: 1.465028e+03
[Iter 7270] Residual: 1.464934e+03
[Iter 7280] Residual: 1.464841e+03
[Iter 7290] Residual: 1.464747e+03
[Iter 7300] Residual: 1.464654e+03
[Iter 7310] Residual: 1.464560e+03
[Iter 7320] Residual: 1.464467e+03
[Iter 7330] Residual: 1.464374e+03
[Iter 7340] Residual: 1.464281e+03
[Iter 7350] Residual: 1.464188e+03
[Iter 7360] Residual: 1.464095e+03
[Iter 7370] Residual: 1.464002e+03
[Iter 7380] Residual: 1.463909e+03
[Iter 7390] Residual: 1.463816e+03
[Iter 7400] Residual: 1.463723e+03
[Iter 7410] Residual: 1.463630e+03
[Iter 7420] Residual: 1.463538e+03
[Iter 7430] Residual: 1.463445e+03
[Iter 7440] Residual: 1.463353e+03
[Iter 7450] Residual: 1.463260e+03
[Iter 7460] Residual: 1.463168e+03
[Iter 7470] Residual: 1.463075e+03
[Iter 7480] Residual: 1.462983e+03
[Iter 7490] Residual: 1.462891e+03
[Iter 7500] Residual: 1.462799e+03
[Iter 7510] Residual: 1.462707e+03
[Iter 7520] Residual: 1.462615e+03
[Iter 7530] Residual: 1.462523e+03
[Iter 7540] Residual: 1.462431e+03
[Iter 7550] Residual: 1.462339e+03
[Iter 7560] Residual: 1.462247e+03
[Iter 7570] Residual: 1.462155e+03
[Iter 7580] Residual: 1.462064e+03
[Iter 7590] Residual: 1.461972e+03
[Iter 7600] Residual: 1.461881e+03
[Iter 7610] Residual: 1.461789e+03
[Iter 7620] Residual: 1.461698e+03
[Iter 7630] Residual: 1.461606e+03
[Iter 7640] Residual: 1.461515e+03
[Iter 7650] Residual: 1.461424e+03
[Iter 7660] Residual: 1.461332e+03
[Iter 7670] Residual: 1.461241e+03
[Iter 7680] Residual: 1.461150e+03
[Iter 7690] Residual: 1.461059e+03
[Iter 7700] Residual: 1.460968e+03
[Iter 7710] Residual: 1.460877e+03
[Iter 7720] Residual: 1.460787e+03
[Iter 7730] Residual: 1.460696e+03
[Iter 7740] Residual: 1.460605e+03
[Iter 7750] Residual: 1.460514e+03
[Iter 7760] Residual: 1.460424e+03
[Iter 7770] Residual: 1.460333e+03
[Iter 7780] Residual: 1.460243e+03
[Iter 7790] Residual: 1.460152e+03
[Iter 7800] Residual: 1.460062e+03
[Iter 7810] Residual: 1.459972e+03
[Iter 7820] Residual: 1.459881e+03
[Iter 7830] Residual: 1.459791e+03
[Iter 7840] Residual: 1.459701e+03
[Iter 7850] Residual: 1.459611e+03
[Iter 7860] Residual: 1.459521e+03
[Iter 7870] Residual: 1.459431e+03
[Iter 7880] Residual: 1.459341e+03
[Iter 7890] Residual: 1.459251e+03
[Iter 7900] Residual: 1.459161e+03
[Iter 7910] Residual: 1.459072e+03
[Iter 7920] Residual: 1.458982e+03
[Iter 7930] Residual: 1.458892e+03
[Iter 7940] Residual: 1.458803e+03
[Iter 7950] Residual: 1.458713e+03
[Iter 7960] Residual: 1.458624e+03
[Iter 7970] Residual: 1.458534e+03
[Iter 7980] Residual: 1.458445e+03
[Iter 7990] Residual: 1.458356e+03
[Iter 8000] Residual: 1.458267e+03
[Iter 8010] Residual: 1.458177e+03
[Iter 8020] Residual: 1.458088e+03
[Iter 8030] Residual: 1.457999e+03
[Iter 8040] Residual: 1.457910e+03
[Iter 8050] Residual: 1.457821e+03
[Iter 8060] Residual: 1.457732e+03
[Iter 8070] Residual: 1.457644e+03
[Iter 8080] Residual: 1.457555e+03
[Iter 8090] Residual: 1.457466e+03
[Iter 8100] Residual: 1.457377e+03
[Iter 8110] Residual: 1.457289e+03
[Iter 8120] Residual: 1.457200e+03
[Iter 8130] Residual: 1.457112e+03
[Iter 8140] Residual: 1.457023e+03
[Iter 8150] Residual: 1.456935e+03
[Iter 8160] Residual: 1.456846e+03
[Iter 8170] Residual: 1.456758e+03
[Iter 8180] Residual: 1.456670e+03
[Iter 8190] Residual: 1.456582e+03
[Iter 8200] Residual: 1.456494e+03
[Iter 8210] Residual: 1.456405e+03
[Iter 8220] Residual: 1.456317e+03
[Iter 8230] Residual: 1.456229e+03
[Iter 8240] Residual: 1.456142e+03
[Iter 8250] Residual: 1.456054e+03
[Iter 8260] Residual: 1.455966e+03
[Iter 8270] Residual: 1.455878e+03
[Iter 8280] Residual: 1.455790e+03
[Iter 8290] Residual: 1.455703e+03
[Iter 8300] Residual: 1.455615e+03
[Iter 8310] Residual: 1.455528e+03
[Iter 8320] Residual: 1.455440e+03
[Iter 8330] Residual: 1.455353e+03
[Iter 8340] Residual: 1.455265e+03
[Iter 8350] Residual: 1.455178e+03
[Iter 8360] Residual: 1.455091e+03
[Iter 8370] Residual: 1.455003e+03
[Iter 8380] Residual: 1.454916e+03
[Iter 8390] Residual: 1.454829e+03
[Iter 8400] Residual: 1.454742e+03
[Iter 8410] Residual: 1.454655e+03
[Iter 8420] Residual: 1.454568e+03
[Iter 8430] Residual: 1.454481e+03
[Iter 8440] Residual: 1.454394e+03
[Iter 8450] Residual: 1.454307e+03
[Iter 8460] Residual: 1.454221e+03
[Iter 8470] Residual: 1.454134e+03
[Iter 8480] Residual: 1.454047e+03
[Iter 8490] Residual: 1.453961e+03
[Iter 8500] Residual: 1.453874e+03
[Iter 8510] Residual: 1.453787e+03
[Iter 8520] Residual: 1.453701e+03
[Iter 8530] Residual: 1.453615e+03
[Iter 8540] Residual: 1.453528e+03
[Iter 8550] Residual: 1.453442e+03
[Iter 8560] Residual: 1.453356e+03
[Iter 8570] Residual: 1.453269e+03
[Iter 8580] Residual: 1.453183e+03
[Iter 8590] Residual: 1.453097e+03
[Iter 8600] Residual: 1.453011e+03
[Iter 8610] Residual: 1.452925e+03
[Iter 8620] Residual: 1.452839e+03
[Iter 8630] Residual: 1.452753e+03
[Iter 8640] Residual: 1.452667e+03
[Iter 8650] Residual: 1.452582e+03
[Iter 8660] Residual: 1.452496e+03
[Iter 8670] Residual: 1.452410e+03
[Iter 8680] Residual: 1.452324e+03
[Iter 8690] Residual: 1.452239e+03
[Iter 8700] Residual: 1.452153e+03
[Iter 8710] Residual: 1.452068e+03
[Iter 8720] Residual: 1.451982e+03
[Iter 8730] Residual: 1.451897e+03
[Iter 8740] Residual: 1.451811e+03
[Iter 8750] Residual: 1.451726e+03
[Iter 8760] Residual: 1.451641e+03
[Iter 8770] Residual: 1.451556e+03
[Iter 8780] Residual: 1.451470e+03
[Iter 8790] Residual: 1.451385e+03
[Iter 8800] Residual: 1.451300e+03
[Iter 8810] Residual: 1.451215e+03
[Iter 8820] Residual: 1.451130e+03
[Iter 8830] Residual: 1.451045e+03
[Iter 8840] Residual: 1.450960e+03
[Iter 8850] Residual: 1.450876e+03
[Iter 8860] Residual: 1.450791e+03
[Iter 8870] Residual: 1.450706e+03
[Iter 8880] Residual: 1.450621e+03
[Iter 8890] Residual: 1.450537e+03
[Iter 8900] Residual: 1.450452e+03
[Iter 8910] Residual: 1.450368e+03
[Iter 8920] Residual: 1.450283e+03
[Iter 8930] Residual: 1.450199e+03
[Iter 8940] Residual: 1.450114e+03
[Iter 8950] Residual: 1.450030e+03
[Iter 8960] Residual: 1.449946e+03
[Iter 8970] Residual: 1.449861e+03
[Iter 8980] Residual: 1.449777e+03
[Iter 8990] Residual: 1.449693e+03
[Iter 9000] Residual: 1.449609e+03
[Iter 9010] Residual: 1.449525e+03
[Iter 9020] Residual: 1.449441e+03
[Iter 9030] Residual: 1.449357e+03
[Iter 9040] Residual: 1.449273e+03
[Iter 9050] Residual: 1.449189e+03
[Iter 9060] Residual: 1.449105e+03
[Iter 9070] Residual: 1.449021e+03
[Iter 9080] Residual: 1.448937e+03
[Iter 9090] Residual: 1.448854e+03
[Iter 9100] Residual: 1.448770e+03
[Iter 9110] Residual: 1.448686e+03
[Iter 9120] Residual: 1.448603e+03
[Iter 9130] Residual: 1.448519e+03
[Iter 9140] Residual: 1.448436e+03
[Iter 9150] Residual: 1.448352e+03
[Iter 9160] Residual: 1.448269e+03
[Iter 9170] Residual: 1.448186e+03
[Iter 9180] Residual: 1.448102e+03
[Iter 9190] Residual: 1.448019e+03
[Iter 9200] Residual: 1.447936e+03
[Iter 9210] Residual: 1.447853e+03
[Iter 9220] Residual: 1.447770e+03
[Iter 9230] Residual: 1.447687e+03
[Iter 9240] Residual: 1.447604e+03
[Iter 9250] Residual: 1.447521e+03
[Iter 9260] Residual: 1.447438e+03
[Iter 9270] Residual: 1.447355e+03
[Iter 9280] Residual: 1.447272e+03
[Iter 9290] Residual: 1.447189e+03
[Iter 9300] Residual: 1.447106e+03
[Iter 9310] Residual: 1.447024e+03
[Iter 9320] Residual: 1.446941e+03
[Iter 9330] Residual: 1.446858e+03
[Iter 9340] Residual: 1.446776e+03
[Iter 9350] Residual: 1.446693e+03
[Iter 9360] Residual: 1.446611e+03
[Iter 9370] Residual: 1.446528e+03
[Iter 9380] Residual: 1.446446e+03
[Iter 9390] Residual: 1.446364e+03
[Iter 9400] Residual: 1.446281e+03
[Iter 9410] Residual: 1.446199e+03
[Iter 9420] Residual: 1.446117e+03
[Iter 9430] Residual: 1.446035e+03
[Iter 9440] Residual: 1.445952e+03
[Iter 9450] Residual: 1.445870e+03
[Iter 9460] Residual: 1.445788e+03
[Iter 9470] Residual: 1.445706e+03
[Iter 9480] Residual: 1.445624e+03
[Iter 9490] Residual: 1.445542e+03
[Iter 9500] Residual: 1.445460e+03
[Iter 9510] Residual: 1.445379e+03
[Iter 9520] Residual: 1.445297e+03
[Iter 9530] Residual: 1.445215e+03
[Iter 9540] Residual: 1.445133e+03
[Iter 9550] Residual: 1.445052e+03
[Iter 9560] Residual: 1.444970e+03
[Iter 9570] Residual: 1.444889e+03
[Iter 9580] Residual: 1.444807e+03
[Iter 9590] Residual: 1.444725e+03
[Iter 9600] Residual: 1.444644e+03
[Iter 9610] Residual: 1.444563e+03
[Iter 9620] Residual: 1.444481e+03
[Iter 9630] Residual: 1.444400e+03
[Iter 9640] Residual: 1.444319e+03
[Iter 9650] Residual: 1.444237e+03
[Iter 9660] Residual: 1.444156e+03
[Iter 9670] Residual: 1.444075e+03
[Iter 9680] Residual: 1.443994e+03
[Iter 9690] Residual: 1.443913e+03
[Iter 9700] Residual: 1.443832e+03
[Iter 9710] Residual: 1.443751e+03
[Iter 9720] Residual: 1.443670e+03
[Iter 9730] Residual: 1.443589e+03
[Iter 9740] Residual: 1.443508e+03
[Iter 9750] Residual: 1.443427e+03
[Iter 9760] Residual: 1.443347e+03
[Iter 9770] Residual: 1.443266e+03
[Iter 9780] Residual: 1.443185e+03
[Iter 9790] Residual: 1.443104e+03
[Iter 9800] Residual: 1.443024e+03
[Iter 9810] Residual: 1.442943e+03
[Iter 9820] Residual: 1.442863e+03
[Iter 9830] Residual: 1.442782e+03
[Iter 9840] Residual: 1.442702e+03
[Iter 9850] Residual: 1.442621e+03
[Iter 9860] Residual: 1.442541e+03
[Iter 9870] Residual: 1.442461e+03
[Iter 9880] Residual: 1.442380e+03
[Iter 9890] Residual: 1.442300e+03
[Iter 9900] Residual: 1.442220e+03
[Iter 9910] Residual: 1.442140e+03
[Iter 9920] Residual: 1.442060e+03
[Iter 9930] Residual: 1.441979e+03
[Iter 9940] Residual: 1.441899e+03
[Iter 9950] Residual: 1.441819e+03
[Iter 9960] Residual: 1.441739e+03
[Iter 9970] Residual: 1.441660e+03
[Iter 9980] Residual: 1.441580e+03
[Iter 9990] Residual: 1.441500e+03
[Iter 10000] Residual: 1.441420e+03
[Completed] Time: 15.336503 s
[Completed] Residual: 1.441420e+03
[Completed] #Iteration: 10000
