--------------------------------------------------------------------------
By default, for Open MPI 4.0 and later, infiniband ports on a device
are not used by default.  The intent is to use UCX for these devices.
You can override this policy by setting the btl_openib_allow_ib MCA parameter
to true.

  Local host:              c26-16
  Local adapter:           mlx4_0
  Local port:              1

--------------------------------------------------------------------------
--------------------------------------------------------------------------
WARNING: There was an error initializing an OpenFabrics device.

  Local host:   c26-16
  Local device: mlx4_0
--------------------------------------------------------------------------
[Iter 0] Residual: 200
[Iter 10] Residual: 1.958590e+02
[Iter 20] Residual: 1.937960e+02
[Iter 30] Residual: 1.922043e+02
[Iter 40] Residual: 1.908594e+02
[Iter 50] Residual: 1.896731e+02
[Iter 60] Residual: 1.885998e+02
[Iter 70] Residual: 1.876123e+02
[Iter 80] Residual: 1.866927e+02
[Iter 90] Residual: 1.858288e+02
[Iter 100] Residual: 1.850116e+02
[Iter 110] Residual: 1.842341e+02
[Iter 120] Residual: 1.834911e+02
[Iter 130] Residual: 1.827783e+02
[Iter 140] Residual: 1.820925e+02
[Iter 150] Residual: 1.814306e+02
[Iter 160] Residual: 1.807904e+02
[Iter 170] Residual: 1.801699e+02
[Iter 180] Residual: 1.795673e+02
[Iter 190] Residual: 1.789813e+02
[Iter 200] Residual: 1.784104e+02
[Iter 210] Residual: 1.778536e+02
[Iter 220] Residual: 1.773099e+02
[Iter 230] Residual: 1.767783e+02
[Iter 240] Residual: 1.762582e+02
[Iter 250] Residual: 1.757489e+02
[Iter 260] Residual: 1.752495e+02
[Iter 270] Residual: 1.747597e+02
[Iter 280] Residual: 1.742789e+02
[Iter 290] Residual: 1.738066e+02
[Iter 300] Residual: 1.733423e+02
[Iter 310] Residual: 1.728857e+02
[Iter 320] Residual: 1.724364e+02
[Iter 330] Residual: 1.719940e+02
[Iter 340] Residual: 1.715583e+02
[Iter 350] Residual: 1.711290e+02
[Iter 360] Residual: 1.707057e+02
[Iter 370] Residual: 1.702883e+02
[Iter 380] Residual: 1.698765e+02
[Iter 390] Residual: 1.694700e+02
[Iter 400] Residual: 1.690687e+02
[Iter 410] Residual: 1.686724e+02
[Iter 420] Residual: 1.682809e+02
[Iter 430] Residual: 1.678941e+02
[Iter 440] Residual: 1.675117e+02
[Iter 450] Residual: 1.671336e+02
[Iter 460] Residual: 1.667597e+02
[Iter 470] Residual: 1.663898e+02
[Iter 480] Residual: 1.660238e+02
[Iter 490] Residual: 1.656617e+02
[Iter 500] Residual: 1.653032e+02
[Iter 510] Residual: 1.649482e+02
[Iter 520] Residual: 1.645968e+02
[Iter 530] Residual: 1.642487e+02
[Iter 540] Residual: 1.639038e+02
[Iter 550] Residual: 1.635622e+02
[Iter 560] Residual: 1.632236e+02
[Iter 570] Residual: 1.628880e+02
[Iter 580] Residual: 1.625554e+02
[Iter 590] Residual: 1.622256e+02
[Iter 600] Residual: 1.618986e+02
[Iter 610] Residual: 1.615743e+02
[Iter 620] Residual: 1.612527e+02
[Iter 630] Residual: 1.609336e+02
[Iter 640] Residual: 1.606171e+02
[Iter 650] Residual: 1.603030e+02
[Iter 660] Residual: 1.599913e+02
[Iter 670] Residual: 1.596820e+02
[Iter 680] Residual: 1.593750e+02
[Iter 690] Residual: 1.590702e+02
[Iter 700] Residual: 1.587676e+02
[Iter 710] Residual: 1.584672e+02
[Iter 720] Residual: 1.581689e+02
[Iter 730] Residual: 1.578726e+02
[Iter 740] Residual: 1.575784e+02
[Iter 750] Residual: 1.572861e+02
[Iter 760] Residual: 1.569958e+02
[Iter 770] Residual: 1.567074e+02
[Iter 780] Residual: 1.564209e+02
[Iter 790] Residual: 1.561362e+02
[Iter 800] Residual: 1.558532e+02
[Iter 810] Residual: 1.555721e+02
[Iter 820] Residual: 1.552927e+02
[Iter 830] Residual: 1.550149e+02
[Iter 840] Residual: 1.547389e+02
[Iter 850] Residual: 1.544644e+02
[Iter 860] Residual: 1.541916e+02
[Iter 870] Residual: 1.539204e+02
[Iter 880] Residual: 1.536507e+02
[Iter 890] Residual: 1.533826e+02
[Iter 900] Residual: 1.531159e+02
[Iter 910] Residual: 1.528507e+02
[Iter 920] Residual: 1.525870e+02
[Iter 930] Residual: 1.523247e+02
[Iter 940] Residual: 1.520638e+02
[Iter 950] Residual: 1.518043e+02
[Iter 960] Residual: 1.515462e+02
[Iter 970] Residual: 1.512894e+02
[Iter 980] Residual: 1.510339e+02
[Iter 990] Residual: 1.507797e+02
[Iter 1000] Residual: 1.505268e+02
[Iter 1010] Residual: 1.502752e+02
[Iter 1020] Residual: 1.500248e+02
[Iter 1030] Residual: 1.497756e+02
[Iter 1040] Residual: 1.495277e+02
[Iter 1050] Residual: 1.492809e+02
[Iter 1060] Residual: 1.490353e+02
[Iter 1070] Residual: 1.487908e+02
[Iter 1080] Residual: 1.485475e+02
[Iter 1090] Residual: 1.483053e+02
[Iter 1100] Residual: 1.480642e+02
[Iter 1110] Residual: 1.478242e+02
[Iter 1120] Residual: 1.475853e+02
[Iter 1130] Residual: 1.473475e+02
[Iter 1140] Residual: 1.471107e+02
[Iter 1150] Residual: 1.468749e+02
[Iter 1160] Residual: 1.466402e+02
[Iter 1170] Residual: 1.464065e+02
[Iter 1180] Residual: 1.461737e+02
[Iter 1190] Residual: 1.459420e+02
[Iter 1200] Residual: 1.457112e+02
[Iter 1210] Residual: 1.454814e+02
[Iter 1220] Residual: 1.452525e+02
[Iter 1230] Residual: 1.450246e+02
[Iter 1240] Residual: 1.447976e+02
[Iter 1250] Residual: 1.445715e+02
[Iter 1260] Residual: 1.443463e+02
[Iter 1270] Residual: 1.441220e+02
[Iter 1280] Residual: 1.438986e+02
[Iter 1290] Residual: 1.436760e+02
[Iter 1300] Residual: 1.434543e+02
[Iter 1310] Residual: 1.432335e+02
[Iter 1320] Residual: 1.430135e+02
[Iter 1330] Residual: 1.427943e+02
[Iter 1340] Residual: 1.425760e+02
[Iter 1350] Residual: 1.423584e+02
[Iter 1360] Residual: 1.421417e+02
[Iter 1370] Residual: 1.419258e+02
[Iter 1380] Residual: 1.417106e+02
[Iter 1390] Residual: 1.414963e+02
[Iter 1400] Residual: 1.412827e+02
[Iter 1410] Residual: 1.410698e+02
[Iter 1420] Residual: 1.408577e+02
[Iter 1430] Residual: 1.406464e+02
[Iter 1440] Residual: 1.404358e+02
[Iter 1450] Residual: 1.402259e+02
[Iter 1460] Residual: 1.400168e+02
[Iter 1470] Residual: 1.398084e+02
[Iter 1480] Residual: 1.396006e+02
[Iter 1490] Residual: 1.393936e+02
[Iter 1500] Residual: 1.391873e+02
[Iter 1510] Residual: 1.389816e+02
[Iter 1520] Residual: 1.387767e+02
[Iter 1530] Residual: 1.385724e+02
[Iter 1540] Residual: 1.383687e+02
[Iter 1550] Residual: 1.381658e+02
[Iter 1560] Residual: 1.379635e+02
[Iter 1570] Residual: 1.377618e+02
[Iter 1580] Residual: 1.375608e+02
[Iter 1590] Residual: 1.373604e+02
[Iter 1600] Residual: 1.371606e+02
[Iter 1610] Residual: 1.369615e+02
[Iter 1620] Residual: 1.367630e+02
[Iter 1630] Residual: 1.365650e+02
[Iter 1640] Residual: 1.363677e+02
[Iter 1650] Residual: 1.361710e+02
[Iter 1660] Residual: 1.359749e+02
[Iter 1670] Residual: 1.357794e+02
[Iter 1680] Residual: 1.355845e+02
[Iter 1690] Residual: 1.353901e+02
[Iter 1700] Residual: 1.351964e+02
[Iter 1710] Residual: 1.350031e+02
[Iter 1720] Residual: 1.348105e+02
[Iter 1730] Residual: 1.346184e+02
[Iter 1740] Residual: 1.344269e+02
[Iter 1750] Residual: 1.342359e+02
[Iter 1760] Residual: 1.340455e+02
[Iter 1770] Residual: 1.338556e+02
[Iter 1780] Residual: 1.336662e+02
[Iter 1790] Residual: 1.334774e+02
[Iter 1800] Residual: 1.332891e+02
[Iter 1810] Residual: 1.331013e+02
[Iter 1820] Residual: 1.329140e+02
[Iter 1830] Residual: 1.327273e+02
[Iter 1840] Residual: 1.325410e+02
[Iter 1850] Residual: 1.323553e+02
[Iter 1860] Residual: 1.321701e+02
[Iter 1870] Residual: 1.319854e+02
[Iter 1880] Residual: 1.318011e+02
[Iter 1890] Residual: 1.316174e+02
[Iter 1900] Residual: 1.314341e+02
[Iter 1910] Residual: 1.312513e+02
[Iter 1920] Residual: 1.310690e+02
[Iter 1930] Residual: 1.308872e+02
[Iter 1940] Residual: 1.307058e+02
[Iter 1950] Residual: 1.305249e+02
[Iter 1960] Residual: 1.303445e+02
[Iter 1970] Residual: 1.301645e+02
[Iter 1980] Residual: 1.299850e+02
[Iter 1990] Residual: 1.298060e+02
[Iter 2000] Residual: 1.296274e+02
[Iter 2010] Residual: 1.294492e+02
[Iter 2020] Residual: 1.292715e+02
[Iter 2030] Residual: 1.290942e+02
[Iter 2040] Residual: 1.289174e+02
[Iter 2050] Residual: 1.287410e+02
[Iter 2060] Residual: 1.285650e+02
[Iter 2070] Residual: 1.283894e+02
[Iter 2080] Residual: 1.282143e+02
[Iter 2090] Residual: 1.280396e+02
[Iter 2100] Residual: 1.278653e+02
[Iter 2110] Residual: 1.276915e+02
[Iter 2120] Residual: 1.275180e+02
[Iter 2130] Residual: 1.273450e+02
[Iter 2140] Residual: 1.271723e+02
[Iter 2150] Residual: 1.270001e+02
[Iter 2160] Residual: 1.268283e+02
[Iter 2170] Residual: 1.266568e+02
[Iter 2180] Residual: 1.264858e+02
[Iter 2190] Residual: 1.263151e+02
[Iter 2200] Residual: 1.261449e+02
[Iter 2210] Residual: 1.259750e+02
[Iter 2220] Residual: 1.258055e+02
[Iter 2230] Residual: 1.256364e+02
[Iter 2240] Residual: 1.254677e+02
[Iter 2250] Residual: 1.252994e+02
[Iter 2260] Residual: 1.251314e+02
[Iter 2270] Residual: 1.249638e+02
[Iter 2280] Residual: 1.247966e+02
[Iter 2290] Residual: 1.246297e+02
[Iter 2300] Residual: 1.244632e+02
[Iter 2310] Residual: 1.242971e+02
[Iter 2320] Residual: 1.241313e+02
[Iter 2330] Residual: 1.239659e+02
[Iter 2340] Residual: 1.238009e+02
[Iter 2350] Residual: 1.236362e+02
[Iter 2360] Residual: 1.234719e+02
[Iter 2370] Residual: 1.233079e+02
[Iter 2380] Residual: 1.231442e+02
[Iter 2390] Residual: 1.229809e+02
[Iter 2400] Residual: 1.228180e+02
[Iter 2410] Residual: 1.226553e+02
[Iter 2420] Residual: 1.224931e+02
[Iter 2430] Residual: 1.223311e+02
[Iter 2440] Residual: 1.221695e+02
[Iter 2450] Residual: 1.220083e+02
[Iter 2460] Residual: 1.218473e+02
[Iter 2470] Residual: 1.216867e+02
[Iter 2480] Residual: 1.215264e+02
[Iter 2490] Residual: 1.213665e+02
[Iter 2500] Residual: 1.212069e+02
[Iter 2510] Residual: 1.210476e+02
[Iter 2520] Residual: 1.208886e+02
[Iter 2530] Residual: 1.207299e+02
[Iter 2540] Residual: 1.205715e+02
[Iter 2550] Residual: 1.204135e+02
[Iter 2560] Residual: 1.202558e+02
[Iter 2570] Residual: 1.200984e+02
[Iter 2580] Residual: 1.199413e+02
[Iter 2590] Residual: 1.197845e+02
[Iter 2600] Residual: 1.196280e+02
[Iter 2610] Residual: 1.194718e+02
[Iter 2620] Residual: 1.193159e+02
[Iter 2630] Residual: 1.191603e+02
[Iter 2640] Residual: 1.190051e+02
[Iter 2650] Residual: 1.188501e+02
[Iter 2660] Residual: 1.186954e+02
[Iter 2670] Residual: 1.185410e+02
[Iter 2680] Residual: 1.183869e+02
[Iter 2690] Residual: 1.182331e+02
[Iter 2700] Residual: 1.180796e+02
[Iter 2710] Residual: 1.179264e+02
[Iter 2720] Residual: 1.177734e+02
[Iter 2730] Residual: 1.176208e+02
[Iter 2740] Residual: 1.174684e+02
[Iter 2750] Residual: 1.173163e+02
[Iter 2760] Residual: 1.171645e+02
[Iter 2770] Residual: 1.170130e+02
[Iter 2780] Residual: 1.168617e+02
[Iter 2790] Residual: 1.167108e+02
[Iter 2800] Residual: 1.165601e+02
[Iter 2810] Residual: 1.164096e+02
[Iter 2820] Residual: 1.162595e+02
[Iter 2830] Residual: 1.161096e+02
[Iter 2840] Residual: 1.159600e+02
[Iter 2850] Residual: 1.158107e+02
[Iter 2860] Residual: 1.156616e+02
[Iter 2870] Residual: 1.155128e+02
[Iter 2880] Residual: 1.153643e+02
[Iter 2890] Residual: 1.152160e+02
[Iter 2900] Residual: 1.150680e+02
[Iter 2910] Residual: 1.149203e+02
[Iter 2920] Residual: 1.147728e+02
[Iter 2930] Residual: 1.146256e+02
[Iter 2940] Residual: 1.144786e+02
[Iter 2950] Residual: 1.143319e+02
[Iter 2960] Residual: 1.141854e+02
[Iter 2970] Residual: 1.140392e+02
[Iter 2980] Residual: 1.138933e+02
[Iter 2990] Residual: 1.137476e+02
[Iter 3000] Residual: 1.136021e+02
[Iter 3010] Residual: 1.134569e+02
[Iter 3020] Residual: 1.133120e+02
[Iter 3030] Residual: 1.131673e+02
[Iter 3040] Residual: 1.130229e+02
[Iter 3050] Residual: 1.128786e+02
[Iter 3060] Residual: 1.127347e+02
[Iter 3070] Residual: 1.125910e+02
[Iter 3080] Residual: 1.124475e+02
[Iter 3090] Residual: 1.123043e+02
[Iter 3100] Residual: 1.121613e+02
[Iter 3110] Residual: 1.120185e+02
[Iter 3120] Residual: 1.118760e+02
[Iter 3130] Residual: 1.117337e+02
[Iter 3140] Residual: 1.115917e+02
[Iter 3150] Residual: 1.114499e+02
[Iter 3160] Residual: 1.113083e+02
[Iter 3170] Residual: 1.111670e+02
[Iter 3180] Residual: 1.110259e+02
[Iter 3190] Residual: 1.108850e+02
[Iter 3200] Residual: 1.107443e+02
[Iter 3210] Residual: 1.106039e+02
[Iter 3220] Residual: 1.104637e+02
[Iter 3230] Residual: 1.103238e+02
[Iter 3240] Residual: 1.101840e+02
[Iter 3250] Residual: 1.100445e+02
[Iter 3260] Residual: 1.099053e+02
[Iter 3270] Residual: 1.097662e+02
[Iter 3280] Residual: 1.096274e+02
[Iter 3290] Residual: 1.094888e+02
[Iter 3300] Residual: 1.093504e+02
[Iter 3310] Residual: 1.092122e+02
[Iter 3320] Residual: 1.090743e+02
[Iter 3330] Residual: 1.089365e+02
[Iter 3340] Residual: 1.087990e+02
[Iter 3350] Residual: 1.086617e+02
[Iter 3360] Residual: 1.085246e+02
[Iter 3370] Residual: 1.083878e+02
[Iter 3380] Residual: 1.082511e+02
[Iter 3390] Residual: 1.081147e+02
[Iter 3400] Residual: 1.079785e+02
[Iter 3410] Residual: 1.078425e+02
[Iter 3420] Residual: 1.077067e+02
[Iter 3430] Residual: 1.075711e+02
[Iter 3440] Residual: 1.074357e+02
[Iter 3450] Residual: 1.073006e+02
[Iter 3460] Residual: 1.071656e+02
[Iter 3470] Residual: 1.070309e+02
[Iter 3480] Residual: 1.068964e+02
[Iter 3490] Residual: 1.067620e+02
[Iter 3500] Residual: 1.066279e+02
[Iter 3510] Residual: 1.064940e+02
[Iter 3520] Residual: 1.063603e+02
[Iter 3530] Residual: 1.062268e+02
[Iter 3540] Residual: 1.060934e+02
[Iter 3550] Residual: 1.059603e+02
[Iter 3560] Residual: 1.058274e+02
[Iter 3570] Residual: 1.056947e+02
[Iter 3580] Residual: 1.055622e+02
[Iter 3590] Residual: 1.054299e+02
[Iter 3600] Residual: 1.052978e+02
[Iter 3610] Residual: 1.051659e+02
[Iter 3620] Residual: 1.050342e+02
[Iter 3630] Residual: 1.049027e+02
[Iter 3640] Residual: 1.047714e+02
[Iter 3650] Residual: 1.046403e+02
[Iter 3660] Residual: 1.045094e+02
[Iter 3670] Residual: 1.043786e+02
[Iter 3680] Residual: 1.042481e+02
[Iter 3690] Residual: 1.041178e+02
[Iter 3700] Residual: 1.039876e+02
[Iter 3710] Residual: 1.038577e+02
[Iter 3720] Residual: 1.037279e+02
[Iter 3730] Residual: 1.035983e+02
[Iter 3740] Residual: 1.034690e+02
[Iter 3750] Residual: 1.033398e+02
[Iter 3760] Residual: 1.032108e+02
[Iter 3770] Residual: 1.030819e+02
[Iter 3780] Residual: 1.029533e+02
[Iter 3790] Residual: 1.028249e+02
[Iter 3800] Residual: 1.026966e+02
[Iter 3810] Residual: 1.025686e+02
[Iter 3820] Residual: 1.024407e+02
[Iter 3830] Residual: 1.023130e+02
[Iter 3840] Residual: 1.021855e+02
[Iter 3850] Residual: 1.020582e+02
[Iter 3860] Residual: 1.019310e+02
[Iter 3870] Residual: 1.018041e+02
[Iter 3880] Residual: 1.016773e+02
[Iter 3890] Residual: 1.015507e+02
[Iter 3900] Residual: 1.014243e+02
[Iter 3910] Residual: 1.012981e+02
[Iter 3920] Residual: 1.011720e+02
[Iter 3930] Residual: 1.010461e+02
[Iter 3940] Residual: 1.009205e+02
[Iter 3950] Residual: 1.007949e+02
[Iter 3960] Residual: 1.006696e+02
[Iter 3970] Residual: 1.005445e+02
[Iter 3980] Residual: 1.004195e+02
[Iter 3990] Residual: 1.002947e+02
[Iter 4000] Residual: 1.001701e+02
[Iter 4010] Residual: 1.000456e+02
[Iter 4020] Residual: 9.992134e+01
[Iter 4030] Residual: 9.979724e+01
[Iter 4040] Residual: 9.967332e+01
[Iter 4050] Residual: 9.954957e+01
[Iter 4060] Residual: 9.942600e+01
[Iter 4070] Residual: 9.930260e+01
[Iter 4080] Residual: 9.917937e+01
[Iter 4090] Residual: 9.905631e+01
[Iter 4100] Residual: 9.893343e+01
[Iter 4110] Residual: 9.881072e+01
[Iter 4120] Residual: 9.868818e+01
[Iter 4130] Residual: 9.856581e+01
[Iter 4140] Residual: 9.844361e+01
[Iter 4150] Residual: 9.832157e+01
[Iter 4160] Residual: 9.819971e+01
[Iter 4170] Residual: 9.807802e+01
[Iter 4180] Residual: 9.795650e+01
[Iter 4190] Residual: 9.783514e+01
[Iter 4200] Residual: 9.771395e+01
[Iter 4210] Residual: 9.759293e+01
[Iter 4220] Residual: 9.747208e+01
[Iter 4230] Residual: 9.735139e+01
[Iter 4240] Residual: 9.723086e+01
[Iter 4250] Residual: 9.711051e+01
[Iter 4260] Residual: 9.699032e+01
[Iter 4270] Residual: 9.687029e+01
[Iter 4280] Residual: 9.675043e+01
[Iter 4290] Residual: 9.663073e+01
[Iter 4300] Residual: 9.651119e+01
[Iter 4310] Residual: 9.639182e+01
[Iter 4320] Residual: 9.627261e+01
[Iter 4330] Residual: 9.615356e+01
[Iter 4340] Residual: 9.603468e+01
[Iter 4350] Residual: 9.591595e+01
[Iter 4360] Residual: 9.579739e+01
[Iter 4370] Residual: 9.567899e+01
[Iter 4380] Residual: 9.556075e+01
[Iter 4390] Residual: 9.544267e+01
[Iter 4400] Residual: 9.532474e+01
[Iter 4410] Residual: 9.520698e+01
[Iter 4420] Residual: 9.508938e+01
[Iter 4430] Residual: 9.497194e+01
[Iter 4440] Residual: 9.485465e+01
[Iter 4450] Residual: 9.473752e+01
[Iter 4460] Residual: 9.462055e+01
[Iter 4470] Residual: 9.450374e+01
[Iter 4480] Residual: 9.438708e+01
[Iter 4490] Residual: 9.427058e+01
[Iter 4500] Residual: 9.415424e+01
[Iter 4510] Residual: 9.403805e+01
[Iter 4520] Residual: 9.392202e+01
[Iter 4530] Residual: 9.380614e+01
[Iter 4540] Residual: 9.369042e+01
[Iter 4550] Residual: 9.357485e+01
[Iter 4560] Residual: 9.345944e+01
[Iter 4570] Residual: 9.334418e+01
[Iter 4580] Residual: 9.322907e+01
[Iter 4590] Residual: 9.311412e+01
[Iter 4600] Residual: 9.299931e+01
[Iter 4610] Residual: 9.288467e+01
[Iter 4620] Residual: 9.277017e+01
[Iter 4630] Residual: 9.265583e+01
[Iter 4640] Residual: 9.254163e+01
[Iter 4650] Residual: 9.242759e+01
[Iter 4660] Residual: 9.231370e+01
[Iter 4670] Residual: 9.219996e+01
[Iter 4680] Residual: 9.208637e+01
[Iter 4690] Residual: 9.197293e+01
[Iter 4700] Residual: 9.185964e+01
[Iter 4710] Residual: 9.174650e+01
[Iter 4720] Residual: 9.163351e+01
[Iter 4730] Residual: 9.152067e+01
[Iter 4740] Residual: 9.140798e+01
[Iter 4750] Residual: 9.129543e+01
[Iter 4760] Residual: 9.118303e+01
[Iter 4770] Residual: 9.107078e+01
[Iter 4780] Residual: 9.095868e+01
[Iter 4790] Residual: 9.084672e+01
[Iter 4800] Residual: 9.073491e+01
[Iter 4810] Residual: 9.062325e+01
[Iter 4820] Residual: 9.051173e+01
[Iter 4830] Residual: 9.040036e+01
[Iter 4840] Residual: 9.028914e+01
[Iter 4850] Residual: 9.017806e+01
[Iter 4860] Residual: 9.006712e+01
[Iter 4870] Residual: 8.995633e+01
[Iter 4880] Residual: 8.984568e+01
[Iter 4890] Residual: 8.973518e+01
[Iter 4900] Residual: 8.962483e+01
[Iter 4910] Residual: 8.951461e+01
[Iter 4920] Residual: 8.940454e+01
[Iter 4930] Residual: 8.929461e+01
[Iter 4940] Residual: 8.918483e+01
[Iter 4950] Residual: 8.907518e+01
[Iter 4960] Residual: 8.896568e+01
[Iter 4970] Residual: 8.885633e+01
[Iter 4980] Residual: 8.874711e+01
[Iter 4990] Residual: 8.863803e+01
[Iter 5000] Residual: 8.852910e+01
[Iter 5010] Residual: 8.842031e+01
[Iter 5020] Residual: 8.831165e+01
[Iter 5030] Residual: 8.820314e+01
[Iter 5040] Residual: 8.809477e+01
[Iter 5050] Residual: 8.798654e+01
[Iter 5060] Residual: 8.787845e+01
[Iter 5070] Residual: 8.777049e+01
[Iter 5080] Residual: 8.766268e+01
[Iter 5090] Residual: 8.755500e+01
[Iter 5100] Residual: 8.744747e+01
[Iter 5110] Residual: 8.734007e+01
[Iter 5120] Residual: 8.723281e+01
[Iter 5130] Residual: 8.712569e+01
[Iter 5140] Residual: 8.701871e+01
[Iter 5150] Residual: 8.691186e+01
[Iter 5160] Residual: 8.680515e+01
[Iter 5170] Residual: 8.669858e+01
[Iter 5180] Residual: 8.659214e+01
[Iter 5190] Residual: 8.648584e+01
[Iter 5200] Residual: 8.637968e+01
[Iter 5210] Residual: 8.627365e+01
[Iter 5220] Residual: 8.616776e+01
[Iter 5230] Residual: 8.606201e+01
[Iter 5240] Residual: 8.595639e+01
[Iter 5250] Residual: 8.585090e+01
[Iter 5260] Residual: 8.574555e+01
[Iter 5270] Residual: 8.564033e+01
[Iter 5280] Residual: 8.553525e+01
[Iter 5290] Residual: 8.543031e+01
[Iter 5300] Residual: 8.532549e+01
[Iter 5310] Residual: 8.522081e+01
[Iter 5320] Residual: 8.511627e+01
[Iter 5330] Residual: 8.501185e+01
[Iter 5340] Residual: 8.490757e+01
[Iter 5350] Residual: 8.480343e+01
[Iter 5360] Residual: 8.469941e+01
[Iter 5370] Residual: 8.459553e+01
[Iter 5380] Residual: 8.449178e+01
[Iter 5390] Residual: 8.438816e+01
[Iter 5400] Residual: 8.428467e+01
[Iter 5410] Residual: 8.418132e+01
[Iter 5420] Residual: 8.407809e+01
[Iter 5430] Residual: 8.397500e+01
[Iter 5440] Residual: 8.387204e+01
[Iter 5450] Residual: 8.376921e+01
[Iter 5460] Residual: 8.366651e+01
[Iter 5470] Residual: 8.356393e+01
[Iter 5480] Residual: 8.346149e+01
[Iter 5490] Residual: 8.335918e+01
[Iter 5500] Residual: 8.325700e+01
[Iter 5510] Residual: 8.315495e+01
[Iter 5520] Residual: 8.305302e+01
[Iter 5530] Residual: 8.295123e+01
[Iter 5540] Residual: 8.284956e+01
[Iter 5550] Residual: 8.274803e+01
[Iter 5560] Residual: 8.264662e+01
[Iter 5570] Residual: 8.254534e+01
[Iter 5580] Residual: 8.244418e+01
[Iter 5590] Residual: 8.234316e+01
[Iter 5600] Residual: 8.224226e+01
[Iter 5610] Residual: 8.214149e+01
[Iter 5620] Residual: 8.204085e+01
[Iter 5630] Residual: 8.194033e+01
[Iter 5640] Residual: 8.183994e+01
[Iter 5650] Residual: 8.173968e+01
[Iter 5660] Residual: 8.163954e+01
[Iter 5670] Residual: 8.153953e+01
[Iter 5680] Residual: 8.143965e+01
[Iter 5690] Residual: 8.133989e+01
[Iter 5700] Residual: 8.124025e+01
[Iter 5710] Residual: 8.114074e+01
[Iter 5720] Residual: 8.104136e+01
[Iter 5730] Residual: 8.094210e+01
[Iter 5740] Residual: 8.084297e+01
[Iter 5750] Residual: 8.074396e+01
[Iter 5760] Residual: 8.064508e+01
[Iter 5770] Residual: 8.054631e+01
[Iter 5780] Residual: 8.044768e+01
[Iter 5790] Residual: 8.034917e+01
[Iter 5800] Residual: 8.025078e+01
[Iter 5810] Residual: 8.015251e+01
[Iter 5820] Residual: 8.005437e+01
[Iter 5830] Residual: 7.995635e+01
[Iter 5840] Residual: 7.985845e+01
[Iter 5850] Residual: 7.976068e+01
[Iter 5860] Residual: 7.966303e+01
[Iter 5870] Residual: 7.956550e+01
[Iter 5880] Residual: 7.946809e+01
[Iter 5890] Residual: 7.937080e+01
[Iter 5900] Residual: 7.927364e+01
[Iter 5910] Residual: 7.917660e+01
[Iter 5920] Residual: 7.907968e+01
[Iter 5930] Residual: 7.898288e+01
[Iter 5940] Residual: 7.888620e+01
[Iter 5950] Residual: 7.878964e+01
[Iter 5960] Residual: 7.869321e+01
[Iter 5970] Residual: 7.859689e+01
[Iter 5980] Residual: 7.850070e+01
[Iter 5990] Residual: 7.840462e+01
[Iter 6000] Residual: 7.830866e+01
[Iter 6010] Residual: 7.821283e+01
[Iter 6020] Residual: 7.811711e+01
[Iter 6030] Residual: 7.802152e+01
[Iter 6040] Residual: 7.792604e+01
[Iter 6050] Residual: 7.783068e+01
[Iter 6060] Residual: 7.773544e+01
[Iter 6070] Residual: 7.764032e+01
[Iter 6080] Residual: 7.754532e+01
[Iter 6090] Residual: 7.745043e+01
[Iter 6100] Residual: 7.735567e+01
[Iter 6110] Residual: 7.726102e+01
[Iter 6120] Residual: 7.716649e+01
[Iter 6130] Residual: 7.707208e+01
[Iter 6140] Residual: 7.697778e+01
[Iter 6150] Residual: 7.688361e+01
[Iter 6160] Residual: 7.678955e+01
[Iter 6170] Residual: 7.669560e+01
[Iter 6180] Residual: 7.660178e+01
[Iter 6190] Residual: 7.650807e+01
[Iter 6200] Residual: 7.641448e+01
[Iter 6210] Residual: 7.632100e+01
[Iter 6220] Residual: 7.622764e+01
[Iter 6230] Residual: 7.613440e+01
[Iter 6240] Residual: 7.604127e+01
[Iter 6250] Residual: 7.594826e+01
[Iter 6260] Residual: 7.585536e+01
[Iter 6270] Residual: 7.576258e+01
[Iter 6280] Residual: 7.566991e+01
[Iter 6290] Residual: 7.557736e+01
[Iter 6300] Residual: 7.548492e+01
[Iter 6310] Residual: 7.539260e+01
[Iter 6320] Residual: 7.530040e+01
[Iter 6330] Residual: 7.520830e+01
[Iter 6340] Residual: 7.511633e+01
[Iter 6350] Residual: 7.502446e+01
[Iter 6360] Residual: 7.493271e+01
[Iter 6370] Residual: 7.484107e+01
[Iter 6380] Residual: 7.474955e+01
[Iter 6390] Residual: 7.465814e+01
[Iter 6400] Residual: 7.456685e+01
[Iter 6410] Residual: 7.447566e+01
[Iter 6420] Residual: 7.438459e+01
[Iter 6430] Residual: 7.429364e+01
[Iter 6440] Residual: 7.420279e+01
[Iter 6450] Residual: 7.411206e+01
[Iter 6460] Residual: 7.402144e+01
[Iter 6470] Residual: 7.393094e+01
[Iter 6480] Residual: 7.384054e+01
[Iter 6490] Residual: 7.375026e+01
[Iter 6500] Residual: 7.366009e+01
[Iter 6510] Residual: 7.357003e+01
[Iter 6520] Residual: 7.348008e+01
[Iter 6530] Residual: 7.339024e+01
[Iter 6540] Residual: 7.330052e+01
[Iter 6550] Residual: 7.321090e+01
[Iter 6560] Residual: 7.312140e+01
[Iter 6570] Residual: 7.303200e+01
[Iter 6580] Residual: 7.294272e+01
[Iter 6590] Residual: 7.285355e+01
[Iter 6600] Residual: 7.276449e+01
[Iter 6610] Residual: 7.267553e+01
[Iter 6620] Residual: 7.258669e+01
[Iter 6630] Residual: 7.249796e+01
[Iter 6640] Residual: 7.240934e+01
[Iter 6650] Residual: 7.232082e+01
[Iter 6660] Residual: 7.223242e+01
[Iter 6670] Residual: 7.214413e+01
[Iter 6680] Residual: 7.205594e+01
[Iter 6690] Residual: 7.196786e+01
[Iter 6700] Residual: 7.187990e+01
[Iter 6710] Residual: 7.179204e+01
[Iter 6720] Residual: 7.170429e+01
[Iter 6730] Residual: 7.161664e+01
[Iter 6740] Residual: 7.152911e+01
[Iter 6750] Residual: 7.144168e+01
[Iter 6760] Residual: 7.135437e+01
[Iter 6770] Residual: 7.126716e+01
[Iter 6780] Residual: 7.118005e+01
[Iter 6790] Residual: 7.109306e+01
[Iter 6800] Residual: 7.100617e+01
[Iter 6810] Residual: 7.091939e+01
[Iter 6820] Residual: 7.083271e+01
[Iter 6830] Residual: 7.074615e+01
[Iter 6840] Residual: 7.065969e+01
[Iter 6850] Residual: 7.057333e+01
[Iter 6860] Residual: 7.048709e+01
[Iter 6870] Residual: 7.040094e+01
[Iter 6880] Residual: 7.031491e+01
[Iter 6890] Residual: 7.022898e+01
[Iter 6900] Residual: 7.014316e+01
[Iter 6910] Residual: 7.005744e+01
[Iter 6920] Residual: 6.997183e+01
[Iter 6930] Residual: 6.988632e+01
[Iter 6940] Residual: 6.980092e+01
[Iter 6950] Residual: 6.971563e+01
[Iter 6960] Residual: 6.963044e+01
[Iter 6970] Residual: 6.954535e+01
[Iter 6980] Residual: 6.946037e+01
[Iter 6990] Residual: 6.937549e+01
[Iter 7000] Residual: 6.929072e+01
[Iter 7010] Residual: 6.920606e+01
[Iter 7020] Residual: 6.912149e+01
[Iter 7030] Residual: 6.903703e+01
[Iter 7040] Residual: 6.895268e+01
[Iter 7050] Residual: 6.886843e+01
[Iter 7060] Residual: 6.878428e+01
[Iter 7070] Residual: 6.870024e+01
[Iter 7080] Residual: 6.861630e+01
[Iter 7090] Residual: 6.853246e+01
[Iter 7100] Residual: 6.844873e+01
[Iter 7110] Residual: 6.836509e+01
[Iter 7120] Residual: 6.828157e+01
[Iter 7130] Residual: 6.819814e+01
[Iter 7140] Residual: 6.811482e+01
[Iter 7150] Residual: 6.803160e+01
[Iter 7160] Residual: 6.794848e+01
[Iter 7170] Residual: 6.786546e+01
[Iter 7180] Residual: 6.778255e+01
[Iter 7190] Residual: 6.769974e+01
[Iter 7200] Residual: 6.761703e+01
[Iter 7210] Residual: 6.753442e+01
[Iter 7220] Residual: 6.745191e+01
[Iter 7230] Residual: 6.736951e+01
[Iter 7240] Residual: 6.728720e+01
[Iter 7250] Residual: 6.720500e+01
[Iter 7260] Residual: 6.712290e+01
[Iter 7270] Residual: 6.704090e+01
[Iter 7280] Residual: 6.695900e+01
[Iter 7290] Residual: 6.687720e+01
[Iter 7300] Residual: 6.679550e+01
[Iter 7310] Residual: 6.671390e+01
[Iter 7320] Residual: 6.663240e+01
[Iter 7330] Residual: 6.655100e+01
[Iter 7340] Residual: 6.646971e+01
[Iter 7350] Residual: 6.638851e+01
[Iter 7360] Residual: 6.630741e+01
[Iter 7370] Residual: 6.622641e+01
[Iter 7380] Residual: 6.614551e+01
[Iter 7390] Residual: 6.606471e+01
[Iter 7400] Residual: 6.598401e+01
[Iter 7410] Residual: 6.590341e+01
[Iter 7420] Residual: 6.582290e+01
[Iter 7430] Residual: 6.574250e+01
[Iter 7440] Residual: 6.566219e+01
[Iter 7450] Residual: 6.558199e+01
[Iter 7460] Residual: 6.550188e+01
[Iter 7470] Residual: 6.542187e+01
[Iter 7480] Residual: 6.534196e+01
[Iter 7490] Residual: 6.526214e+01
[Iter 7500] Residual: 6.518243e+01
[Iter 7510] Residual: 6.510281e+01
[Iter 7520] Residual: 6.502329e+01
[Iter 7530] Residual: 6.494386e+01
[Iter 7540] Residual: 6.486454e+01
[Iter 7550] Residual: 6.478531e+01
[Iter 7560] Residual: 6.470618e+01
[Iter 7570] Residual: 6.462715e+01
[Iter 7580] Residual: 6.454821e+01
[Iter 7590] Residual: 6.446937e+01
[Iter 7600] Residual: 6.439063e+01
[Iter 7610] Residual: 6.431198e+01
[Iter 7620] Residual: 6.423343e+01
[Iter 7630] Residual: 6.415497e+01
[Iter 7640] Residual: 6.407662e+01
[Iter 7650] Residual: 6.399835e+01
[Iter 7660] Residual: 6.392019e+01
[Iter 7670] Residual: 6.384212e+01
[Iter 7680] Residual: 6.376415e+01
[Iter 7690] Residual: 6.368627e+01
[Iter 7700] Residual: 6.360848e+01
[Iter 7710] Residual: 6.353080e+01
[Iter 7720] Residual: 6.345320e+01
[Iter 7730] Residual: 6.337571e+01
[Iter 7740] Residual: 6.329830e+01
[Iter 7750] Residual: 6.322100e+01
[Iter 7760] Residual: 6.314378e+01
[Iter 7770] Residual: 6.306667e+01
[Iter 7780] Residual: 6.298964e+01
[Iter 7790] Residual: 6.291271e+01
[Iter 7800] Residual: 6.283588e+01
[Iter 7810] Residual: 6.275914e+01
[Iter 7820] Residual: 6.268249e+01
[Iter 7830] Residual: 6.260594e+01
[Iter 7840] Residual: 6.252948e+01
[Iter 7850] Residual: 6.245311e+01
[Iter 7860] Residual: 6.237684e+01
[Iter 7870] Residual: 6.230066e+01
[Iter 7880] Residual: 6.222458e+01
[Iter 7890] Residual: 6.214859e+01
[Iter 7900] Residual: 6.207269e+01
[Iter 7910] Residual: 6.199688e+01
[Iter 7920] Residual: 6.192117e+01
[Iter 7930] Residual: 6.184555e+01
[Iter 7940] Residual: 6.177002e+01
[Iter 7950] Residual: 6.169459e+01
[Iter 7960] Residual: 6.161925e+01
[Iter 7970] Residual: 6.154400e+01
[Iter 7980] Residual: 6.146884e+01
[Iter 7990] Residual: 6.139377e+01
[Iter 8000] Residual: 6.131880e+01
[Iter 8010] Residual: 6.124392e+01
[Iter 8020] Residual: 6.116913e+01
[Iter 8030] Residual: 6.109443e+01
[Iter 8040] Residual: 6.101982e+01
[Iter 8050] Residual: 6.094531e+01
[Iter 8060] Residual: 6.087088e+01
[Iter 8070] Residual: 6.079655e+01
[Iter 8080] Residual: 6.072230e+01
[Iter 8090] Residual: 6.064815e+01
[Iter 8100] Residual: 6.057409e+01
[Iter 8110] Residual: 6.050012e+01
[Iter 8120] Residual: 6.042624e+01
[Iter 8130] Residual: 6.035245e+01
[Iter 8140] Residual: 6.027875e+01
[Iter 8150] Residual: 6.020514e+01
[Iter 8160] Residual: 6.013163e+01
[Iter 8170] Residual: 6.005820e+01
[Iter 8180] Residual: 5.998486e+01
[Iter 8190] Residual: 5.991161e+01
[Iter 8200] Residual: 5.983845e+01
[Iter 8210] Residual: 5.976538e+01
[Iter 8220] Residual: 5.969240e+01
[Iter 8230] Residual: 5.961951e+01
[Iter 8240] Residual: 5.954671e+01
[Iter 8250] Residual: 5.947400e+01
[Iter 8260] Residual: 5.940137e+01
[Iter 8270] Residual: 5.932884e+01
[Iter 8280] Residual: 5.925639e+01
[Iter 8290] Residual: 5.918403e+01
[Iter 8300] Residual: 5.911176e+01
[Iter 8310] Residual: 5.903958e+01
[Iter 8320] Residual: 5.896749e+01
[Iter 8330] Residual: 5.889549e+01
[Iter 8340] Residual: 5.882357e+01
[Iter 8350] Residual: 5.875175e+01
[Iter 8360] Residual: 5.868001e+01
[Iter 8370] Residual: 5.860835e+01
[Iter 8380] Residual: 5.853679e+01
[Iter 8390] Residual: 5.846531e+01
[Iter 8400] Residual: 5.839392e+01
[Iter 8410] Residual: 5.832262e+01
[Iter 8420] Residual: 5.825141e+01
[Iter 8430] Residual: 5.818028e+01
[Iter 8440] Residual: 5.810924e+01
[Iter 8450] Residual: 5.803828e+01
[Iter 8460] Residual: 5.796742e+01
[Iter 8470] Residual: 5.789664e+01
[Iter 8480] Residual: 5.782594e+01
[Iter 8490] Residual: 5.775533e+01
[Iter 8500] Residual: 5.768481e+01
[Iter 8510] Residual: 5.761438e+01
[Iter 8520] Residual: 5.754403e+01
[Iter 8530] Residual: 5.747377e+01
[Iter 8540] Residual: 5.740359e+01
[Iter 8550] Residual: 5.733350e+01
[Iter 8560] Residual: 5.726350e+01
[Iter 8570] Residual: 5.719358e+01
[Iter 8580] Residual: 5.712374e+01
[Iter 8590] Residual: 5.705399e+01
[Iter 8600] Residual: 5.698433e+01
[Iter 8610] Residual: 5.691475e+01
[Iter 8620] Residual: 5.684526e+01
[Iter 8630] Residual: 5.677585e+01
[Iter 8640] Residual: 5.670653e+01
[Iter 8650] Residual: 5.663729e+01
[Iter 8660] Residual: 5.656814e+01
[Iter 8670] Residual: 5.649907e+01
[Iter 8680] Residual: 5.643008e+01
[Iter 8690] Residual: 5.636118e+01
[Iter 8700] Residual: 5.629237e+01
[Iter 8710] Residual: 5.622364e+01
[Iter 8720] Residual: 5.615499e+01
[Iter 8730] Residual: 5.608643e+01
[Iter 8740] Residual: 5.601795e+01
[Iter 8750] Residual: 5.594955e+01
[Iter 8760] Residual: 5.588124e+01
[Iter 8770] Residual: 5.581301e+01
[Iter 8780] Residual: 5.574486e+01
[Iter 8790] Residual: 5.567680e+01
[Iter 8800] Residual: 5.560882e+01
[Iter 8810] Residual: 5.554092e+01
[Iter 8820] Residual: 5.547311e+01
[Iter 8830] Residual: 5.540538e+01
[Iter 8840] Residual: 5.533773e+01
[Iter 8850] Residual: 5.527017e+01
[Iter 8860] Residual: 5.520269e+01
[Iter 8870] Residual: 5.513529e+01
[Iter 8880] Residual: 5.506797e+01
[Iter 8890] Residual: 5.500074e+01
[Iter 8900] Residual: 5.493358e+01
[Iter 8910] Residual: 5.486651e+01
[Iter 8920] Residual: 5.479952e+01
[Iter 8930] Residual: 5.473262e+01
[Iter 8940] Residual: 5.466579e+01
[Iter 8950] Residual: 5.459905e+01
[Iter 8960] Residual: 5.453239e+01
[Iter 8970] Residual: 5.446581e+01
[Iter 8980] Residual: 5.439931e+01
[Iter 8990] Residual: 5.433289e+01
[Iter 9000] Residual: 5.426655e+01
[Iter 9010] Residual: 5.420030e+01
[Iter 9020] Residual: 5.413412e+01
[Iter 9030] Residual: 5.406803e+01
[Iter 9040] Residual: 5.400202e+01
[Iter 9050] Residual: 5.393609e+01
[Iter 9060] Residual: 5.387024e+01
[Iter 9070] Residual: 5.380446e+01
[Iter 9080] Residual: 5.373877e+01
[Iter 9090] Residual: 5.367316e+01
[Iter 9100] Residual: 5.360763e+01
[Iter 9110] Residual: 5.354218e+01
[Iter 9120] Residual: 5.347681e+01
[Iter 9130] Residual: 5.341152e+01
[Iter 9140] Residual: 5.334631e+01
[Iter 9150] Residual: 5.328118e+01
[Iter 9160] Residual: 5.321613e+01
[Iter 9170] Residual: 5.315116e+01
[Iter 9180] Residual: 5.308627e+01
[Iter 9190] Residual: 5.302146e+01
[Iter 9200] Residual: 5.295672e+01
[Iter 9210] Residual: 5.289207e+01
[Iter 9220] Residual: 5.282749e+01
[Iter 9230] Residual: 5.276300e+01
[Iter 9240] Residual: 5.269858e+01
[Iter 9250] Residual: 5.263424e+01
[Iter 9260] Residual: 5.256998e+01
[Iter 9270] Residual: 5.250580e+01
[Iter 9280] Residual: 5.244169e+01
[Iter 9290] Residual: 5.237767e+01
[Iter 9300] Residual: 5.231372e+01
[Iter 9310] Residual: 5.224985e+01
[Iter 9320] Residual: 5.218606e+01
[Iter 9330] Residual: 5.212235e+01
[Iter 9340] Residual: 5.205871e+01
[Iter 9350] Residual: 5.199516e+01
[Iter 9360] Residual: 5.193168e+01
[Iter 9370] Residual: 5.186827e+01
[Iter 9380] Residual: 5.180495e+01
[Iter 9390] Residual: 5.174170e+01
[Iter 9400] Residual: 5.167853e+01
[Iter 9410] Residual: 5.161544e+01
[Iter 9420] Residual: 5.155242e+01
[Iter 9430] Residual: 5.148948e+01
[Iter 9440] Residual: 5.142662e+01
[Iter 9450] Residual: 5.136384e+01
[Iter 9460] Residual: 5.130113e+01
[Iter 9470] Residual: 5.123850e+01
[Iter 9480] Residual: 5.117594e+01
[Iter 9490] Residual: 5.111346e+01
[Iter 9500] Residual: 5.105106e+01
[Iter 9510] Residual: 5.098874e+01
[Iter 9520] Residual: 5.092649e+01
[Iter 9530] Residual: 5.086431e+01
[Iter 9540] Residual: 5.080221e+01
[Iter 9550] Residual: 5.074019e+01
[Iter 9560] Residual: 5.067824e+01
[Iter 9570] Residual: 5.061637e+01
[Iter 9580] Residual: 5.055458e+01
[Iter 9590] Residual: 5.049286e+01
[Iter 9600] Residual: 5.043121e+01
[Iter 9610] Residual: 5.036965e+01
[Iter 9620] Residual: 5.030815e+01
[Iter 9630] Residual: 5.024673e+01
[Iter 9640] Residual: 5.018539e+01
[Iter 9650] Residual: 5.012412e+01
[Iter 9660] Residual: 5.006293e+01
[Iter 9670] Residual: 5.000181e+01
[Iter 9680] Residual: 4.994076e+01
[Iter 9690] Residual: 4.987979e+01
[Iter 9700] Residual: 4.981890e+01
[Iter 9710] Residual: 4.975808e+01
[Iter 9720] Residual: 4.969733e+01
[Iter 9730] Residual: 4.963666e+01
[Iter 9740] Residual: 4.957606e+01
[Iter 9750] Residual: 4.951554e+01
[Iter 9760] Residual: 4.945509e+01
[Iter 9770] Residual: 4.939471e+01
[Iter 9780] Residual: 4.933441e+01
[Iter 9790] Residual: 4.927418e+01
[Iter 9800] Residual: 4.921402e+01
[Iter 9810] Residual: 4.915394e+01
[Iter 9820] Residual: 4.909393e+01
[Iter 9830] Residual: 4.903399e+01
[Iter 9840] Residual: 4.897413e+01
[Iter 9850] Residual: 4.891434e+01
[Iter 9860] Residual: 4.885463e+01
[Iter 9870] Residual: 4.879498e+01
[Iter 9880] Residual: 4.873541e+01
[Iter 9890] Residual: 4.867592e+01
[Iter 9900] Residual: 4.861649e+01
[Iter 9910] Residual: 4.855714e+01
[Iter 9920] Residual: 4.849786e+01
[Iter 9930] Residual: 4.843865e+01
[Iter 9940] Residual: 4.837952e+01
[Iter 9950] Residual: 4.832045e+01
[Iter 9960] Residual: 4.826146e+01
[Iter 9970] Residual: 4.820254e+01
[Iter 9980] Residual: 4.814370e+01
[Iter 9990] Residual: 4.808492e+01
[Iter 10000] Residual: 4.802622e+01
[Completed] Time: 0.195516 s
[Completed] Residual: 4.802622e+01
[Completed] #Iteration: 10000
[c26-16:123372] 3 more processes have sent help message help-mpi-btl-openib.txt / ib port not selected
[c26-16:123372] Set MCA parameter "orte_base_help_aggregate" to 0 to see all help / error messages
[c26-16:123372] 3 more processes have sent help message help-mpi-btl-openib.txt / error in device init
