--------------------------------------------------------------------------
By default, for Open MPI 4.0 and later, infiniband ports on a device
are not used by default.  The intent is to use UCX for these devices.
You can override this policy by setting the btl_openib_allow_ib MCA parameter
to true.

  Local host:              c07-01
  Local adapter:           mlx5_0
  Local port:              1

--------------------------------------------------------------------------
--------------------------------------------------------------------------
WARNING: There was an error initializing an OpenFabrics device.

  Local host:   c07-01
  Local device: mlx5_0
--------------------------------------------------------------------------
[Iter 0] Residual: 800
[Iter 10] Residual: 7.899970e+02
[Iter 20] Residual: 7.880263e+02
[Iter 30] Residual: 7.865257e+02
[Iter 40] Residual: 7.852279e+02
[Iter 50] Residual: 7.840911e+02
[Iter 60] Residual: 7.828273e+02
[Iter 70] Residual: 7.820270e+02
[Iter 80] Residual: 7.810177e+02
[Iter 90] Residual: 7.802019e+02
[Iter 100] Residual: 7.794727e+02
[Iter 110] Residual: 7.787472e+02
[Iter 120] Residual: 7.777604e+02
[Iter 130] Residual: 7.771079e+02
[Iter 140] Residual: 7.762693e+02
[Iter 150] Residual: 7.757563e+02
[Iter 160] Residual: 7.752069e+02
[Iter 170] Residual: 7.743407e+02
[Iter 180] Residual: 7.740268e+02
[Iter 190] Residual: 7.731135e+02
[Iter 200] Residual: 7.726871e+02
[Iter 210] Residual: 7.719322e+02
[Iter 220] Residual: 7.712543e+02
[Iter 230] Residual: 7.708500e+02
[Iter 240] Residual: 7.702391e+02
[Iter 250] Residual: 7.700315e+02
[Iter 260] Residual: 7.693322e+02
[Iter 270] Residual: 7.688910e+02
[Iter 280] Residual: 7.683068e+02
[Iter 290] Residual: 7.676471e+02
[Iter 300] Residual: 7.673334e+02
[Iter 310] Residual: 7.668224e+02
[Iter 320] Residual: 7.664694e+02
[Iter 330] Residual: 7.662279e+02
[Iter 340] Residual: 7.658273e+02
[Iter 350] Residual: 7.654471e+02
[Iter 360] Residual: 7.649403e+02
[Iter 370] Residual: 7.646469e+02
[Iter 380] Residual: 7.638522e+02
[Iter 390] Residual: 7.633707e+02
[Iter 400] Residual: 7.630525e+02
[Iter 410] Residual: 7.625091e+02
[Iter 420] Residual: 7.624177e+02
[Iter 430] Residual: 7.618431e+02
[Iter 440] Residual: 7.615512e+02
[Iter 450] Residual: 7.612220e+02
[Iter 460] Residual: 7.606440e+02
[Iter 470] Residual: 7.603715e+02
[Iter 480] Residual: 7.598831e+02
[Iter 490] Residual: 7.598307e+02
[Iter 500] Residual: 7.591293e+02
[Iter 510] Residual: 7.589873e+02
[Iter 520] Residual: 7.587246e+02
[Iter 530] Residual: 7.580423e+02
[Iter 540] Residual: 7.578843e+02
[Iter 550] Residual: 7.576498e+02
[Iter 560] Residual: 7.574011e+02
[Iter 570] Residual: 7.569746e+02
[Iter 580] Residual: 7.567011e+02
[Iter 590] Residual: 7.561472e+02
[Iter 600] Residual: 7.558382e+02
[Iter 610] Residual: 7.554556e+02
[Iter 620] Residual: 7.551735e+02
[Iter 630] Residual: 7.550509e+02
[Iter 640] Residual: 7.547841e+02
[Iter 650] Residual: 7.544791e+02
[Iter 660] Residual: 7.540689e+02
[Iter 670] Residual: 7.536399e+02
[Iter 680] Residual: 7.533632e+02
[Iter 690] Residual: 7.534732e+02
[Iter 700] Residual: 7.528543e+02
[Iter 710] Residual: 7.526318e+02
[Iter 720] Residual: 7.522340e+02
[Iter 730] Residual: 7.519103e+02
[Iter 740] Residual: 7.516550e+02
[Iter 750] Residual: 7.515609e+02
[Iter 760] Residual: 7.510213e+02
[Iter 770] Residual: 7.508323e+02
[Iter 780] Residual: 7.503866e+02
[Iter 790] Residual: 7.504102e+02
[Iter 800] Residual: 7.497795e+02
[Iter 810] Residual: 7.495368e+02
[Iter 820] Residual: 7.493789e+02
[Iter 830] Residual: 7.491008e+02
[Iter 840] Residual: 7.487643e+02
[Iter 850] Residual: 7.487006e+02
[Iter 860] Residual: 7.483279e+02
[Iter 870] Residual: 7.479574e+02
[Iter 880] Residual: 7.476368e+02
[Iter 890] Residual: 7.474067e+02
[Iter 900] Residual: 7.470783e+02
[Iter 910] Residual: 7.469134e+02
[Iter 920] Residual: 7.467991e+02
[Iter 930] Residual: 7.463374e+02
[Iter 940] Residual: 7.460385e+02
[Iter 950] Residual: 7.455672e+02
[Iter 960] Residual: 7.456694e+02
[Iter 970] Residual: 7.453014e+02
[Iter 980] Residual: 7.450707e+02
[Iter 990] Residual: 7.447413e+02
[Iter 1000] Residual: 7.444506e+02
[Iter 1010] Residual: 7.444484e+02
[Iter 1020] Residual: 7.440849e+02
[Iter 1030] Residual: 7.437985e+02
[Iter 1040] Residual: 7.433994e+02
[Iter 1050] Residual: 7.431293e+02
[Iter 1060] Residual: 7.430453e+02
[Iter 1070] Residual: 7.430772e+02
[Iter 1080] Residual: 7.425340e+02
[Iter 1090] Residual: 7.425656e+02
[Iter 1100] Residual: 7.421237e+02
[Iter 1110] Residual: 7.418607e+02
[Iter 1120] Residual: 7.415336e+02
[Iter 1130] Residual: 7.411050e+02
[Iter 1140] Residual: 7.412329e+02
[Iter 1150] Residual: 7.408744e+02
[Iter 1160] Residual: 7.406120e+02
[Iter 1170] Residual: 7.405933e+02
[Iter 1180] Residual: 7.401960e+02
[Iter 1190] Residual: 7.403024e+02
[Iter 1200] Residual: 7.396688e+02
[Iter 1210] Residual: 7.392873e+02
[Iter 1220] Residual: 7.391729e+02
[Iter 1230] Residual: 7.390464e+02
[Iter 1240] Residual: 7.387037e+02
[Iter 1250] Residual: 7.386939e+02
[Iter 1260] Residual: 7.384037e+02
[Iter 1270] Residual: 7.382433e+02
[Iter 1280] Residual: 7.377176e+02
[Iter 1290] Residual: 7.378842e+02
[Iter 1300] Residual: 7.377132e+02
[Iter 1310] Residual: 7.372528e+02
[Iter 1320] Residual: 7.371992e+02
[Iter 1330] Residual: 7.363749e+02
[Iter 1340] Residual: 7.365964e+02
[Iter 1350] Residual: 7.362123e+02
[Iter 1360] Residual: 7.361107e+02
[Iter 1370] Residual: 7.359453e+02
[Iter 1380] Residual: 7.358688e+02
[Iter 1390] Residual: 7.354861e+02
[Iter 1400] Residual: 7.352826e+02
[Iter 1410] Residual: 7.348817e+02
[Iter 1420] Residual: 7.346737e+02
[Iter 1430] Residual: 7.348837e+02
[Iter 1440] Residual: 7.344910e+02
[Iter 1450] Residual: 7.341086e+02
[Iter 1460] Residual: 7.342896e+02
[Iter 1470] Residual: 7.337921e+02
[Iter 1480] Residual: 7.332998e+02
[Iter 1490] Residual: 7.333611e+02
[Iter 1500] Residual: 7.334595e+02
[Iter 1510] Residual: 7.331017e+02
[Iter 1520] Residual: 7.326582e+02
[Iter 1530] Residual: 7.327088e+02
[Iter 1540] Residual: 7.324733e+02
[Iter 1550] Residual: 7.319970e+02
[Iter 1560] Residual: 7.320682e+02
[Iter 1570] Residual: 7.316459e+02
[Iter 1580] Residual: 7.315446e+02
[Iter 1590] Residual: 7.315985e+02
[Iter 1600] Residual: 7.314852e+02
[Iter 1610] Residual: 7.308234e+02
[Iter 1620] Residual: 7.308001e+02
[Iter 1630] Residual: 7.305832e+02
[Iter 1640] Residual: 7.303346e+02
[Iter 1650] Residual: 7.303239e+02
[Iter 1660] Residual: 7.300081e+02
[Iter 1670] Residual: 7.298995e+02
[Iter 1680] Residual: 7.297725e+02
[Iter 1690] Residual: 7.294240e+02
[Iter 1700] Residual: 7.293505e+02
[Iter 1710] Residual: 7.293109e+02
[Iter 1720] Residual: 7.289478e+02
[Iter 1730] Residual: 7.284668e+02
[Iter 1740] Residual: 7.284959e+02
[Iter 1750] Residual: 7.281511e+02
[Iter 1760] Residual: 7.279942e+02
[Iter 1770] Residual: 7.280613e+02
[Iter 1780] Residual: 7.277174e+02
[Iter 1790] Residual: 7.274439e+02
[Iter 1800] Residual: 7.274096e+02
[Iter 1810] Residual: 7.271537e+02
[Iter 1820] Residual: 7.269314e+02
[Iter 1830] Residual: 7.268829e+02
[Iter 1840] Residual: 7.267645e+02
[Iter 1850] Residual: 7.262879e+02
[Iter 1860] Residual: 7.265478e+02
[Iter 1870] Residual: 7.259866e+02
[Iter 1880] Residual: 7.258196e+02
[Iter 1890] Residual: 7.257370e+02
[Iter 1900] Residual: 7.253827e+02
[Iter 1910] Residual: 7.251995e+02
[Iter 1920] Residual: 7.252751e+02
[Iter 1930] Residual: 7.249388e+02
[Iter 1940] Residual: 7.245545e+02
[Iter 1950] Residual: 7.246786e+02
[Iter 1960] Residual: 7.242778e+02
[Iter 1970] Residual: 7.243189e+02
[Iter 1980] Residual: 7.242238e+02
[Iter 1990] Residual: 7.237730e+02
[Iter 2000] Residual: 7.235744e+02
[Iter 2010] Residual: 7.236212e+02
[Iter 2020] Residual: 7.234113e+02
[Iter 2030] Residual: 7.230468e+02
[Iter 2040] Residual: 7.229687e+02
[Iter 2050] Residual: 7.226889e+02
[Iter 2060] Residual: 7.228588e+02
[Iter 2070] Residual: 7.226137e+02
[Iter 2080] Residual: 7.221145e+02
[Iter 2090] Residual: 7.217987e+02
[Iter 2100] Residual: 7.215222e+02
[Iter 2110] Residual: 7.217093e+02
[Iter 2120] Residual: 7.215882e+02
[Iter 2130] Residual: 7.213681e+02
[Iter 2140] Residual: 7.210363e+02
[Iter 2150] Residual: 7.211410e+02
[Iter 2160] Residual: 7.209313e+02
[Iter 2170] Residual: 7.206943e+02
[Iter 2180] Residual: 7.203162e+02
[Iter 2190] Residual: 7.205213e+02
[Iter 2200] Residual: 7.201498e+02
[Iter 2210] Residual: 7.198905e+02
[Iter 2220] Residual: 7.200115e+02
[Iter 2230] Residual: 7.195002e+02
[Iter 2240] Residual: 7.197453e+02
[Iter 2250] Residual: 7.194530e+02
[Iter 2260] Residual: 7.192546e+02
[Iter 2270] Residual: 7.189821e+02
[Iter 2280] Residual: 7.190040e+02
[Iter 2290] Residual: 7.188568e+02
[Iter 2300] Residual: 7.182435e+02
[Iter 2310] Residual: 7.181811e+02
[Iter 2320] Residual: 7.182028e+02
[Iter 2330] Residual: 7.181412e+02
[Iter 2340] Residual: 7.180598e+02
[Iter 2350] Residual: 7.178827e+02
[Iter 2360] Residual: 7.173682e+02
[Iter 2370] Residual: 7.174000e+02
[Iter 2380] Residual: 7.171119e+02
[Iter 2390] Residual: 7.167917e+02
[Iter 2400] Residual: 7.167136e+02
[Iter 2410] Residual: 7.165189e+02
[Iter 2420] Residual: 7.163772e+02
[Iter 2430] Residual: 7.163515e+02
[Iter 2440] Residual: 7.161899e+02
[Iter 2450] Residual: 7.158612e+02
[Iter 2460] Residual: 7.161074e+02
[Iter 2470] Residual: 7.158429e+02
[Iter 2480] Residual: 7.155584e+02
[Iter 2490] Residual: 7.154077e+02
[Iter 2500] Residual: 7.152797e+02
[Iter 2510] Residual: 7.149013e+02
[Iter 2520] Residual: 7.147942e+02
[Iter 2530] Residual: 7.145836e+02
[Iter 2540] Residual: 7.147485e+02
[Iter 2550] Residual: 7.144339e+02
[Iter 2560] Residual: 7.143078e+02
[Iter 2570] Residual: 7.142551e+02
[Iter 2580] Residual: 7.140666e+02
[Iter 2590] Residual: 7.138887e+02
[Iter 2600] Residual: 7.135448e+02
[Iter 2610] Residual: 7.133577e+02
[Iter 2620] Residual: 7.133895e+02
[Iter 2630] Residual: 7.131081e+02
[Iter 2640] Residual: 7.131307e+02
[Iter 2650] Residual: 7.128506e+02
[Iter 2660] Residual: 7.129041e+02
[Iter 2670] Residual: 7.125098e+02
[Iter 2680] Residual: 7.123655e+02
[Iter 2690] Residual: 7.121279e+02
[Iter 2700] Residual: 7.122067e+02
[Iter 2710] Residual: 7.119999e+02
[Iter 2720] Residual: 7.115022e+02
[Iter 2730] Residual: 7.116640e+02
[Iter 2740] Residual: 7.117220e+02
[Iter 2750] Residual: 7.113903e+02
[Iter 2760] Residual: 7.112392e+02
[Iter 2770] Residual: 7.110856e+02
[Iter 2780] Residual: 7.112498e+02
[Iter 2790] Residual: 7.109941e+02
[Iter 2800] Residual: 7.105513e+02
[Iter 2810] Residual: 7.105889e+02
[Iter 2820] Residual: 7.102291e+02
[Iter 2830] Residual: 7.101982e+02
[Iter 2840] Residual: 7.101915e+02
[Iter 2850] Residual: 7.098629e+02
[Iter 2860] Residual: 7.096091e+02
[Iter 2870] Residual: 7.092647e+02
[Iter 2880] Residual: 7.094923e+02
[Iter 2890] Residual: 7.094395e+02
[Iter 2900] Residual: 7.094276e+02
[Iter 2910] Residual: 7.086483e+02
[Iter 2920] Residual: 7.086901e+02
[Iter 2930] Residual: 7.087224e+02
[Iter 2940] Residual: 7.086503e+02
[Iter 2950] Residual: 7.082709e+02
[Iter 2960] Residual: 7.081018e+02
[Iter 2970] Residual: 7.079552e+02
[Iter 2980] Residual: 7.078397e+02
[Iter 2990] Residual: 7.076109e+02
[Iter 3000] Residual: 7.077057e+02
[Iter 3010] Residual: 7.076660e+02
[Iter 3020] Residual: 7.074694e+02
[Iter 3030] Residual: 7.071886e+02
[Iter 3040] Residual: 7.072782e+02
[Iter 3050] Residual: 7.068240e+02
[Iter 3060] Residual: 7.069438e+02
[Iter 3070] Residual: 7.064007e+02
[Iter 3080] Residual: 7.063617e+02
[Iter 3090] Residual: 7.065645e+02
[Iter 3100] Residual: 7.060754e+02
[Iter 3110] Residual: 7.059104e+02
[Iter 3120] Residual: 7.062122e+02
[Iter 3130] Residual: 7.059424e+02
[Iter 3140] Residual: 7.056867e+02
[Iter 3150] Residual: 7.054469e+02
[Iter 3160] Residual: 7.052516e+02
[Iter 3170] Residual: 7.050806e+02
[Iter 3180] Residual: 7.047812e+02
[Iter 3190] Residual: 7.049598e+02
[Iter 3200] Residual: 7.045814e+02
[Iter 3210] Residual: 7.045228e+02
[Iter 3220] Residual: 7.043766e+02
[Iter 3230] Residual: 7.044475e+02
[Iter 3240] Residual: 7.043666e+02
[Iter 3250] Residual: 7.038738e+02
[Iter 3260] Residual: 7.038941e+02
[Iter 3270] Residual: 7.038080e+02
[Iter 3280] Residual: 7.037807e+02
[Iter 3290] Residual: 7.036928e+02
[Iter 3300] Residual: 7.032083e+02
[Iter 3310] Residual: 7.030988e+02
[Iter 3320] Residual: 7.030092e+02
[Iter 3330] Residual: 7.028235e+02
[Iter 3340] Residual: 7.027089e+02
[Iter 3350] Residual: 7.026777e+02
[Iter 3360] Residual: 7.026700e+02
[Iter 3370] Residual: 7.025620e+02
[Iter 3380] Residual: 7.021065e+02
[Iter 3390] Residual: 7.021038e+02
[Iter 3400] Residual: 7.019649e+02
[Iter 3410] Residual: 7.019630e+02
[Iter 3420] Residual: 7.013976e+02
[Iter 3430] Residual: 7.013969e+02
[Iter 3440] Residual: 7.014190e+02
[Iter 3450] Residual: 7.011524e+02
[Iter 3460] Residual: 7.010938e+02
[Iter 3470] Residual: 7.009344e+02
[Iter 3480] Residual: 7.012825e+02
[Iter 3490] Residual: 7.008791e+02
[Iter 3500] Residual: 7.006376e+02
[Iter 3510] Residual: 7.003966e+02
[Iter 3520] Residual: 7.003937e+02
[Iter 3530] Residual: 7.004475e+02
[Iter 3540] Residual: 7.001297e+02
[Iter 3550] Residual: 6.998369e+02
[Iter 3560] Residual: 6.994372e+02
[Iter 3570] Residual: 6.998896e+02
[Iter 3580] Residual: 6.994868e+02
[Iter 3590] Residual: 6.996476e+02
[Iter 3600] Residual: 6.991400e+02
[Iter 3610] Residual: 6.990081e+02
[Iter 3620] Residual: 6.990635e+02
[Iter 3630] Residual: 6.987462e+02
[Iter 3640] Residual: 6.988801e+02
[Iter 3650] Residual: 6.988547e+02
[Iter 3660] Residual: 6.986984e+02
[Iter 3670] Residual: 6.985363e+02
[Iter 3680] Residual: 6.981139e+02
[Iter 3690] Residual: 6.980104e+02
[Iter 3700] Residual: 6.979860e+02
[Iter 3710] Residual: 6.979373e+02
[Iter 3720] Residual: 6.977767e+02
[Iter 3730] Residual: 6.975946e+02
[Iter 3740] Residual: 6.974919e+02
[Iter 3750] Residual: 6.974661e+02
[Iter 3760] Residual: 6.972575e+02
[Iter 3770] Residual: 6.969940e+02
[Iter 3780] Residual: 6.969712e+02
[Iter 3790] Residual: 6.965768e+02
[Iter 3800] Residual: 6.966871e+02
[Iter 3810] Residual: 6.964767e+02
[Iter 3820] Residual: 6.962437e+02
[Iter 3830] Residual: 6.964342e+02
[Iter 3840] Residual: 6.962267e+02
[Iter 3850] Residual: 6.960724e+02
[Iter 3860] Residual: 6.959696e+02
[Iter 3870] Residual: 6.957091e+02
[Iter 3880] Residual: 6.958210e+02
[Iter 3890] Residual: 6.959089e+02
[Iter 3900] Residual: 6.954588e+02
[Iter 3910] Residual: 6.949576e+02
[Iter 3920] Residual: 6.952051e+02
[Iter 3930] Residual: 6.948093e+02
[Iter 3940] Residual: 6.950056e+02
[Iter 3950] Residual: 6.947704e+02
[Iter 3960] Residual: 6.946447e+02
[Iter 3970] Residual: 6.944652e+02
[Iter 3980] Residual: 6.947678e+02
[Iter 3990] Residual: 6.941058e+02
[Iter 4000] Residual: 6.941139e+02
[Iter 4010] Residual: 6.940147e+02
[Iter 4020] Residual: 6.938634e+02
[Iter 4030] Residual: 6.937906e+02
[Iter 4040] Residual: 6.937466e+02
[Iter 4050] Residual: 6.935684e+02
[Iter 4060] Residual: 6.932818e+02
[Iter 4070] Residual: 6.931849e+02
[Iter 4080] Residual: 6.931129e+02
[Iter 4090] Residual: 6.930155e+02
[Iter 4100] Residual: 6.928643e+02
[Iter 4110] Residual: 6.931169e+02
[Iter 4120] Residual: 6.926442e+02
[Iter 4130] Residual: 6.924650e+02
[Iter 4140] Residual: 6.921009e+02
[Iter 4150] Residual: 6.924349e+02
[Iter 4160] Residual: 6.919623e+02
[Iter 4170] Residual: 6.921872e+02
[Iter 4180] Residual: 6.921989e+02
[Iter 4190] Residual: 6.915122e+02
[Iter 4200] Residual: 6.918739e+02
[Iter 4210] Residual: 6.913214e+02
[Iter 4220] Residual: 6.915207e+02
[Iter 4230] Residual: 6.910487e+02
[Iter 4240] Residual: 6.913034e+02
[Iter 4250] Residual: 6.910736e+02
[Iter 4260] Residual: 6.909270e+02
[Iter 4270] Residual: 6.905631e+02
[Iter 4280] Residual: 6.908162e+02
[Iter 4290] Residual: 6.905899e+02
[Iter 4300] Residual: 6.907074e+02
[Iter 4310] Residual: 6.903987e+02
[Iter 4320] Residual: 6.903317e+02
[Iter 4330] Residual: 6.901025e+02
[Iter 4340] Residual: 6.899297e+02
[Iter 4350] Residual: 6.900510e+02
[Iter 4360] Residual: 6.897157e+02
[Iter 4370] Residual: 6.896200e+02
[Iter 4380] Residual: 6.895285e+02
[Iter 4390] Residual: 6.892487e+02
[Iter 4400] Residual: 6.890188e+02
[Iter 4410] Residual: 6.892227e+02
[Iter 4420] Residual: 6.890493e+02
[Iter 4430] Residual: 6.888213e+02
[Iter 4440] Residual: 6.885982e+02
[Iter 4450] Residual: 6.889608e+02
[Iter 4460] Residual: 6.884397e+02
[Iter 4470] Residual: 6.887226e+02
[Iter 4480] Residual: 6.883877e+02
[Iter 4490] Residual: 6.882988e+02
[Iter 4500] Residual: 6.879353e+02
[Iter 4510] Residual: 6.880078e+02
[Iter 4520] Residual: 6.880778e+02
[Iter 4530] Residual: 6.875297e+02
[Iter 4540] Residual: 6.877336e+02
[Iter 4550] Residual: 6.875877e+02
[Iter 4560] Residual: 6.871759e+02
[Iter 4570] Residual: 6.868944e+02
[Iter 4580] Residual: 6.867768e+02
[Iter 4590] Residual: 6.869007e+02
[Iter 4600] Residual: 6.866273e+02
[Iter 4610] Residual: 6.867248e+02
[Iter 4620] Residual: 6.867948e+02
[Iter 4630] Residual: 6.862461e+02
[Iter 4640] Residual: 6.860733e+02
[Iter 4650] Residual: 6.861189e+02
[Iter 4660] Residual: 6.864917e+02
[Iter 4670] Residual: 6.858045e+02
[Iter 4680] Residual: 6.859883e+02
[Iter 4690] Residual: 6.858468e+02
[Iter 4700] Residual: 6.858354e+02
[Iter 4710] Residual: 6.855062e+02
[Iter 4720] Residual: 6.854163e+02
[Iter 4730] Residual: 6.851413e+02
[Iter 4740] Residual: 6.851063e+02
[Iter 4750] Residual: 6.852313e+02
[Iter 4760] Residual: 6.850886e+02
[Iter 4770] Residual: 6.848410e+02
[Iter 4780] Residual: 6.849421e+02
[Iter 4790] Residual: 6.847469e+02
[Iter 4800] Residual: 6.844713e+02
[Iter 4810] Residual: 6.842205e+02
[Iter 4820] Residual: 6.844578e+02
[Iter 4830] Residual: 6.842362e+02
[Iter 4840] Residual: 6.840627e+02
[Iter 4850] Residual: 6.841965e+02
[Iter 4860] Residual: 6.838627e+02
[Iter 4870] Residual: 6.837254e+02
[Iter 4880] Residual: 6.835521e+02
[Iter 4890] Residual: 6.835482e+02
[Iter 4900] Residual: 6.833863e+02
[Iter 4910] Residual: 6.831358e+02
[Iter 4920] Residual: 6.829899e+02
[Iter 4930] Residual: 6.830679e+02
[Iter 4940] Residual: 6.827730e+02
[Iter 4950] Residual: 6.827350e+02
[Iter 4960] Residual: 6.829521e+02
[Iter 4970] Residual: 6.824265e+02
[Iter 4980] Residual: 6.825328e+02
[Iter 4990] Residual: 6.824233e+02
[Iter 5000] Residual: 6.820146e+02
[Iter 5010] Residual: 6.821690e+02
[Iter 5020] Residual: 6.822738e+02
[Iter 5030] Residual: 6.819441e+02
[Iter 5040] Residual: 6.818582e+02
[Iter 5050] Residual: 6.816653e+02
[Iter 5060] Residual: 6.817177e+02
[Iter 5070] Residual: 6.814992e+02
[Iter 5080] Residual: 6.814652e+02
[Iter 5090] Residual: 6.814684e+02
[Iter 5100] Residual: 6.814374e+02
[Iter 5110] Residual: 6.808601e+02
[Iter 5120] Residual: 6.809963e+02
[Iter 5130] Residual: 6.809103e+02
[Iter 5140] Residual: 6.806947e+02
[Iter 5150] Residual: 6.806644e+02
[Iter 5160] Residual: 6.805324e+02
[Iter 5170] Residual: 6.801642e+02
[Iter 5180] Residual: 6.801956e+02
[Iter 5190] Residual: 6.803900e+02
[Iter 5200] Residual: 6.803254e+02
[Iter 5210] Residual: 6.800561e+02
[Iter 5220] Residual: 6.799480e+02
[Iter 5230] Residual: 6.798919e+02
[Iter 5240] Residual: 6.798124e+02
[Iter 5250] Residual: 6.794787e+02
[Iter 5260] Residual: 6.792884e+02
[Iter 5270] Residual: 6.793677e+02
[Iter 5280] Residual: 6.793976e+02
[Iter 5290] Residual: 6.790160e+02
[Iter 5300] Residual: 6.789391e+02
[Iter 5310] Residual: 6.787445e+02
[Iter 5320] Residual: 6.789323e+02
[Iter 5330] Residual: 6.785039e+02
[Iter 5340] Residual: 6.785818e+02
[Iter 5350] Residual: 6.784180e+02
[Iter 5360] Residual: 6.782565e+02
[Iter 5370] Residual: 6.784445e+02
[Iter 5380] Residual: 6.781494e+02
[Iter 5390] Residual: 6.780100e+02
[Iter 5400] Residual: 6.778229e+02
[Iter 5410] Residual: 6.779336e+02
[Iter 5420] Residual: 6.776845e+02
[Iter 5430] Residual: 6.777420e+02
[Iter 5440] Residual: 6.776173e+02
[Iter 5450] Residual: 6.773433e+02
[Iter 5460] Residual: 6.773947e+02
[Iter 5470] Residual: 6.772813e+02
[Iter 5480] Residual: 6.768583e+02
[Iter 5490] Residual: 6.768063e+02
[Iter 5500] Residual: 6.767515e+02
[Iter 5510] Residual: 6.766585e+02
[Iter 5520] Residual: 6.766513e+02
[Iter 5530] Residual: 6.763715e+02
[Iter 5540] Residual: 6.762434e+02
[Iter 5550] Residual: 6.761918e+02
[Iter 5560] Residual: 6.762700e+02
[Iter 5570] Residual: 6.763322e+02
[Iter 5580] Residual: 6.755660e+02
[Iter 5590] Residual: 6.759213e+02
[Iter 5600] Residual: 6.756513e+02
[Iter 5610] Residual: 6.753242e+02
[Iter 5620] Residual: 6.755463e+02
[Iter 5630] Residual: 6.752214e+02
[Iter 5640] Residual: 6.750079e+02
[Iter 5650] Residual: 6.749389e+02
[Iter 5660] Residual: 6.745638e+02
[Iter 5670] Residual: 6.748647e+02
[Iter 5680] Residual: 6.749992e+02
[Iter 5690] Residual: 6.749294e+02
[Iter 5700] Residual: 6.746276e+02
[Iter 5710] Residual: 6.744758e+02
[Iter 5720] Residual: 6.746344e+02
[Iter 5730] Residual: 6.743649e+02
[Iter 5740] Residual: 6.737993e+02
[Iter 5750] Residual: 6.741645e+02
[Iter 5760] Residual: 6.740773e+02
[Iter 5770] Residual: 6.739235e+02
[Iter 5780] Residual: 6.739325e+02
[Iter 5790] Residual: 6.735761e+02
[Iter 5800] Residual: 6.735275e+02
[Iter 5810] Residual: 6.734747e+02
[Iter 5820] Residual: 6.734817e+02
[Iter 5830] Residual: 6.734883e+02
[Iter 5840] Residual: 6.733508e+02
[Iter 5850] Residual: 6.728952e+02
[Iter 5860] Residual: 6.730928e+02
[Iter 5870] Residual: 6.730713e+02
[Iter 5880] Residual: 6.729162e+02
[Iter 5890] Residual: 6.724802e+02
[Iter 5900] Residual: 6.726315e+02
[Iter 5910] Residual: 6.726277e+02
[Iter 5920] Residual: 6.724477e+02
[Iter 5930] Residual: 6.720356e+02
[Iter 5940] Residual: 6.723947e+02
[Iter 5950] Residual: 6.721931e+02
[Iter 5960] Residual: 6.718694e+02
[Iter 5970] Residual: 6.718151e+02
[Iter 5980] Residual: 6.717513e+02
[Iter 5990] Residual: 6.718396e+02
[Iter 6000] Residual: 6.717025e+02
[Iter 6010] Residual: 6.713782e+02
[Iter 6020] Residual: 6.712541e+02
[Iter 6030] Residual: 6.711848e+02
[Iter 6040] Residual: 6.712484e+02
[Iter 6050] Residual: 6.708758e+02
[Iter 6060] Residual: 6.709563e+02
[Iter 6070] Residual: 6.709873e+02
[Iter 6080] Residual: 6.708956e+02
[Iter 6090] Residual: 6.704836e+02
[Iter 6100] Residual: 6.705186e+02
[Iter 6110] Residual: 6.703944e+02
[Iter 6120] Residual: 6.701576e+02
[Iter 6130] Residual: 6.702113e+02
[Iter 6140] Residual: 6.700317e+02
[Iter 6150] Residual: 6.699648e+02
[Iter 6160] Residual: 6.699440e+02
[Iter 6170] Residual: 6.696742e+02
[Iter 6180] Residual: 6.696855e+02
[Iter 6190] Residual: 6.697483e+02
[Iter 6200] Residual: 6.696141e+02
[Iter 6210] Residual: 6.692729e+02
[Iter 6220] Residual: 6.692487e+02
[Iter 6230] Residual: 6.693453e+02
[Iter 6240] Residual: 6.689719e+02
[Iter 6250] Residual: 6.688915e+02
[Iter 6260] Residual: 6.687909e+02
[Iter 6270] Residual: 6.686696e+02
[Iter 6280] Residual: 6.687486e+02
[Iter 6290] Residual: 6.687452e+02
[Iter 6300] Residual: 6.684450e+02
[Iter 6310] Residual: 6.683774e+02
[Iter 6320] Residual: 6.683688e+02
[Iter 6330] Residual: 6.683439e+02
[Iter 6340] Residual: 6.681569e+02
[Iter 6350] Residual: 6.679225e+02
[Iter 6360] Residual: 6.678339e+02
[Iter 6370] Residual: 6.676423e+02
[Iter 6380] Residual: 6.676272e+02
[Iter 6390] Residual: 6.676398e+02
[Iter 6400] Residual: 6.676510e+02
[Iter 6410] Residual: 6.675475e+02
[Iter 6420] Residual: 6.674324e+02
[Iter 6430] Residual: 6.671335e+02
[Iter 6440] Residual: 6.671979e+02
[Iter 6450] Residual: 6.672961e+02
[Iter 6460] Residual: 6.668702e+02
[Iter 6470] Residual: 6.667366e+02
[Iter 6480] Residual: 6.665613e+02
[Iter 6490] Residual: 6.666737e+02
[Iter 6500] Residual: 6.664181e+02
[Iter 6510] Residual: 6.663956e+02
[Iter 6520] Residual: 6.663666e+02
[Iter 6530] Residual: 6.660900e+02
[Iter 6540] Residual: 6.660451e+02
[Iter 6550] Residual: 6.661074e+02
[Iter 6560] Residual: 6.661634e+02
[Iter 6570] Residual: 6.657523e+02
[Iter 6580] Residual: 6.658588e+02
[Iter 6590] Residual: 6.655002e+02
[Iter 6600] Residual: 6.655187e+02
[Iter 6610] Residual: 6.654209e+02
[Iter 6620] Residual: 6.654336e+02
[Iter 6630] Residual: 6.651168e+02
[Iter 6640] Residual: 6.652387e+02
[Iter 6650] Residual: 6.649743e+02
[Iter 6660] Residual: 6.651556e+02
[Iter 6670] Residual: 6.652049e+02
[Iter 6680] Residual: 6.648809e+02
[Iter 6690] Residual: 6.646386e+02
[Iter 6700] Residual: 6.643404e+02
[Iter 6710] Residual: 6.646939e+02
[Iter 6720] Residual: 6.642791e+02
[Iter 6730] Residual: 6.639957e+02
[Iter 6740] Residual: 6.643812e+02
[Iter 6750] Residual: 6.643334e+02
[Iter 6760] Residual: 6.639856e+02
[Iter 6770] Residual: 6.639459e+02
[Iter 6780] Residual: 6.642398e+02
[Iter 6790] Residual: 6.635958e+02
[Iter 6800] Residual: 6.636702e+02
[Iter 6810] Residual: 6.636280e+02
[Iter 6820] Residual: 6.633094e+02
[Iter 6830] Residual: 6.633253e+02
[Iter 6840] Residual: 6.630258e+02
[Iter 6850] Residual: 6.631982e+02
[Iter 6860] Residual: 6.633034e+02
[Iter 6870] Residual: 6.628547e+02
[Iter 6880] Residual: 6.630538e+02
[Iter 6890] Residual: 6.628242e+02
[Iter 6900] Residual: 6.626960e+02
[Iter 6910] Residual: 6.625934e+02
[Iter 6920] Residual: 6.624273e+02
[Iter 6930] Residual: 6.625554e+02
[Iter 6940] Residual: 6.623730e+02
[Iter 6950] Residual: 6.618462e+02
[Iter 6960] Residual: 6.623652e+02
[Iter 6970] Residual: 6.619497e+02
[Iter 6980] Residual: 6.618851e+02
[Iter 6990] Residual: 6.619937e+02
[Iter 7000] Residual: 6.615957e+02
[Iter 7010] Residual: 6.616315e+02
[Iter 7020] Residual: 6.610913e+02
[Iter 7030] Residual: 6.614933e+02
[Iter 7040] Residual: 6.612155e+02
[Iter 7050] Residual: 6.613430e+02
[Iter 7060] Residual: 6.611568e+02
[Iter 7070] Residual: 6.611215e+02
[Iter 7080] Residual: 6.608611e+02
[Iter 7090] Residual: 6.608008e+02
[Iter 7100] Residual: 6.608030e+02
[Iter 7110] Residual: 6.607390e+02
[Iter 7120] Residual: 6.606530e+02
[Iter 7130] Residual: 6.605206e+02
[Iter 7140] Residual: 6.604414e+02
[Iter 7150] Residual: 6.604263e+02
[Iter 7160] Residual: 6.602040e+02
[Iter 7170] Residual: 6.601220e+02
[Iter 7180] Residual: 6.599968e+02
[Iter 7190] Residual: 6.596347e+02
[Iter 7200] Residual: 6.599036e+02
[Iter 7210] Residual: 6.598620e+02
[Iter 7220] Residual: 6.597145e+02
[Iter 7230] Residual: 6.596904e+02
[Iter 7240] Residual: 6.595067e+02
[Iter 7250] Residual: 6.594143e+02
[Iter 7260] Residual: 6.591027e+02
[Iter 7270] Residual: 6.590944e+02
[Iter 7280] Residual: 6.589863e+02
[Iter 7290] Residual: 6.589134e+02
[Iter 7300] Residual: 6.588001e+02
[Iter 7310] Residual: 6.585764e+02
[Iter 7320] Residual: 6.589546e+02
[Iter 7330] Residual: 6.586896e+02
[Iter 7340] Residual: 6.586321e+02
[Iter 7350] Residual: 6.585607e+02
[Iter 7360] Residual: 6.583110e+02
[Iter 7370] Residual: 6.583040e+02
[Iter 7380] Residual: 6.584325e+02
[Iter 7390] Residual: 6.581880e+02
[Iter 7400] Residual: 6.582180e+02
[Iter 7410] Residual: 6.579327e+02
[Iter 7420] Residual: 6.579151e+02
[Iter 7430] Residual: 6.577641e+02
[Iter 7440] Residual: 6.573387e+02
[Iter 7450] Residual: 6.577294e+02
[Iter 7460] Residual: 6.575311e+02
[Iter 7470] Residual: 6.576226e+02
[Iter 7480] Residual: 6.573854e+02
[Iter 7490] Residual: 6.569544e+02
[Iter 7500] Residual: 6.569008e+02
[Iter 7510] Residual: 6.571181e+02
[Iter 7520] Residual: 6.569446e+02
[Iter 7530] Residual: 6.566855e+02
[Iter 7540] Residual: 6.567255e+02
[Iter 7550] Residual: 6.569103e+02
[Iter 7560] Residual: 6.567040e+02
[Iter 7570] Residual: 6.566940e+02
[Iter 7580] Residual: 6.564026e+02
[Iter 7590] Residual: 6.561617e+02
[Iter 7600] Residual: 6.561608e+02
[Iter 7610] Residual: 6.562335e+02
[Iter 7620] Residual: 6.558792e+02
[Iter 7630] Residual: 6.560546e+02
[Iter 7640] Residual: 6.557846e+02
[Iter 7650] Residual: 6.556243e+02
[Iter 7660] Residual: 6.555600e+02
[Iter 7670] Residual: 6.553560e+02
[Iter 7680] Residual: 6.556998e+02
[Iter 7690] Residual: 6.553211e+02
[Iter 7700] Residual: 6.552112e+02
[Iter 7710] Residual: 6.549733e+02
[Iter 7720] Residual: 6.550131e+02
[Iter 7730] Residual: 6.547197e+02
[Iter 7740] Residual: 6.549868e+02
[Iter 7750] Residual: 6.548001e+02
[Iter 7760] Residual: 6.547241e+02
[Iter 7770] Residual: 6.547856e+02
[Iter 7780] Residual: 6.546411e+02
[Iter 7790] Residual: 6.545686e+02
[Iter 7800] Residual: 6.544823e+02
[Iter 7810] Residual: 6.539811e+02
[Iter 7820] Residual: 6.541118e+02
[Iter 7830] Residual: 6.542703e+02
[Iter 7840] Residual: 6.538420e+02
[Iter 7850] Residual: 6.538674e+02
[Iter 7860] Residual: 6.540176e+02
[Iter 7870] Residual: 6.536851e+02
[Iter 7880] Residual: 6.536821e+02
[Iter 7890] Residual: 6.536766e+02
[Iter 7900] Residual: 6.533459e+02
[Iter 7910] Residual: 6.533376e+02
[Iter 7920] Residual: 6.533555e+02
[Iter 7930] Residual: 6.532665e+02
[Iter 7940] Residual: 6.529372e+02
[Iter 7950] Residual: 6.529314e+02
[Iter 7960] Residual: 6.531882e+02
[Iter 7970] Residual: 6.526831e+02
[Iter 7980] Residual: 6.527427e+02
[Iter 7990] Residual: 6.524526e+02
[Iter 8000] Residual: 6.524913e+02
[Iter 8010] Residual: 6.523898e+02
[Iter 8020] Residual: 6.524812e+02
[Iter 8030] Residual: 6.525103e+02
[Iter 8040] Residual: 6.520564e+02
[Iter 8050] Residual: 6.520864e+02
[Iter 8060] Residual: 6.519072e+02
[Iter 8070] Residual: 6.520236e+02
[Iter 8080] Residual: 6.517472e+02
[Iter 8090] Residual: 6.517338e+02
[Iter 8100] Residual: 6.514032e+02
[Iter 8110] Residual: 6.517816e+02
[Iter 8120] Residual: 6.513074e+02
[Iter 8130] Residual: 6.514979e+02
[Iter 8140] Residual: 6.514251e+02
[Iter 8150] Residual: 6.511877e+02
[Iter 8160] Residual: 6.513416e+02
[Iter 8170] Residual: 6.512757e+02
[Iter 8180] Residual: 6.510964e+02
[Iter 8190] Residual: 6.507034e+02
[Iter 8200] Residual: 6.508986e+02
[Iter 8210] Residual: 6.507962e+02
[Iter 8220] Residual: 6.507461e+02
[Iter 8230] Residual: 6.505449e+02
[Iter 8240] Residual: 6.504385e+02
[Iter 8250] Residual: 6.504468e+02
[Iter 8260] Residual: 6.502482e+02
[Iter 8270] Residual: 6.503605e+02
[Iter 8280] Residual: 6.501286e+02
[Iter 8290] Residual: 6.500984e+02
[Iter 8300] Residual: 6.498013e+02
[Iter 8310] Residual: 6.496564e+02
[Iter 8320] Residual: 6.499165e+02
[Iter 8330] Residual: 6.496309e+02
[Iter 8340] Residual: 6.496987e+02
[Iter 8350] Residual: 6.493925e+02
[Iter 8360] Residual: 6.495015e+02
[Iter 8370] Residual: 6.494915e+02
[Iter 8380] Residual: 6.492660e+02
[Iter 8390] Residual: 6.488872e+02
[Iter 8400] Residual: 6.492556e+02
[Iter 8410] Residual: 6.490613e+02
[Iter 8420] Residual: 6.490412e+02
[Iter 8430] Residual: 6.488426e+02
[Iter 8440] Residual: 6.489477e+02
[Iter 8450] Residual: 6.485790e+02
[Iter 8460] Residual: 6.485462e+02
[Iter 8470] Residual: 6.485963e+02
[Iter 8480] Residual: 6.481510e+02
[Iter 8490] Residual: 6.482005e+02
[Iter 8500] Residual: 6.481868e+02
[Iter 8510] Residual: 6.481582e+02
[Iter 8520] Residual: 6.481833e+02
[Iter 8530] Residual: 6.481310e+02
[Iter 8540] Residual: 6.477742e+02
[Iter 8550] Residual: 6.477640e+02
[Iter 8560] Residual: 6.476821e+02
[Iter 8570] Residual: 6.476243e+02
[Iter 8580] Residual: 6.476247e+02
[Iter 8590] Residual: 6.471165e+02
[Iter 8600] Residual: 6.473678e+02
[Iter 8610] Residual: 6.474734e+02
[Iter 8620] Residual: 6.471201e+02
[Iter 8630] Residual: 6.471499e+02
[Iter 8640] Residual: 6.468430e+02
[Iter 8650] Residual: 6.468990e+02
[Iter 8660] Residual: 6.468023e+02
[Iter 8670] Residual: 6.470498e+02
[Iter 8680] Residual: 6.465702e+02
[Iter 8690] Residual: 6.468208e+02
[Iter 8700] Residual: 6.465195e+02
[Iter 8710] Residual: 6.466759e+02
[Iter 8720] Residual: 6.463656e+02
[Iter 8730] Residual: 6.462998e+02
[Iter 8740] Residual: 6.463394e+02
[Iter 8750] Residual: 6.460874e+02
[Iter 8760] Residual: 6.462277e+02
[Iter 8770] Residual: 6.461754e+02
[Iter 8780] Residual: 6.458331e+02
[Iter 8790] Residual: 6.460196e+02
[Iter 8800] Residual: 6.459943e+02
[Iter 8810] Residual: 6.459283e+02
[Iter 8820] Residual: 6.455380e+02
[Iter 8830] Residual: 6.454150e+02
[Iter 8840] Residual: 6.452548e+02
[Iter 8850] Residual: 6.451744e+02
[Iter 8860] Residual: 6.450993e+02
[Iter 8870] Residual: 6.450974e+02
[Iter 8880] Residual: 6.446033e+02
[Iter 8890] Residual: 6.450220e+02
[Iter 8900] Residual: 6.450292e+02
[Iter 8910] Residual: 6.446685e+02
[Iter 8920] Residual: 6.446161e+02
[Iter 8930] Residual: 6.444404e+02
[Iter 8940] Residual: 6.444355e+02
[Iter 8950] Residual: 6.443399e+02
[Iter 8960] Residual: 6.442687e+02
[Iter 8970] Residual: 6.443745e+02
[Iter 8980] Residual: 6.440211e+02
[Iter 8990] Residual: 6.442219e+02
[Iter 9000] Residual: 6.440620e+02
[Iter 9010] Residual: 6.437341e+02
[Iter 9020] Residual: 6.438736e+02
[Iter 9030] Residual: 6.437421e+02
[Iter 9040] Residual: 6.438280e+02
[Iter 9050] Residual: 6.435602e+02
[Iter 9060] Residual: 6.436372e+02
[Iter 9070] Residual: 6.434255e+02
[Iter 9080] Residual: 6.432107e+02
[Iter 9090] Residual: 6.433304e+02
[Iter 9100] Residual: 6.433081e+02
[Iter 9110] Residual: 6.428939e+02
[Iter 9120] Residual: 6.428737e+02
[Iter 9130] Residual: 6.428697e+02
[Iter 9140] Residual: 6.429338e+02
[Iter 9150] Residual: 6.426819e+02
[Iter 9160] Residual: 6.424519e+02
[Iter 9170] Residual: 6.424503e+02
[Iter 9180] Residual: 6.426650e+02
[Iter 9190] Residual: 6.422783e+02
[Iter 9200] Residual: 6.424816e+02
[Iter 9210] Residual: 6.423805e+02
[Iter 9220] Residual: 6.422154e+02
[Iter 9230] Residual: 6.419796e+02
[Iter 9240] Residual: 6.420546e+02
[Iter 9250] Residual: 6.421366e+02
[Iter 9260] Residual: 6.418473e+02
[Iter 9270] Residual: 6.415576e+02
[Iter 9280] Residual: 6.418756e+02
[Iter 9290] Residual: 6.413055e+02
[Iter 9300] Residual: 6.414450e+02
[Iter 9310] Residual: 6.412059e+02
[Iter 9320] Residual: 6.410216e+02
[Iter 9330] Residual: 6.413156e+02
[Iter 9340] Residual: 6.412372e+02
[Iter 9350] Residual: 6.410922e+02
[Iter 9360] Residual: 6.409524e+02
[Iter 9370] Residual: 6.407995e+02
[Iter 9380] Residual: 6.407382e+02
[Iter 9390] Residual: 6.407812e+02
[Iter 9400] Residual: 6.406423e+02
[Iter 9410] Residual: 6.407755e+02
[Iter 9420] Residual: 6.407086e+02
[Iter 9430] Residual: 6.401737e+02
[Iter 9440] Residual: 6.404857e+02
[Iter 9450] Residual: 6.403907e+02
[Iter 9460] Residual: 6.403999e+02
[Iter 9470] Residual: 6.400310e+02
[Iter 9480] Residual: 6.400656e+02
[Iter 9490] Residual: 6.401537e+02
[Iter 9500] Residual: 6.398399e+02
[Iter 9510] Residual: 6.395892e+02
[Iter 9520] Residual: 6.398568e+02
[Iter 9530] Residual: 6.397874e+02
[Iter 9540] Residual: 6.396039e+02
[Iter 9550] Residual: 6.396128e+02
[Iter 9560] Residual: 6.392651e+02
[Iter 9570] Residual: 6.392822e+02
[Iter 9580] Residual: 6.390950e+02
[Iter 9590] Residual: 6.392085e+02
[Iter 9600] Residual: 6.390396e+02
[Iter 9610] Residual: 6.390298e+02
[Iter 9620] Residual: 6.388249e+02
[Iter 9630] Residual: 6.390242e+02
[Iter 9640] Residual: 6.387387e+02
[Iter 9650] Residual: 6.385308e+02
[Iter 9660] Residual: 6.386886e+02
[Iter 9670] Residual: 6.382637e+02
[Iter 9680] Residual: 6.382020e+02
[Iter 9690] Residual: 6.383069e+02
[Iter 9700] Residual: 6.383481e+02
[Iter 9710] Residual: 6.381745e+02
[Iter 9720] Residual: 6.381292e+02
[Iter 9730] Residual: 6.380494e+02
[Iter 9740] Residual: 6.380126e+02
[Iter 9750] Residual: 6.379597e+02
[Iter 9760] Residual: 6.377463e+02
[Iter 9770] Residual: 6.376874e+02
[Iter 9780] Residual: 6.375506e+02
[Iter 9790] Residual: 6.374453e+02
[Iter 9800] Residual: 6.374890e+02
[Iter 9810] Residual: 6.373760e+02
[Iter 9820] Residual: 6.371803e+02
[Iter 9830] Residual: 6.373195e+02
[Iter 9840] Residual: 6.372211e+02
[Iter 9850] Residual: 6.371635e+02
[Iter 9860] Residual: 6.372148e+02
[Iter 9870] Residual: 6.372950e+02
[Iter 9880] Residual: 6.370947e+02
[Iter 9890] Residual: 6.368380e+02
[Iter 9900] Residual: 6.364401e+02
[Iter 9910] Residual: 6.364571e+02
[Iter 9920] Residual: 6.362963e+02
[Iter 9930] Residual: 6.364463e+02
[Iter 9940] Residual: 6.364839e+02
[Iter 9950] Residual: 6.359895e+02
[Iter 9960] Residual: 6.360253e+02
[Iter 9970] Residual: 6.359410e+02
[Iter 9980] Residual: 6.361080e+02
[Iter 9990] Residual: 6.360328e+02
[Iter 10000] Residual: 6.360540e+02
[Completed] Time: 1.441090 s
[Completed] Residual: 6.414198e+02
[Completed] #Iteration: 10000
[c06-01:167279] 63 more processes have sent help message help-mpi-btl-openib.txt / ib port not selected
[c06-01:167279] Set MCA parameter "orte_base_help_aggregate" to 0 to see all help / error messages
[c06-01:167279] 63 more processes have sent help message help-mpi-btl-openib.txt / error in device init
