--------------------------------------------------------------------------
By default, for Open MPI 4.0 and later, infiniband ports on a device
are not used by default.  The intent is to use UCX for these devices.
You can override this policy by setting the btl_openib_allow_ib MCA parameter
to true.

  Local host:              c10-01
  Local adapter:           mlx5_0
  Local port:              1

--------------------------------------------------------------------------
--------------------------------------------------------------------------
WARNING: There was an error initializing an OpenFabrics device.

  Local host:   c10-01
  Local device: mlx5_0
--------------------------------------------------------------------------
[Iter 0] Residual: 1600
[Iter 10] Residual: 1.582469e+03
[Iter 20] Residual: 1.580525e+03
[Iter 30] Residual: 1.578350e+03
[Iter 40] Residual: 1.577523e+03
[Iter 50] Residual: 1.576219e+03
[Iter 60] Residual: 1.575238e+03
[Iter 70] Residual: 1.573735e+03
[Iter 80] Residual: 1.573305e+03
[Iter 90] Residual: 1.572204e+03
[Iter 100] Residual: 1.571176e+03
[Iter 110] Residual: 1.570288e+03
[Iter 120] Residual: 1.570160e+03
[Iter 130] Residual: 1.569368e+03
[Iter 140] Residual: 1.568403e+03
[Iter 150] Residual: 1.567687e+03
[Iter 160] Residual: 1.566905e+03
[Iter 170] Residual: 1.566006e+03
[Iter 180] Residual: 1.566154e+03
[Iter 190] Residual: 1.565123e+03
[Iter 200] Residual: 1.564997e+03
[Iter 210] Residual: 1.564351e+03
[Iter 220] Residual: 1.563339e+03
[Iter 230] Residual: 1.563045e+03
[Iter 240] Residual: 1.562375e+03
[Iter 250] Residual: 1.562272e+03
[Iter 260] Residual: 1.561603e+03
[Iter 270] Residual: 1.560455e+03
[Iter 280] Residual: 1.559953e+03
[Iter 290] Residual: 1.560373e+03
[Iter 300] Residual: 1.559440e+03
[Iter 310] Residual: 1.559689e+03
[Iter 320] Residual: 1.558548e+03
[Iter 330] Residual: 1.557894e+03
[Iter 340] Residual: 1.557971e+03
[Iter 350] Residual: 1.557131e+03
[Iter 360] Residual: 1.556873e+03
[Iter 370] Residual: 1.556731e+03
[Iter 380] Residual: 1.555920e+03
[Iter 390] Residual: 1.555449e+03
[Iter 400] Residual: 1.555670e+03
[Iter 410] Residual: 1.554947e+03
[Iter 420] Residual: 1.553588e+03
[Iter 430] Residual: 1.553842e+03
[Iter 440] Residual: 1.553738e+03
[Iter 450] Residual: 1.553607e+03
[Iter 460] Residual: 1.552628e+03
[Iter 470] Residual: 1.552490e+03
[Iter 480] Residual: 1.552143e+03
[Iter 490] Residual: 1.552042e+03
[Iter 500] Residual: 1.551392e+03
[Iter 510] Residual: 1.551112e+03
[Iter 520] Residual: 1.550856e+03
[Iter 530] Residual: 1.550441e+03
[Iter 540] Residual: 1.550127e+03
[Iter 550] Residual: 1.549440e+03
[Iter 560] Residual: 1.549221e+03
[Iter 570] Residual: 1.549564e+03
[Iter 580] Residual: 1.548694e+03
[Iter 590] Residual: 1.548527e+03
[Iter 600] Residual: 1.547821e+03
[Iter 610] Residual: 1.548063e+03
[Iter 620] Residual: 1.547500e+03
[Iter 630] Residual: 1.547532e+03
[Iter 640] Residual: 1.547295e+03
[Iter 650] Residual: 1.546865e+03
[Iter 660] Residual: 1.546004e+03
[Iter 670] Residual: 1.546417e+03
[Iter 680] Residual: 1.545537e+03
[Iter 690] Residual: 1.545569e+03
[Iter 700] Residual: 1.545040e+03
[Iter 710] Residual: 1.544382e+03
[Iter 720] Residual: 1.544556e+03
[Iter 730] Residual: 1.544063e+03
[Iter 740] Residual: 1.543888e+03
[Iter 750] Residual: 1.543415e+03
[Iter 760] Residual: 1.542880e+03
[Iter 770] Residual: 1.543024e+03
[Iter 780] Residual: 1.542631e+03
[Iter 790] Residual: 1.542544e+03
[Iter 800] Residual: 1.542490e+03
[Iter 810] Residual: 1.541830e+03
[Iter 820] Residual: 1.541708e+03
[Iter 830] Residual: 1.541071e+03
[Iter 840] Residual: 1.540985e+03
[Iter 850] Residual: 1.540729e+03
[Iter 860] Residual: 1.540171e+03
[Iter 870] Residual: 1.540058e+03
[Iter 880] Residual: 1.539720e+03
[Iter 890] Residual: 1.539937e+03
[Iter 900] Residual: 1.539624e+03
[Iter 910] Residual: 1.538873e+03
[Iter 920] Residual: 1.538816e+03
[Iter 930] Residual: 1.538633e+03
[Iter 940] Residual: 1.538421e+03
[Iter 950] Residual: 1.537880e+03
[Iter 960] Residual: 1.537636e+03
[Iter 970] Residual: 1.537227e+03
[Iter 980] Residual: 1.536995e+03
[Iter 990] Residual: 1.536268e+03
[Iter 1000] Residual: 1.536367e+03
[Iter 1010] Residual: 1.536727e+03
[Iter 1020] Residual: 1.535944e+03
[Iter 1030] Residual: 1.535766e+03
[Iter 1040] Residual: 1.535774e+03
[Iter 1050] Residual: 1.535423e+03
[Iter 1060] Residual: 1.535335e+03
[Iter 1070] Residual: 1.534922e+03
[Iter 1080] Residual: 1.534574e+03
[Iter 1090] Residual: 1.535219e+03
[Iter 1100] Residual: 1.534104e+03
[Iter 1110] Residual: 1.534185e+03
[Iter 1120] Residual: 1.533843e+03
[Iter 1130] Residual: 1.533491e+03
[Iter 1140] Residual: 1.533241e+03
[Iter 1150] Residual: 1.533329e+03
[Iter 1160] Residual: 1.532547e+03
[Iter 1170] Residual: 1.533109e+03
[Iter 1180] Residual: 1.532275e+03
[Iter 1190] Residual: 1.532106e+03
[Iter 1200] Residual: 1.532190e+03
[Iter 1210] Residual: 1.531746e+03
[Iter 1220] Residual: 1.531528e+03
[Iter 1230] Residual: 1.531466e+03
[Iter 1240] Residual: 1.530965e+03
[Iter 1250] Residual: 1.530735e+03
[Iter 1260] Residual: 1.530178e+03
[Iter 1270] Residual: 1.530300e+03
[Iter 1280] Residual: 1.530089e+03
[Iter 1290] Residual: 1.529771e+03
[Iter 1300] Residual: 1.529786e+03
[Iter 1310] Residual: 1.529366e+03
[Iter 1320] Residual: 1.529541e+03
[Iter 1330] Residual: 1.528749e+03
[Iter 1340] Residual: 1.528426e+03
[Iter 1350] Residual: 1.528739e+03
[Iter 1360] Residual: 1.528345e+03
[Iter 1370] Residual: 1.528038e+03
[Iter 1380] Residual: 1.527885e+03
[Iter 1390] Residual: 1.527363e+03
[Iter 1400] Residual: 1.527752e+03
[Iter 1410] Residual: 1.527502e+03
[Iter 1420] Residual: 1.527636e+03
[Iter 1430] Residual: 1.527099e+03
[Iter 1440] Residual: 1.526861e+03
[Iter 1450] Residual: 1.526529e+03
[Iter 1460] Residual: 1.526135e+03
[Iter 1470] Residual: 1.526183e+03
[Iter 1480] Residual: 1.525844e+03
[Iter 1490] Residual: 1.525569e+03
[Iter 1500] Residual: 1.525713e+03
[Iter 1510] Residual: 1.525044e+03
[Iter 1520] Residual: 1.525263e+03
[Iter 1530] Residual: 1.524491e+03
[Iter 1540] Residual: 1.524384e+03
[Iter 1550] Residual: 1.524150e+03
[Iter 1560] Residual: 1.524320e+03
[Iter 1570] Residual: 1.523955e+03
[Iter 1580] Residual: 1.523932e+03
[Iter 1590] Residual: 1.523439e+03
[Iter 1600] Residual: 1.523198e+03
[Iter 1610] Residual: 1.523472e+03
[Iter 1620] Residual: 1.523054e+03
[Iter 1630] Residual: 1.522366e+03
[Iter 1640] Residual: 1.521998e+03
[Iter 1650] Residual: 1.522487e+03
[Iter 1660] Residual: 1.522097e+03
[Iter 1670] Residual: 1.522398e+03
[Iter 1680] Residual: 1.521942e+03
[Iter 1690] Residual: 1.521592e+03
[Iter 1700] Residual: 1.521259e+03
[Iter 1710] Residual: 1.521069e+03
[Iter 1720] Residual: 1.521126e+03
[Iter 1730] Residual: 1.520968e+03
[Iter 1740] Residual: 1.519846e+03
[Iter 1750] Residual: 1.520487e+03
[Iter 1760] Residual: 1.520346e+03
[Iter 1770] Residual: 1.519919e+03
[Iter 1780] Residual: 1.519813e+03
[Iter 1790] Residual: 1.519902e+03
[Iter 1800] Residual: 1.519983e+03
[Iter 1810] Residual: 1.519394e+03
[Iter 1820] Residual: 1.519282e+03
[Iter 1830] Residual: 1.518458e+03
[Iter 1840] Residual: 1.518991e+03
[Iter 1850] Residual: 1.518583e+03
[Iter 1860] Residual: 1.518612e+03
[Iter 1870] Residual: 1.518034e+03
[Iter 1880] Residual: 1.518357e+03
[Iter 1890] Residual: 1.518017e+03
[Iter 1900] Residual: 1.517351e+03
[Iter 1910] Residual: 1.517284e+03
[Iter 1920] Residual: 1.516587e+03
[Iter 1930] Residual: 1.517068e+03
[Iter 1940] Residual: 1.516938e+03
[Iter 1950] Residual: 1.516590e+03
[Iter 1960] Residual: 1.516165e+03
[Iter 1970] Residual: 1.516231e+03
[Iter 1980] Residual: 1.516101e+03
[Iter 1990] Residual: 1.515677e+03
[Iter 2000] Residual: 1.516005e+03
[Iter 2010] Residual: 1.515295e+03
[Iter 2020] Residual: 1.515428e+03
[Iter 2030] Residual: 1.515186e+03
[Iter 2040] Residual: 1.515107e+03
[Iter 2050] Residual: 1.515129e+03
[Iter 2060] Residual: 1.514747e+03
[Iter 2070] Residual: 1.515487e+03
[Iter 2080] Residual: 1.514163e+03
[Iter 2090] Residual: 1.514590e+03
[Iter 2100] Residual: 1.513359e+03
[Iter 2110] Residual: 1.514447e+03
[Iter 2120] Residual: 1.514077e+03
[Iter 2130] Residual: 1.513520e+03
[Iter 2140] Residual: 1.513289e+03
[Iter 2150] Residual: 1.513067e+03
[Iter 2160] Residual: 1.513475e+03
[Iter 2170] Residual: 1.513251e+03
[Iter 2180] Residual: 1.513018e+03
[Iter 2190] Residual: 1.512498e+03
[Iter 2200] Residual: 1.512515e+03
[Iter 2210] Residual: 1.511977e+03
[Iter 2220] Residual: 1.511892e+03
[Iter 2230] Residual: 1.511517e+03
[Iter 2240] Residual: 1.511876e+03
[Iter 2250] Residual: 1.511477e+03
[Iter 2260] Residual: 1.511070e+03
[Iter 2270] Residual: 1.511067e+03
[Iter 2280] Residual: 1.511083e+03
[Iter 2290] Residual: 1.511385e+03
[Iter 2300] Residual: 1.510733e+03
[Iter 2310] Residual: 1.510514e+03
[Iter 2320] Residual: 1.510396e+03
[Iter 2330] Residual: 1.510257e+03
[Iter 2340] Residual: 1.510353e+03
[Iter 2350] Residual: 1.509301e+03
[Iter 2360] Residual: 1.509194e+03
[Iter 2370] Residual: 1.509605e+03
[Iter 2380] Residual: 1.509347e+03
[Iter 2390] Residual: 1.509322e+03
[Iter 2400] Residual: 1.509153e+03
[Iter 2410] Residual: 1.509081e+03
[Iter 2420] Residual: 1.508444e+03
[Iter 2430] Residual: 1.508810e+03
[Iter 2440] Residual: 1.508232e+03
[Iter 2450] Residual: 1.508168e+03
[Iter 2460] Residual: 1.508008e+03
[Iter 2470] Residual: 1.507507e+03
[Iter 2480] Residual: 1.507866e+03
[Iter 2490] Residual: 1.507755e+03
[Iter 2500] Residual: 1.507426e+03
[Iter 2510] Residual: 1.507066e+03
[Iter 2520] Residual: 1.506921e+03
[Iter 2530] Residual: 1.506902e+03
[Iter 2540] Residual: 1.507152e+03
[Iter 2550] Residual: 1.506729e+03
[Iter 2560] Residual: 1.506658e+03
[Iter 2570] Residual: 1.506477e+03
[Iter 2580] Residual: 1.506044e+03
[Iter 2590] Residual: 1.506574e+03
[Iter 2600] Residual: 1.505856e+03
[Iter 2610] Residual: 1.506022e+03
[Iter 2620] Residual: 1.505667e+03
[Iter 2630] Residual: 1.505515e+03
[Iter 2640] Residual: 1.505497e+03
[Iter 2650] Residual: 1.505296e+03
[Iter 2660] Residual: 1.505454e+03
[Iter 2670] Residual: 1.504933e+03
[Iter 2680] Residual: 1.504473e+03
[Iter 2690] Residual: 1.504467e+03
[Iter 2700] Residual: 1.504178e+03
[Iter 2710] Residual: 1.504264e+03
[Iter 2720] Residual: 1.504239e+03
[Iter 2730] Residual: 1.503410e+03
[Iter 2740] Residual: 1.503979e+03
[Iter 2750] Residual: 1.503479e+03
[Iter 2760] Residual: 1.503547e+03
[Iter 2770] Residual: 1.503329e+03
[Iter 2780] Residual: 1.503146e+03
[Iter 2790] Residual: 1.502699e+03
[Iter 2800] Residual: 1.503158e+03
[Iter 2810] Residual: 1.502995e+03
[Iter 2820] Residual: 1.502642e+03
[Iter 2830] Residual: 1.502555e+03
[Iter 2840] Residual: 1.502408e+03
[Iter 2850] Residual: 1.502113e+03
[Iter 2860] Residual: 1.502061e+03
[Iter 2870] Residual: 1.501762e+03
[Iter 2880] Residual: 1.501826e+03
[Iter 2890] Residual: 1.501605e+03
[Iter 2900] Residual: 1.501832e+03
[Iter 2910] Residual: 1.501081e+03
[Iter 2920] Residual: 1.501011e+03
[Iter 2930] Residual: 1.500920e+03
[Iter 2940] Residual: 1.500672e+03
[Iter 2950] Residual: 1.500826e+03
[Iter 2960] Residual: 1.500563e+03
[Iter 2970] Residual: 1.500583e+03
[Iter 2980] Residual: 1.500291e+03
[Iter 2990] Residual: 1.500297e+03
[Iter 3000] Residual: 1.499889e+03
[Iter 3010] Residual: 1.499584e+03
[Iter 3020] Residual: 1.499327e+03
[Iter 3030] Residual: 1.499389e+03
[Iter 3040] Residual: 1.498677e+03
[Iter 3050] Residual: 1.499280e+03
[Iter 3060] Residual: 1.498585e+03
[Iter 3070] Residual: 1.498587e+03
[Iter 3080] Residual: 1.498184e+03
[Iter 3090] Residual: 1.498394e+03
[Iter 3100] Residual: 1.498373e+03
[Iter 3110] Residual: 1.498337e+03
[Iter 3120] Residual: 1.497765e+03
[Iter 3130] Residual: 1.497810e+03
[Iter 3140] Residual: 1.497640e+03
[Iter 3150] Residual: 1.497460e+03
[Iter 3160] Residual: 1.497650e+03
[Iter 3170] Residual: 1.497169e+03
[Iter 3180] Residual: 1.496905e+03
[Iter 3190] Residual: 1.497004e+03
[Iter 3200] Residual: 1.497082e+03
[Iter 3210] Residual: 1.496642e+03
[Iter 3220] Residual: 1.497411e+03
[Iter 3230] Residual: 1.496510e+03
[Iter 3240] Residual: 1.496802e+03
[Iter 3250] Residual: 1.496522e+03
[Iter 3260] Residual: 1.496169e+03
[Iter 3270] Residual: 1.495933e+03
[Iter 3280] Residual: 1.495693e+03
[Iter 3290] Residual: 1.496072e+03
[Iter 3300] Residual: 1.495614e+03
[Iter 3310] Residual: 1.495362e+03
[Iter 3320] Residual: 1.495407e+03
[Iter 3330] Residual: 1.495575e+03
[Iter 3340] Residual: 1.495020e+03
[Iter 3350] Residual: 1.494861e+03
[Iter 3360] Residual: 1.495516e+03
[Iter 3370] Residual: 1.494416e+03
[Iter 3380] Residual: 1.494526e+03
[Iter 3390] Residual: 1.494590e+03
[Iter 3400] Residual: 1.494236e+03
[Iter 3410] Residual: 1.493792e+03
[Iter 3420] Residual: 1.493977e+03
[Iter 3430] Residual: 1.493557e+03
[Iter 3440] Residual: 1.494019e+03
[Iter 3450] Residual: 1.493817e+03
[Iter 3460] Residual: 1.493819e+03
[Iter 3470] Residual: 1.493012e+03
[Iter 3480] Residual: 1.493195e+03
[Iter 3490] Residual: 1.493205e+03
[Iter 3500] Residual: 1.492920e+03
[Iter 3510] Residual: 1.493409e+03
[Iter 3520] Residual: 1.492507e+03
[Iter 3530] Residual: 1.492397e+03
[Iter 3540] Residual: 1.492225e+03
[Iter 3550] Residual: 1.492252e+03
[Iter 3560] Residual: 1.492081e+03
[Iter 3570] Residual: 1.491615e+03
[Iter 3580] Residual: 1.491628e+03
[Iter 3590] Residual: 1.491954e+03
[Iter 3600] Residual: 1.491678e+03
[Iter 3610] Residual: 1.491682e+03
[Iter 3620] Residual: 1.491136e+03
[Iter 3630] Residual: 1.491391e+03
[Iter 3640] Residual: 1.490795e+03
[Iter 3650] Residual: 1.490697e+03
[Iter 3660] Residual: 1.489999e+03
[Iter 3670] Residual: 1.490441e+03
[Iter 3680] Residual: 1.490491e+03
[Iter 3690] Residual: 1.490352e+03
[Iter 3700] Residual: 1.490187e+03
[Iter 3710] Residual: 1.489808e+03
[Iter 3720] Residual: 1.490029e+03
[Iter 3730] Residual: 1.489943e+03
[Iter 3740] Residual: 1.489862e+03
[Iter 3750] Residual: 1.489897e+03
[Iter 3760] Residual: 1.489489e+03
[Iter 3770] Residual: 1.488376e+03
[Iter 3780] Residual: 1.489260e+03
[Iter 3790] Residual: 1.489382e+03
[Iter 3800] Residual: 1.489309e+03
[Iter 3810] Residual: 1.488838e+03
[Iter 3820] Residual: 1.488681e+03
[Iter 3830] Residual: 1.488339e+03
[Iter 3840] Residual: 1.488260e+03
[Iter 3850] Residual: 1.488553e+03
[Iter 3860] Residual: 1.488341e+03
[Iter 3870] Residual: 1.488466e+03
[Iter 3880] Residual: 1.488159e+03
[Iter 3890] Residual: 1.487437e+03
[Iter 3900] Residual: 1.488270e+03
[Iter 3910] Residual: 1.487634e+03
[Iter 3920] Residual: 1.487664e+03
[Iter 3930] Residual: 1.487677e+03
[Iter 3940] Residual: 1.487498e+03
[Iter 3950] Residual: 1.487222e+03
[Iter 3960] Residual: 1.487306e+03
[Iter 3970] Residual: 1.486547e+03
[Iter 3980] Residual: 1.486296e+03
[Iter 3990] Residual: 1.486614e+03
[Iter 4000] Residual: 1.486218e+03
[Iter 4010] Residual: 1.486306e+03
[Iter 4020] Residual: 1.486431e+03
[Iter 4030] Residual: 1.486139e+03
[Iter 4040] Residual: 1.485969e+03
[Iter 4050] Residual: 1.486305e+03
[Iter 4060] Residual: 1.485311e+03
[Iter 4070] Residual: 1.485405e+03
[Iter 4080] Residual: 1.485841e+03
[Iter 4090] Residual: 1.485043e+03
[Iter 4100] Residual: 1.484898e+03
[Iter 4110] Residual: 1.485121e+03
[Iter 4120] Residual: 1.485199e+03
[Iter 4130] Residual: 1.484986e+03
[Iter 4140] Residual: 1.484667e+03
[Iter 4150] Residual: 1.484270e+03
[Iter 4160] Residual: 1.484885e+03
[Iter 4170] Residual: 1.484465e+03
[Iter 4180] Residual: 1.483994e+03
[Iter 4190] Residual: 1.484065e+03
[Iter 4200] Residual: 1.483463e+03
[Iter 4210] Residual: 1.483852e+03
[Iter 4220] Residual: 1.484082e+03
[Iter 4230] Residual: 1.483568e+03
[Iter 4240] Residual: 1.483515e+03
[Iter 4250] Residual: 1.483327e+03
[Iter 4260] Residual: 1.483225e+03
[Iter 4270] Residual: 1.483322e+03
[Iter 4280] Residual: 1.483029e+03
[Iter 4290] Residual: 1.482613e+03
[Iter 4300] Residual: 1.482961e+03
[Iter 4310] Residual: 1.482350e+03
[Iter 4320] Residual: 1.482477e+03
[Iter 4330] Residual: 1.482665e+03
[Iter 4340] Residual: 1.482348e+03
[Iter 4350] Residual: 1.481980e+03
[Iter 4360] Residual: 1.482055e+03
[Iter 4370] Residual: 1.481963e+03
[Iter 4380] Residual: 1.481371e+03
[Iter 4390] Residual: 1.482172e+03
[Iter 4400] Residual: 1.481324e+03
[Iter 4410] Residual: 1.481237e+03
[Iter 4420] Residual: 1.481728e+03
[Iter 4430] Residual: 1.481112e+03
[Iter 4440] Residual: 1.481384e+03
[Iter 4450] Residual: 1.481181e+03
[Iter 4460] Residual: 1.480830e+03
[Iter 4470] Residual: 1.481070e+03
[Iter 4480] Residual: 1.480702e+03
[Iter 4490] Residual: 1.480179e+03
[Iter 4500] Residual: 1.480600e+03
[Iter 4510] Residual: 1.480440e+03
[Iter 4520] Residual: 1.480135e+03
[Iter 4530] Residual: 1.480198e+03
[Iter 4540] Residual: 1.479654e+03
[Iter 4550] Residual: 1.479973e+03
[Iter 4560] Residual: 1.479278e+03
[Iter 4570] Residual: 1.479964e+03
[Iter 4580] Residual: 1.479198e+03
[Iter 4590] Residual: 1.479113e+03
[Iter 4600] Residual: 1.479390e+03
[Iter 4610] Residual: 1.478711e+03
[Iter 4620] Residual: 1.478733e+03
[Iter 4630] Residual: 1.479102e+03
[Iter 4640] Residual: 1.478151e+03
[Iter 4650] Residual: 1.478482e+03
[Iter 4660] Residual: 1.478402e+03
[Iter 4670] Residual: 1.478505e+03
[Iter 4680] Residual: 1.478114e+03
[Iter 4690] Residual: 1.477730e+03
[Iter 4700] Residual: 1.477982e+03
[Iter 4710] Residual: 1.478039e+03
[Iter 4720] Residual: 1.478119e+03
[Iter 4730] Residual: 1.477790e+03
[Iter 4740] Residual: 1.477566e+03
[Iter 4750] Residual: 1.477069e+03
[Iter 4760] Residual: 1.477161e+03
[Iter 4770] Residual: 1.477456e+03
[Iter 4780] Residual: 1.477213e+03
[Iter 4790] Residual: 1.477127e+03
[Iter 4800] Residual: 1.477030e+03
[Iter 4810] Residual: 1.476578e+03
[Iter 4820] Residual: 1.476820e+03
[Iter 4830] Residual: 1.476430e+03
[Iter 4840] Residual: 1.476126e+03
[Iter 4850] Residual: 1.476285e+03
[Iter 4860] Residual: 1.476270e+03
[Iter 4870] Residual: 1.476632e+03
[Iter 4880] Residual: 1.475988e+03
[Iter 4890] Residual: 1.476223e+03
[Iter 4900] Residual: 1.475892e+03
[Iter 4910] Residual: 1.474880e+03
[Iter 4920] Residual: 1.475297e+03
[Iter 4930] Residual: 1.474431e+03
[Iter 4940] Residual: 1.474643e+03
[Iter 4950] Residual: 1.475322e+03
[Iter 4960] Residual: 1.475067e+03
[Iter 4970] Residual: 1.474906e+03
[Iter 4980] Residual: 1.474018e+03
[Iter 4990] Residual: 1.474018e+03
[Iter 5000] Residual: 1.473811e+03
[Iter 5010] Residual: 1.473959e+03
[Iter 5020] Residual: 1.473760e+03
[Iter 5030] Residual: 1.474178e+03
[Iter 5040] Residual: 1.473211e+03
[Iter 5050] Residual: 1.473942e+03
[Iter 5060] Residual: 1.473565e+03
[Iter 5070] Residual: 1.473167e+03
[Iter 5080] Residual: 1.473246e+03
[Iter 5090] Residual: 1.473657e+03
[Iter 5100] Residual: 1.473019e+03
[Iter 5110] Residual: 1.473146e+03
[Iter 5120] Residual: 1.472709e+03
[Iter 5130] Residual: 1.472880e+03
[Iter 5140] Residual: 1.472937e+03
[Iter 5150] Residual: 1.472676e+03
[Iter 5160] Residual: 1.472549e+03
[Iter 5170] Residual: 1.472390e+03
[Iter 5180] Residual: 1.472163e+03
[Iter 5190] Residual: 1.472348e+03
[Iter 5200] Residual: 1.472417e+03
[Iter 5210] Residual: 1.471906e+03
[Iter 5220] Residual: 1.472435e+03
[Iter 5230] Residual: 1.471814e+03
[Iter 5240] Residual: 1.471888e+03
[Iter 5250] Residual: 1.472004e+03
[Iter 5260] Residual: 1.471968e+03
[Iter 5270] Residual: 1.471519e+03
[Iter 5280] Residual: 1.471245e+03
[Iter 5290] Residual: 1.471246e+03
[Iter 5300] Residual: 1.471546e+03
[Iter 5310] Residual: 1.471278e+03
[Iter 5320] Residual: 1.471278e+03
[Iter 5330] Residual: 1.470724e+03
[Iter 5340] Residual: 1.470840e+03
[Iter 5350] Residual: 1.470928e+03
[Iter 5360] Residual: 1.471038e+03
[Iter 5370] Residual: 1.470683e+03
[Iter 5380] Residual: 1.470810e+03
[Iter 5390] Residual: 1.470669e+03
[Iter 5400] Residual: 1.470295e+03
[Iter 5410] Residual: 1.469841e+03
[Iter 5420] Residual: 1.469811e+03
[Iter 5430] Residual: 1.469947e+03
[Iter 5440] Residual: 1.469401e+03
[Iter 5450] Residual: 1.469781e+03
[Iter 5460] Residual: 1.469592e+03
[Iter 5470] Residual: 1.469405e+03
[Iter 5480] Residual: 1.469455e+03
[Iter 5490] Residual: 1.469218e+03
[Iter 5500] Residual: 1.469032e+03
[Iter 5510] Residual: 1.468962e+03
[Iter 5520] Residual: 1.468724e+03
[Iter 5530] Residual: 1.468827e+03
[Iter 5540] Residual: 1.468705e+03
[Iter 5550] Residual: 1.468604e+03
[Iter 5560] Residual: 1.468578e+03
[Iter 5570] Residual: 1.468506e+03
[Iter 5580] Residual: 1.468782e+03
[Iter 5590] Residual: 1.468395e+03
[Iter 5600] Residual: 1.468278e+03
[Iter 5610] Residual: 1.468219e+03
[Iter 5620] Residual: 1.467867e+03
[Iter 5630] Residual: 1.467394e+03
[Iter 5640] Residual: 1.467867e+03
[Iter 5650] Residual: 1.467228e+03
[Iter 5660] Residual: 1.467476e+03
[Iter 5670] Residual: 1.467249e+03
[Iter 5680] Residual: 1.467236e+03
[Iter 5690] Residual: 1.466885e+03
[Iter 5700] Residual: 1.467005e+03
[Iter 5710] Residual: 1.467024e+03
[Iter 5720] Residual: 1.466564e+03
[Iter 5730] Residual: 1.466972e+03
[Iter 5740] Residual: 1.466116e+03
[Iter 5750] Residual: 1.466036e+03
[Iter 5760] Residual: 1.466366e+03
[Iter 5770] Residual: 1.466118e+03
[Iter 5780] Residual: 1.466252e+03
[Iter 5790] Residual: 1.466086e+03
[Iter 5800] Residual: 1.466275e+03
[Iter 5810] Residual: 1.466108e+03
[Iter 5820] Residual: 1.465610e+03
[Iter 5830] Residual: 1.465740e+03
[Iter 5840] Residual: 1.465656e+03
[Iter 5850] Residual: 1.465436e+03
[Iter 5860] Residual: 1.465155e+03
[Iter 5870] Residual: 1.464661e+03
[Iter 5880] Residual: 1.465229e+03
[Iter 5890] Residual: 1.465333e+03
[Iter 5900] Residual: 1.464887e+03
[Iter 5910] Residual: 1.464511e+03
[Iter 5920] Residual: 1.464730e+03
[Iter 5930] Residual: 1.464471e+03
[Iter 5940] Residual: 1.464528e+03
[Iter 5950] Residual: 1.464601e+03
[Iter 5960] Residual: 1.464519e+03
[Iter 5970] Residual: 1.464207e+03
[Iter 5980] Residual: 1.463953e+03
[Iter 5990] Residual: 1.464099e+03
[Iter 6000] Residual: 1.463608e+03
[Iter 6010] Residual: 1.463848e+03
[Iter 6020] Residual: 1.463639e+03
[Iter 6030] Residual: 1.463727e+03
[Iter 6040] Residual: 1.463263e+03
[Iter 6050] Residual: 1.463135e+03
[Iter 6060] Residual: 1.462986e+03
[Iter 6070] Residual: 1.463063e+03
[Iter 6080] Residual: 1.462478e+03
[Iter 6090] Residual: 1.462912e+03
[Iter 6100] Residual: 1.462521e+03
[Iter 6110] Residual: 1.462689e+03
[Iter 6120] Residual: 1.462689e+03
[Iter 6130] Residual: 1.462750e+03
[Iter 6140] Residual: 1.462319e+03
[Iter 6150] Residual: 1.461979e+03
[Iter 6160] Residual: 1.461915e+03
[Iter 6170] Residual: 1.461999e+03
[Iter 6180] Residual: 1.462211e+03
[Iter 6190] Residual: 1.461707e+03
[Iter 6200] Residual: 1.461806e+03
[Iter 6210] Residual: 1.462247e+03
[Iter 6220] Residual: 1.461248e+03
[Iter 6230] Residual: 1.461915e+03
[Iter 6240] Residual: 1.461596e+03
[Iter 6250] Residual: 1.461430e+03
[Iter 6260] Residual: 1.461097e+03
[Iter 6270] Residual: 1.461299e+03
[Iter 6280] Residual: 1.460931e+03
[Iter 6290] Residual: 1.460776e+03
[Iter 6300] Residual: 1.460922e+03
[Iter 6310] Residual: 1.460865e+03
[Iter 6320] Residual: 1.461098e+03
[Iter 6330] Residual: 1.460481e+03
[Iter 6340] Residual: 1.460571e+03
[Iter 6350] Residual: 1.460282e+03
[Iter 6360] Residual: 1.460436e+03
[Iter 6370] Residual: 1.460536e+03
[Iter 6380] Residual: 1.460323e+03
[Iter 6390] Residual: 1.460112e+03
[Iter 6400] Residual: 1.459792e+03
[Iter 6410] Residual: 1.459711e+03
[Iter 6420] Residual: 1.459530e+03
[Iter 6430] Residual: 1.459403e+03
[Iter 6440] Residual: 1.459339e+03
[Iter 6450] Residual: 1.459296e+03
[Iter 6460] Residual: 1.459408e+03
[Iter 6470] Residual: 1.459137e+03
[Iter 6480] Residual: 1.459232e+03
[Iter 6490] Residual: 1.459132e+03
[Iter 6500] Residual: 1.459165e+03
[Iter 6510] Residual: 1.459089e+03
[Iter 6520] Residual: 1.458576e+03
[Iter 6530] Residual: 1.458525e+03
[Iter 6540] Residual: 1.459131e+03
[Iter 6550] Residual: 1.458463e+03
[Iter 6560] Residual: 1.458466e+03
[Iter 6570] Residual: 1.457996e+03
[Iter 6580] Residual: 1.457870e+03
[Iter 6590] Residual: 1.457638e+03
[Iter 6600] Residual: 1.458023e+03
[Iter 6610] Residual: 1.457714e+03
[Iter 6620] Residual: 1.457508e+03
[Iter 6630] Residual: 1.457372e+03
[Iter 6640] Residual: 1.456944e+03
[Iter 6650] Residual: 1.457437e+03
[Iter 6660] Residual: 1.457574e+03
[Iter 6670] Residual: 1.457100e+03
[Iter 6680] Residual: 1.457405e+03
[Iter 6690] Residual: 1.456949e+03
[Iter 6700] Residual: 1.456823e+03
[Iter 6710] Residual: 1.456361e+03
[Iter 6720] Residual: 1.457014e+03
[Iter 6730] Residual: 1.456635e+03
[Iter 6740] Residual: 1.456714e+03
[Iter 6750] Residual: 1.456272e+03
[Iter 6760] Residual: 1.456236e+03
[Iter 6770] Residual: 1.455547e+03
[Iter 6780] Residual: 1.456103e+03
[Iter 6790] Residual: 1.456127e+03
[Iter 6800] Residual: 1.455851e+03
[Iter 6810] Residual: 1.456182e+03
[Iter 6820] Residual: 1.455677e+03
[Iter 6830] Residual: 1.455534e+03
[Iter 6840] Residual: 1.455593e+03
[Iter 6850] Residual: 1.454847e+03
[Iter 6860] Residual: 1.455602e+03
[Iter 6870] Residual: 1.455613e+03
[Iter 6880] Residual: 1.455313e+03
[Iter 6890] Residual: 1.454858e+03
[Iter 6900] Residual: 1.455055e+03
[Iter 6910] Residual: 1.455045e+03
[Iter 6920] Residual: 1.454555e+03
[Iter 6930] Residual: 1.454843e+03
[Iter 6940] Residual: 1.454722e+03
[Iter 6950] Residual: 1.454480e+03
[Iter 6960] Residual: 1.454203e+03
[Iter 6970] Residual: 1.453965e+03
[Iter 6980] Residual: 1.454121e+03
[Iter 6990] Residual: 1.454165e+03
[Iter 7000] Residual: 1.454045e+03
[Iter 7010] Residual: 1.454093e+03
[Iter 7020] Residual: 1.453369e+03
[Iter 7030] Residual: 1.453526e+03
[Iter 7040] Residual: 1.453523e+03
[Iter 7050] Residual: 1.453594e+03
[Iter 7060] Residual: 1.453344e+03
[Iter 7070] Residual: 1.453465e+03
[Iter 7080] Residual: 1.453283e+03
[Iter 7090] Residual: 1.452835e+03
[Iter 7100] Residual: 1.452654e+03
[Iter 7110] Residual: 1.453088e+03
[Iter 7120] Residual: 1.452671e+03
[Iter 7130] Residual: 1.452883e+03
[Iter 7140] Residual: 1.452477e+03
[Iter 7150] Residual: 1.452372e+03
[Iter 7160] Residual: 1.452685e+03
[Iter 7170] Residual: 1.452910e+03
[Iter 7180] Residual: 1.452101e+03
[Iter 7190] Residual: 1.452323e+03
[Iter 7200] Residual: 1.452292e+03
[Iter 7210] Residual: 1.451733e+03
[Iter 7220] Residual: 1.451815e+03
[Iter 7230] Residual: 1.451937e+03
[Iter 7240] Residual: 1.452061e+03
[Iter 7250] Residual: 1.451807e+03
[Iter 7260] Residual: 1.451979e+03
[Iter 7270] Residual: 1.451632e+03
[Iter 7280] Residual: 1.451191e+03
[Iter 7290] Residual: 1.451047e+03
[Iter 7300] Residual: 1.451289e+03
[Iter 7310] Residual: 1.451041e+03
[Iter 7320] Residual: 1.451101e+03
[Iter 7330] Residual: 1.451437e+03
[Iter 7340] Residual: 1.450668e+03
[Iter 7350] Residual: 1.451006e+03
[Iter 7360] Residual: 1.451120e+03
[Iter 7370] Residual: 1.450579e+03
[Iter 7380] Residual: 1.450536e+03
[Iter 7390] Residual: 1.450377e+03
[Iter 7400] Residual: 1.450701e+03
[Iter 7410] Residual: 1.450115e+03
[Iter 7420] Residual: 1.449993e+03
[Iter 7430] Residual: 1.449987e+03
[Iter 7440] Residual: 1.449903e+03
[Iter 7450] Residual: 1.449789e+03
[Iter 7460] Residual: 1.449621e+03
[Iter 7470] Residual: 1.449891e+03
[Iter 7480] Residual: 1.449593e+03
[Iter 7490] Residual: 1.449842e+03
[Iter 7500] Residual: 1.449308e+03
[Iter 7510] Residual: 1.449309e+03
[Iter 7520] Residual: 1.449288e+03
[Iter 7530] Residual: 1.449378e+03
[Iter 7540] Residual: 1.449220e+03
[Iter 7550] Residual: 1.449098e+03
[Iter 7560] Residual: 1.448557e+03
[Iter 7570] Residual: 1.448906e+03
[Iter 7580] Residual: 1.448475e+03
[Iter 7590] Residual: 1.449066e+03
[Iter 7600] Residual: 1.448462e+03
[Iter 7610] Residual: 1.448350e+03
[Iter 7620] Residual: 1.448745e+03
[Iter 7630] Residual: 1.447916e+03
[Iter 7640] Residual: 1.448300e+03
[Iter 7650] Residual: 1.448605e+03
[Iter 7660] Residual: 1.447956e+03
[Iter 7670] Residual: 1.447975e+03
[Iter 7680] Residual: 1.447985e+03
[Iter 7690] Residual: 1.447727e+03
[Iter 7700] Residual: 1.447532e+03
[Iter 7710] Residual: 1.447818e+03
[Iter 7720] Residual: 1.447260e+03
[Iter 7730] Residual: 1.447450e+03
[Iter 7740] Residual: 1.447326e+03
[Iter 7750] Residual: 1.446888e+03
[Iter 7760] Residual: 1.447237e+03
[Iter 7770] Residual: 1.446921e+03
[Iter 7780] Residual: 1.447067e+03
[Iter 7790] Residual: 1.446715e+03
[Iter 7800] Residual: 1.446766e+03
[Iter 7810] Residual: 1.446649e+03
[Iter 7820] Residual: 1.446051e+03
[Iter 7830] Residual: 1.446768e+03
[Iter 7840] Residual: 1.446146e+03
[Iter 7850] Residual: 1.446212e+03
[Iter 7860] Residual: 1.446218e+03
[Iter 7870] Residual: 1.446069e+03
[Iter 7880] Residual: 1.446239e+03
[Iter 7890] Residual: 1.445936e+03
[Iter 7900] Residual: 1.445522e+03
[Iter 7910] Residual: 1.445566e+03
[Iter 7920] Residual: 1.445691e+03
[Iter 7930] Residual: 1.445181e+03
[Iter 7940] Residual: 1.445374e+03
[Iter 7950] Residual: 1.445293e+03
[Iter 7960] Residual: 1.445182e+03
[Iter 7970] Residual: 1.445200e+03
[Iter 7980] Residual: 1.444757e+03
[Iter 7990] Residual: 1.444684e+03
[Iter 8000] Residual: 1.445072e+03
[Iter 8010] Residual: 1.444533e+03
[Iter 8020] Residual: 1.444005e+03
[Iter 8030] Residual: 1.444881e+03
[Iter 8040] Residual: 1.444472e+03
[Iter 8050] Residual: 1.444887e+03
[Iter 8060] Residual: 1.444633e+03
[Iter 8070] Residual: 1.444042e+03
[Iter 8080] Residual: 1.444249e+03
[Iter 8090] Residual: 1.444469e+03
[Iter 8100] Residual: 1.444510e+03
[Iter 8110] Residual: 1.444030e+03
[Iter 8120] Residual: 1.443926e+03
[Iter 8130] Residual: 1.444006e+03
[Iter 8140] Residual: 1.443475e+03
[Iter 8150] Residual: 1.443989e+03
[Iter 8160] Residual: 1.443889e+03
[Iter 8170] Residual: 1.443378e+03
[Iter 8180] Residual: 1.442727e+03
[Iter 8190] Residual: 1.442981e+03
[Iter 8200] Residual: 1.443224e+03
[Iter 8210] Residual: 1.443038e+03
[Iter 8220] Residual: 1.443151e+03
[Iter 8230] Residual: 1.442995e+03
[Iter 8240] Residual: 1.442801e+03
[Iter 8250] Residual: 1.442711e+03
[Iter 8260] Residual: 1.442816e+03
[Iter 8270] Residual: 1.442690e+03
[Iter 8280] Residual: 1.442398e+03
[Iter 8290] Residual: 1.442298e+03
[Iter 8300] Residual: 1.442461e+03
[Iter 8310] Residual: 1.442296e+03
[Iter 8320] Residual: 1.442199e+03
[Iter 8330] Residual: 1.442212e+03
[Iter 8340] Residual: 1.441969e+03
[Iter 8350] Residual: 1.441519e+03
[Iter 8360] Residual: 1.441649e+03
[Iter 8370] Residual: 1.441631e+03
[Iter 8380] Residual: 1.441499e+03
[Iter 8390] Residual: 1.441203e+03
[Iter 8400] Residual: 1.441411e+03
[Iter 8410] Residual: 1.441496e+03
[Iter 8420] Residual: 1.441251e+03
[Iter 8430] Residual: 1.441142e+03
[Iter 8440] Residual: 1.441202e+03
[Iter 8450] Residual: 1.440895e+03
[Iter 8460] Residual: 1.441002e+03
[Iter 8470] Residual: 1.440778e+03
[Iter 8480] Residual: 1.440981e+03
[Iter 8490] Residual: 1.440251e+03
[Iter 8500] Residual: 1.440299e+03
[Iter 8510] Residual: 1.440150e+03
[Iter 8520] Residual: 1.440589e+03
[Iter 8530] Residual: 1.440460e+03
[Iter 8540] Residual: 1.440034e+03
[Iter 8550] Residual: 1.440096e+03
[Iter 8560] Residual: 1.439839e+03
[Iter 8570] Residual: 1.439765e+03
[Iter 8580] Residual: 1.440191e+03
[Iter 8590] Residual: 1.439709e+03
[Iter 8600] Residual: 1.439860e+03
[Iter 8610] Residual: 1.439964e+03
[Iter 8620] Residual: 1.439445e+03
[Iter 8630] Residual: 1.439294e+03
[Iter 8640] Residual: 1.439456e+03
[Iter 8650] Residual: 1.439457e+03
[Iter 8660] Residual: 1.439498e+03
[Iter 8670] Residual: 1.439270e+03
[Iter 8680] Residual: 1.439207e+03
[Iter 8690] Residual: 1.439009e+03
[Iter 8700] Residual: 1.438864e+03
[Iter 8710] Residual: 1.438659e+03
[Iter 8720] Residual: 1.438772e+03
[Iter 8730] Residual: 1.438838e+03
[Iter 8740] Residual: 1.437786e+03
[Iter 8750] Residual: 1.438319e+03
[Iter 8760] Residual: 1.438329e+03
[Iter 8770] Residual: 1.438107e+03
[Iter 8780] Residual: 1.438209e+03
[Iter 8790] Residual: 1.438111e+03
[Iter 8800] Residual: 1.437627e+03
[Iter 8810] Residual: 1.438171e+03
[Iter 8820] Residual: 1.437593e+03
[Iter 8830] Residual: 1.438059e+03
[Iter 8840] Residual: 1.437911e+03
[Iter 8850] Residual: 1.437510e+03
[Iter 8860] Residual: 1.437461e+03
[Iter 8870] Residual: 1.437385e+03
[Iter 8880] Residual: 1.437494e+03
[Iter 8890] Residual: 1.437190e+03
[Iter 8900] Residual: 1.437361e+03
[Iter 8910] Residual: 1.436903e+03
[Iter 8920] Residual: 1.436983e+03
[Iter 8930] Residual: 1.436803e+03
[Iter 8940] Residual: 1.436900e+03
[Iter 8950] Residual: 1.436509e+03
[Iter 8960] Residual: 1.436278e+03
[Iter 8970] Residual: 1.436533e+03
[Iter 8980] Residual: 1.436640e+03
[Iter 8990] Residual: 1.436392e+03
[Iter 9000] Residual: 1.435982e+03
[Iter 9010] Residual: 1.436478e+03
[Iter 9020] Residual: 1.436223e+03
[Iter 9030] Residual: 1.435999e+03
[Iter 9040] Residual: 1.435777e+03
[Iter 9050] Residual: 1.435978e+03
[Iter 9060] Residual: 1.435748e+03
[Iter 9070] Residual: 1.435800e+03
[Iter 9080] Residual: 1.435599e+03
[Iter 9090] Residual: 1.435307e+03
[Iter 9100] Residual: 1.435334e+03
[Iter 9110] Residual: 1.435699e+03
[Iter 9120] Residual: 1.435065e+03
[Iter 9130] Residual: 1.435286e+03
[Iter 9140] Residual: 1.434963e+03
[Iter 9150] Residual: 1.434841e+03
[Iter 9160] Residual: 1.434901e+03
[Iter 9170] Residual: 1.434941e+03
[Iter 9180] Residual: 1.434643e+03
[Iter 9190] Residual: 1.434639e+03
[Iter 9200] Residual: 1.434588e+03
[Iter 9210] Residual: 1.434608e+03
[Iter 9220] Residual: 1.434326e+03
[Iter 9230] Residual: 1.434002e+03
[Iter 9240] Residual: 1.433801e+03
[Iter 9250] Residual: 1.434175e+03
[Iter 9260] Residual: 1.433800e+03
[Iter 9270] Residual: 1.433835e+03
[Iter 9280] Residual: 1.433554e+03
[Iter 9290] Residual: 1.434189e+03
[Iter 9300] Residual: 1.433498e+03
[Iter 9310] Residual: 1.433287e+03
[Iter 9320] Residual: 1.433266e+03
[Iter 9330] Residual: 1.433283e+03
[Iter 9340] Residual: 1.433262e+03
[Iter 9350] Residual: 1.433043e+03
[Iter 9360] Residual: 1.432741e+03
[Iter 9370] Residual: 1.433126e+03
[Iter 9380] Residual: 1.432848e+03
[Iter 9390] Residual: 1.432959e+03
[Iter 9400] Residual: 1.433172e+03
[Iter 9410] Residual: 1.432833e+03
[Iter 9420] Residual: 1.432700e+03
[Iter 9430] Residual: 1.432569e+03
[Iter 9440] Residual: 1.432779e+03
[Iter 9450] Residual: 1.432601e+03
[Iter 9460] Residual: 1.432693e+03
[Iter 9470] Residual: 1.432353e+03
[Iter 9480] Residual: 1.432209e+03
[Iter 9490] Residual: 1.432104e+03
[Iter 9500] Residual: 1.431873e+03
[Iter 9510] Residual: 1.432121e+03
[Iter 9520] Residual: 1.431871e+03
[Iter 9530] Residual: 1.432293e+03
[Iter 9540] Residual: 1.431705e+03
[Iter 9550] Residual: 1.431686e+03
[Iter 9560] Residual: 1.431413e+03
[Iter 9570] Residual: 1.431475e+03
[Iter 9580] Residual: 1.431229e+03
[Iter 9590] Residual: 1.431463e+03
[Iter 9600] Residual: 1.431326e+03
[Iter 9610] Residual: 1.431398e+03
[Iter 9620] Residual: 1.430523e+03
[Iter 9630] Residual: 1.431080e+03
[Iter 9640] Residual: 1.430821e+03
[Iter 9650] Residual: 1.430813e+03
[Iter 9660] Residual: 1.430955e+03
[Iter 9670] Residual: 1.430219e+03
[Iter 9680] Residual: 1.430502e+03
[Iter 9690] Residual: 1.430703e+03
[Iter 9700] Residual: 1.430876e+03
[Iter 9710] Residual: 1.430516e+03
[Iter 9720] Residual: 1.430368e+03
[Iter 9730] Residual: 1.430350e+03
[Iter 9740] Residual: 1.430328e+03
[Iter 9750] Residual: 1.429976e+03
[Iter 9760] Residual: 1.430490e+03
[Iter 9770] Residual: 1.429835e+03
[Iter 9780] Residual: 1.429801e+03
[Iter 9790] Residual: 1.430244e+03
[Iter 9800] Residual: 1.429948e+03
[Iter 9810] Residual: 1.430016e+03
[Iter 9820] Residual: 1.429823e+03
[Iter 9830] Residual: 1.429501e+03
[Iter 9840] Residual: 1.429804e+03
[Iter 9850] Residual: 1.429388e+03
[Iter 9860] Residual: 1.429469e+03
[Iter 9870] Residual: 1.429293e+03
[Iter 9880] Residual: 1.428722e+03
[Iter 9890] Residual: 1.429050e+03
[Iter 9900] Residual: 1.428685e+03
[Iter 9910] Residual: 1.428323e+03
[Iter 9920] Residual: 1.428687e+03
[Iter 9930] Residual: 1.428766e+03
[Iter 9940] Residual: 1.428048e+03
[Iter 9950] Residual: 1.428293e+03
[Iter 9960] Residual: 1.428413e+03
[Iter 9970] Residual: 1.428249e+03
[Iter 9980] Residual: 1.428368e+03
[Iter 9990] Residual: 1.428234e+03
[Iter 10000] Residual: 1.428082e+03
[Completed] Time: 2.438356 s
[Completed] Residual: 1.441420e+03
[Completed] #Iteration: 10000
[c01-01:146126] 255 more processes have sent help message help-mpi-btl-openib.txt / ib port not selected
[c01-01:146126] Set MCA parameter "orte_base_help_aggregate" to 0 to see all help / error messages
[c01-01:146126] 255 more processes have sent help message help-mpi-btl-openib.txt / error in device init
