--------------------------------------------------------------------------
By default, for Open MPI 4.0 and later, infiniband ports on a device
are not used by default.  The intent is to use UCX for these devices.
You can override this policy by setting the btl_openib_allow_ib MCA parameter
to true.

  Local host:              c30-01
  Local adapter:           mlx4_0
  Local port:              1

--------------------------------------------------------------------------
--------------------------------------------------------------------------
WARNING: There was an error initializing an OpenFabrics device.

  Local host:   c30-01
  Local device: mlx4_0
--------------------------------------------------------------------------
[Iter 0] Residual: 200
[Iter 10] Residual: 1.947326e+02
[Iter 20] Residual: 1.926698e+02
[Iter 30] Residual: 1.907031e+02
[Iter 40] Residual: 1.897333e+02
[Iter 50] Residual: 1.885471e+02
[Iter 60] Residual: 1.874738e+02
[Iter 70] Residual: 1.864863e+02
[Iter 80] Residual: 1.855667e+02
[Iter 90] Residual: 1.847029e+02
[Iter 100] Residual: 1.838856e+02
[Iter 110] Residual: 1.831081e+02
[Iter 120] Residual: 1.823651e+02
[Iter 130] Residual: 1.816524e+02
[Iter 140] Residual: 1.809665e+02
[Iter 150] Residual: 1.803047e+02
[Iter 160] Residual: 1.796645e+02
[Iter 170] Residual: 1.790440e+02
[Iter 180] Residual: 1.784414e+02
[Iter 190] Residual: 1.778553e+02
[Iter 200] Residual: 1.772844e+02
[Iter 210] Residual: 1.767276e+02
[Iter 220] Residual: 1.761839e+02
[Iter 230] Residual: 1.756524e+02
[Iter 240] Residual: 1.751323e+02
[Iter 250] Residual: 1.746229e+02
[Iter 260] Residual: 1.741236e+02
[Iter 270] Residual: 1.736338e+02
[Iter 280] Residual: 1.731530e+02
[Iter 290] Residual: 1.726806e+02
[Iter 300] Residual: 1.722164e+02
[Iter 310] Residual: 1.717597e+02
[Iter 320] Residual: 1.713104e+02
[Iter 330] Residual: 1.708681e+02
[Iter 340] Residual: 1.704324e+02
[Iter 350] Residual: 1.700030e+02
[Iter 360] Residual: 1.695798e+02
[Iter 370] Residual: 1.691624e+02
[Iter 380] Residual: 1.687505e+02
[Iter 390] Residual: 1.683441e+02
[Iter 400] Residual: 1.679428e+02
[Iter 410] Residual: 1.675465e+02
[Iter 420] Residual: 1.671550e+02
[Iter 430] Residual: 1.667681e+02
[Iter 440] Residual: 1.663857e+02
[Iter 450] Residual: 1.660076e+02
[Iter 460] Residual: 1.656337e+02
[Iter 470] Residual: 1.652639e+02
[Iter 480] Residual: 1.648979e+02
[Iter 490] Residual: 1.645357e+02
[Iter 500] Residual: 1.641772e+02
[Iter 510] Residual: 1.638223e+02
[Iter 520] Residual: 1.634708e+02
[Iter 530] Residual: 1.631227e+02
[Iter 540] Residual: 1.627779e+02
[Iter 550] Residual: 1.624362e+02
[Iter 560] Residual: 1.620977e+02
[Iter 570] Residual: 1.617621e+02
[Iter 580] Residual: 1.614294e+02
[Iter 590] Residual: 1.610997e+02
[Iter 600] Residual: 1.607727e+02
[Iter 610] Residual: 1.604484e+02
[Iter 620] Residual: 1.601267e+02
[Iter 630] Residual: 1.598077e+02
[Iter 640] Residual: 1.594911e+02
[Iter 650] Residual: 1.591770e+02
[Iter 660] Residual: 1.588654e+02
[Iter 670] Residual: 1.585560e+02
[Iter 680] Residual: 1.582490e+02
[Iter 690] Residual: 1.579442e+02
[Iter 700] Residual: 1.576417e+02
[Iter 710] Residual: 1.573412e+02
[Iter 720] Residual: 1.570429e+02
[Iter 730] Residual: 1.567467e+02
[Iter 740] Residual: 1.564524e+02
[Iter 750] Residual: 1.561602e+02
[Iter 760] Residual: 1.558699e+02
[Iter 770] Residual: 1.555814e+02
[Iter 780] Residual: 1.552949e+02
[Iter 790] Residual: 1.550102e+02
[Iter 800] Residual: 1.547273e+02
[Iter 810] Residual: 1.544461e+02
[Iter 820] Residual: 1.541667e+02
[Iter 830] Residual: 1.538890e+02
[Iter 840] Residual: 1.536129e+02
[Iter 850] Residual: 1.533385e+02
[Iter 860] Residual: 1.530657e+02
[Iter 870] Residual: 1.527944e+02
[Iter 880] Residual: 1.525247e+02
[Iter 890] Residual: 1.522566e+02
[Iter 900] Residual: 1.519899e+02
[Iter 910] Residual: 1.521005e+02
[Iter 920] Residual: 1.514610e+02
[Iter 930] Residual: 1.511988e+02
[Iter 940] Residual: 1.509379e+02
[Iter 950] Residual: 1.506784e+02
[Iter 960] Residual: 1.504202e+02
[Iter 970] Residual: 1.501634e+02
[Iter 980] Residual: 1.499079e+02
[Iter 990] Residual: 1.496538e+02
[Iter 1000] Residual: 1.494009e+02
[Iter 1010] Residual: 1.491492e+02
[Iter 1020] Residual: 1.488988e+02
[Iter 1030] Residual: 1.486497e+02
[Iter 1040] Residual: 1.484017e+02
[Iter 1050] Residual: 1.481549e+02
[Iter 1060] Residual: 1.479093e+02
[Iter 1070] Residual: 1.476649e+02
[Iter 1080] Residual: 1.474216e+02
[Iter 1090] Residual: 1.471794e+02
[Iter 1100] Residual: 1.469383e+02
[Iter 1110] Residual: 1.466983e+02
[Iter 1120] Residual: 1.466465e+02
[Iter 1130] Residual: 1.462216e+02
[Iter 1140] Residual: 1.459848e+02
[Iter 1150] Residual: 1.457490e+02
[Iter 1160] Residual: 1.455143e+02
[Iter 1170] Residual: 1.452806e+02
[Iter 1180] Residual: 1.450479e+02
[Iter 1190] Residual: 1.448161e+02
[Iter 1200] Residual: 1.445854e+02
[Iter 1210] Residual: 1.443556e+02
[Iter 1220] Residual: 1.441267e+02
[Iter 1230] Residual: 1.438988e+02
[Iter 1240] Residual: 1.436718e+02
[Iter 1250] Residual: 1.434457e+02
[Iter 1260] Residual: 1.432205e+02
[Iter 1270] Residual: 1.429963e+02
[Iter 1280] Residual: 1.427729e+02
[Iter 1290] Residual: 1.425503e+02
[Iter 1300] Residual: 1.423287e+02
[Iter 1310] Residual: 1.421078e+02
[Iter 1320] Residual: 1.418879e+02
[Iter 1330] Residual: 1.416687e+02
[Iter 1340] Residual: 1.414504e+02
[Iter 1350] Residual: 1.412329e+02
[Iter 1360] Residual: 1.410162e+02
[Iter 1370] Residual: 1.408003e+02
[Iter 1380] Residual: 1.405852e+02
[Iter 1390] Residual: 1.403708e+02
[Iter 1400] Residual: 1.401573e+02
[Iter 1410] Residual: 1.399445e+02
[Iter 1420] Residual: 1.397324e+02
[Iter 1430] Residual: 1.395211e+02
[Iter 1440] Residual: 1.393106e+02
[Iter 1450] Residual: 1.391007e+02
[Iter 1460] Residual: 1.388916e+02
[Iter 1470] Residual: 1.386832e+02
[Iter 1480] Residual: 1.384756e+02
[Iter 1490] Residual: 1.382686e+02
[Iter 1500] Residual: 1.380623e+02
[Iter 1510] Residual: 1.378567e+02
[Iter 1520] Residual: 1.376518e+02
[Iter 1530] Residual: 1.374476e+02
[Iter 1540] Residual: 1.372440e+02
[Iter 1550] Residual: 1.370411e+02
[Iter 1560] Residual: 1.368388e+02
[Iter 1570] Residual: 1.366372e+02
[Iter 1580] Residual: 1.364363e+02
[Iter 1590] Residual: 1.362359e+02
[Iter 1600] Residual: 1.360363e+02
[Iter 1610] Residual: 1.358372e+02
[Iter 1620] Residual: 1.356387e+02
[Iter 1630] Residual: 1.354409e+02
[Iter 1640] Residual: 1.352437e+02
[Iter 1650] Residual: 1.350471e+02
[Iter 1660] Residual: 1.348510e+02
[Iter 1670] Residual: 1.346556e+02
[Iter 1680] Residual: 1.344608e+02
[Iter 1690] Residual: 1.342665e+02
[Iter 1700] Residual: 1.340728e+02
[Iter 1710] Residual: 1.338797e+02
[Iter 1720] Residual: 1.336872e+02
[Iter 1730] Residual: 1.334952e+02
[Iter 1740] Residual: 1.333037e+02
[Iter 1750] Residual: 1.331129e+02
[Iter 1760] Residual: 1.329225e+02
[Iter 1770] Residual: 1.327328e+02
[Iter 1780] Residual: 1.325435e+02
[Iter 1790] Residual: 1.323548e+02
[Iter 1800] Residual: 1.321666e+02
[Iter 1810] Residual: 1.319790e+02
[Iter 1820] Residual: 1.317918e+02
[Iter 1830] Residual: 1.316052e+02
[Iter 1840] Residual: 1.314191e+02
[Iter 1850] Residual: 1.312335e+02
[Iter 1860] Residual: 1.310484e+02
[Iter 1870] Residual: 1.308638e+02
[Iter 1880] Residual: 1.306797e+02
[Iter 1890] Residual: 1.304961e+02
[Iter 1900] Residual: 1.303130e+02
[Iter 1910] Residual: 1.301304e+02
[Iter 1920] Residual: 1.299482e+02
[Iter 1930] Residual: 1.297665e+02
[Iter 1940] Residual: 1.295853e+02
[Iter 1950] Residual: 1.294046e+02
[Iter 1960] Residual: 1.292244e+02
[Iter 1970] Residual: 1.290446e+02
[Iter 1980] Residual: 1.288652e+02
[Iter 1990] Residual: 1.286863e+02
[Iter 2000] Residual: 1.285079e+02
[Iter 2010] Residual: 1.283299e+02
[Iter 2020] Residual: 1.281524e+02
[Iter 2030] Residual: 1.279753e+02
[Iter 2040] Residual: 1.277987e+02
[Iter 2050] Residual: 1.276225e+02
[Iter 2060] Residual: 1.274467e+02
[Iter 2070] Residual: 1.272713e+02
[Iter 2080] Residual: 1.270964e+02
[Iter 2090] Residual: 1.269219e+02
[Iter 2100] Residual: 1.267479e+02
[Iter 2110] Residual: 1.265742e+02
[Iter 2120] Residual: 1.264010e+02
[Iter 2130] Residual: 1.262282e+02
[Iter 2140] Residual: 1.260557e+02
[Iter 2150] Residual: 1.258837e+02
[Iter 2160] Residual: 1.257121e+02
[Iter 2170] Residual: 1.255409e+02
[Iter 2180] Residual: 1.253701e+02
[Iter 2190] Residual: 1.251997e+02
[Iter 2200] Residual: 1.250297e+02
[Iter 2210] Residual: 1.248601e+02
[Iter 2220] Residual: 1.246909e+02
[Iter 2230] Residual: 1.245220e+02
[Iter 2240] Residual: 1.243536e+02
[Iter 2250] Residual: 1.241855e+02
[Iter 2260] Residual: 1.240178e+02
[Iter 2270] Residual: 1.238505e+02
[Iter 2280] Residual: 1.236835e+02
[Iter 2290] Residual: 1.235170e+02
[Iter 2300] Residual: 1.233507e+02
[Iter 2310] Residual: 1.231849e+02
[Iter 2320] Residual: 1.230194e+02
[Iter 2330] Residual: 1.228543e+02
[Iter 2340] Residual: 1.226896e+02
[Iter 2350] Residual: 1.225252e+02
[Iter 2360] Residual: 1.223611e+02
[Iter 2370] Residual: 1.221974e+02
[Iter 2380] Residual: 1.220341e+02
[Iter 2390] Residual: 1.218711e+02
[Iter 2400] Residual: 1.217085e+02
[Iter 2410] Residual: 1.215462e+02
[Iter 2420] Residual: 1.213842e+02
[Iter 2430] Residual: 1.212226e+02
[Iter 2440] Residual: 1.210614e+02
[Iter 2450] Residual: 1.209004e+02
[Iter 2460] Residual: 1.207398e+02
[Iter 2470] Residual: 1.205796e+02
[Iter 2480] Residual: 1.204196e+02
[Iter 2490] Residual: 1.202600e+02
[Iter 2500] Residual: 1.201008e+02
[Iter 2510] Residual: 1.199418e+02
[Iter 2520] Residual: 1.197832e+02
[Iter 2530] Residual: 1.196249e+02
[Iter 2540] Residual: 1.194669e+02
[Iter 2550] Residual: 1.193092e+02
[Iter 2560] Residual: 1.191519e+02
[Iter 2570] Residual: 1.189948e+02
[Iter 2580] Residual: 1.188381e+02
[Iter 2590] Residual: 1.186817e+02
[Iter 2600] Residual: 1.185256e+02
[Iter 2610] Residual: 1.183698e+02
[Iter 2620] Residual: 1.182143e+02
[Iter 2630] Residual: 1.180592e+02
[Iter 2640] Residual: 1.179043e+02
[Iter 2650] Residual: 1.177497e+02
[Iter 2660] Residual: 1.175954e+02
[Iter 2670] Residual: 1.174415e+02
[Iter 2680] Residual: 1.172878e+02
[Iter 2690] Residual: 1.171344e+02
[Iter 2700] Residual: 1.169813e+02
[Iter 2710] Residual: 1.168285e+02
[Iter 2720] Residual: 1.166760e+02
[Iter 2730] Residual: 1.167060e+02
[Iter 2740] Residual: 1.163718e+02
[Iter 2750] Residual: 1.162202e+02
[Iter 2760] Residual: 1.160688e+02
[Iter 2770] Residual: 1.159178e+02
[Iter 2780] Residual: 1.157670e+02
[Iter 2790] Residual: 1.156164e+02
[Iter 2800] Residual: 1.154662e+02
[Iter 2810] Residual: 1.153163e+02
[Iter 2820] Residual: 1.151666e+02
[Iter 2830] Residual: 1.150172e+02
[Iter 2840] Residual: 1.148680e+02
[Iter 2850] Residual: 1.147192e+02
[Iter 2860] Residual: 1.145706e+02
[Iter 2870] Residual: 1.144223e+02
[Iter 2880] Residual: 1.142742e+02
[Iter 2890] Residual: 1.141264e+02
[Iter 2900] Residual: 1.139789e+02
[Iter 2910] Residual: 1.138317e+02
[Iter 2920] Residual: 1.136847e+02
[Iter 2930] Residual: 1.135380e+02
[Iter 2940] Residual: 1.133915e+02
[Iter 2950] Residual: 1.132453e+02
[Iter 2960] Residual: 1.130994e+02
[Iter 2970] Residual: 1.129537e+02
[Iter 2980] Residual: 1.128082e+02
[Iter 2990] Residual: 1.126631e+02
[Iter 3000] Residual: 1.125181e+02
[Iter 3010] Residual: 1.123735e+02
[Iter 3020] Residual: 1.122291e+02
[Iter 3030] Residual: 1.120849e+02
[Iter 3040] Residual: 1.119410e+02
[Iter 3050] Residual: 1.117973e+02
[Iter 3060] Residual: 1.116539e+02
[Iter 3070] Residual: 1.115107e+02
[Iter 3080] Residual: 1.113678e+02
[Iter 3090] Residual: 1.112251e+02
[Iter 3100] Residual: 1.110827e+02
[Iter 3110] Residual: 1.109405e+02
[Iter 3120] Residual: 1.107985e+02
[Iter 3130] Residual: 1.106568e+02
[Iter 3140] Residual: 1.105153e+02
[Iter 3150] Residual: 1.103741e+02
[Iter 3160] Residual: 1.102331e+02
[Iter 3170] Residual: 1.100923e+02
[Iter 3180] Residual: 1.099518e+02
[Iter 3190] Residual: 1.098115e+02
[Iter 3200] Residual: 1.096715e+02
[Iter 3210] Residual: 1.095316e+02
[Iter 3220] Residual: 1.093920e+02
[Iter 3230] Residual: 1.092527e+02
[Iter 3240] Residual: 1.091135e+02
[Iter 3250] Residual: 1.089746e+02
[Iter 3260] Residual: 1.088360e+02
[Iter 3270] Residual: 1.086975e+02
[Iter 3280] Residual: 1.085593e+02
[Iter 3290] Residual: 1.084213e+02
[Iter 3300] Residual: 1.082835e+02
[Iter 3310] Residual: 1.081460e+02
[Iter 3320] Residual: 1.080086e+02
[Iter 3330] Residual: 1.078715e+02
[Iter 3340] Residual: 1.077346e+02
[Iter 3350] Residual: 1.075980e+02
[Iter 3360] Residual: 1.074615e+02
[Iter 3370] Residual: 1.073253e+02
[Iter 3380] Residual: 1.071893e+02
[Iter 3390] Residual: 1.070535e+02
[Iter 3400] Residual: 1.069179e+02
[Iter 3410] Residual: 1.067825e+02
[Iter 3420] Residual: 1.066474e+02
[Iter 3430] Residual: 1.065125e+02
[Iter 3440] Residual: 1.063777e+02
[Iter 3450] Residual: 1.062432e+02
[Iter 3460] Residual: 1.061089e+02
[Iter 3470] Residual: 1.059748e+02
[Iter 3480] Residual: 1.058410e+02
[Iter 3490] Residual: 1.060593e+02
[Iter 3500] Residual: 1.055738e+02
[Iter 3510] Residual: 1.054406e+02
[Iter 3520] Residual: 1.053075e+02
[Iter 3530] Residual: 1.051747e+02
[Iter 3540] Residual: 1.050421e+02
[Iter 3550] Residual: 1.049096e+02
[Iter 3560] Residual: 1.047774e+02
[Iter 3570] Residual: 1.046454e+02
[Iter 3580] Residual: 1.045136e+02
[Iter 3590] Residual: 1.043820e+02
[Iter 3600] Residual: 1.042505e+02
[Iter 3610] Residual: 1.041193e+02
[Iter 3620] Residual: 1.039883e+02
[Iter 3630] Residual: 1.038575e+02
[Iter 3640] Residual: 1.037269e+02
[Iter 3650] Residual: 1.035965e+02
[Iter 3660] Residual: 1.034663e+02
[Iter 3670] Residual: 1.033362e+02
[Iter 3680] Residual: 1.032064e+02
[Iter 3690] Residual: 1.030768e+02
[Iter 3700] Residual: 1.029473e+02
[Iter 3710] Residual: 1.028181e+02
[Iter 3720] Residual: 1.026890e+02
[Iter 3730] Residual: 1.025602e+02
[Iter 3740] Residual: 1.024315e+02
[Iter 3750] Residual: 1.023031e+02
[Iter 3760] Residual: 1.021748e+02
[Iter 3770] Residual: 1.020467e+02
[Iter 3780] Residual: 1.019188e+02
[Iter 3790] Residual: 1.017911e+02
[Iter 3800] Residual: 1.016636e+02
[Iter 3810] Residual: 1.015362e+02
[Iter 3820] Residual: 1.014091e+02
[Iter 3830] Residual: 1.012821e+02
[Iter 3840] Residual: 1.011554e+02
[Iter 3850] Residual: 1.010288e+02
[Iter 3860] Residual: 1.009024e+02
[Iter 3870] Residual: 1.007762e+02
[Iter 3880] Residual: 1.006501e+02
[Iter 3890] Residual: 1.005243e+02
[Iter 3900] Residual: 1.003986e+02
[Iter 3910] Residual: 1.002732e+02
[Iter 3920] Residual: 1.001479e+02
[Iter 3930] Residual: 1.000227e+02
[Iter 3940] Residual: 9.989781e+01
[Iter 3950] Residual: 9.977306e+01
[Iter 3960] Residual: 9.964849e+01
[Iter 3970] Residual: 9.952410e+01
[Iter 3980] Residual: 9.939988e+01
[Iter 3990] Residual: 9.927585e+01
[Iter 4000] Residual: 9.915199e+01
[Iter 4010] Residual: 9.902832e+01
[Iter 4020] Residual: 9.890481e+01
[Iter 4030] Residual: 9.878149e+01
[Iter 4040] Residual: 9.865834e+01
[Iter 4050] Residual: 9.853537e+01
[Iter 4060] Residual: 9.841257e+01
[Iter 4070] Residual: 9.828995e+01
[Iter 4080] Residual: 9.816750e+01
[Iter 4090] Residual: 9.804523e+01
[Iter 4100] Residual: 9.792313e+01
[Iter 4110] Residual: 9.780120e+01
[Iter 4120] Residual: 9.767945e+01
[Iter 4130] Residual: 9.755787e+01
[Iter 4140] Residual: 9.743646e+01
[Iter 4150] Residual: 9.731522e+01
[Iter 4160] Residual: 9.719415e+01
[Iter 4170] Residual: 9.707325e+01
[Iter 4180] Residual: 9.695252e+01
[Iter 4190] Residual: 9.683196e+01
[Iter 4200] Residual: 9.671157e+01
[Iter 4210] Residual: 9.659135e+01
[Iter 4220] Residual: 9.647130e+01
[Iter 4230] Residual: 9.635141e+01
[Iter 4240] Residual: 9.623169e+01
[Iter 4250] Residual: 9.611214e+01
[Iter 4260] Residual: 9.599275e+01
[Iter 4270] Residual: 9.587353e+01
[Iter 4280] Residual: 9.575448e+01
[Iter 4290] Residual: 9.563559e+01
[Iter 4300] Residual: 9.551687e+01
[Iter 4310] Residual: 9.539831e+01
[Iter 4320] Residual: 9.527991e+01
[Iter 4330] Residual: 9.516168e+01
[Iter 4340] Residual: 9.504361e+01
[Iter 4350] Residual: 9.492571e+01
[Iter 4360] Residual: 9.480796e+01
[Iter 4370] Residual: 9.469038e+01
[Iter 4380] Residual: 9.457296e+01
[Iter 4390] Residual: 9.445571e+01
[Iter 4400] Residual: 9.433861e+01
[Iter 4410] Residual: 9.422167e+01
[Iter 4420] Residual: 9.410489e+01
[Iter 4430] Residual: 9.398828e+01
[Iter 4440] Residual: 9.387182e+01
[Iter 4450] Residual: 9.375552e+01
[Iter 4460] Residual: 9.363938e+01
[Iter 4470] Residual: 9.352340e+01
[Iter 4480] Residual: 9.340758e+01
[Iter 4490] Residual: 9.329191e+01
[Iter 4500] Residual: 9.317640e+01
[Iter 4510] Residual: 9.306105e+01
[Iter 4520] Residual: 9.294585e+01
[Iter 4530] Residual: 9.283081e+01
[Iter 4540] Residual: 9.271593e+01
[Iter 4550] Residual: 9.260120e+01
[Iter 4560] Residual: 9.248663e+01
[Iter 4570] Residual: 9.237221e+01
[Iter 4580] Residual: 9.225795e+01
[Iter 4590] Residual: 9.214384e+01
[Iter 4600] Residual: 9.202988e+01
[Iter 4610] Residual: 9.191608e+01
[Iter 4620] Residual: 9.148026e+01
[Iter 4630] Residual: 9.168893e+01
[Iter 4640] Residual: 9.157559e+01
[Iter 4650] Residual: 9.146240e+01
[Iter 4660] Residual: 9.134936e+01
[Iter 4670] Residual: 9.123647e+01
[Iter 4680] Residual: 9.112373e+01
[Iter 4690] Residual: 9.101114e+01
[Iter 4700] Residual: 9.089871e+01
[Iter 4710] Residual: 9.078642e+01
[Iter 4720] Residual: 9.067428e+01
[Iter 4730] Residual: 9.056230e+01
[Iter 4740] Residual: 9.045046e+01
[Iter 4750] Residual: 9.033877e+01
[Iter 4760] Residual: 9.022723e+01
[Iter 4770] Residual: 9.011584e+01
[Iter 4780] Residual: 9.000459e+01
[Iter 4790] Residual: 8.989350e+01
[Iter 4800] Residual: 8.978255e+01
[Iter 4810] Residual: 8.967175e+01
[Iter 4820] Residual: 8.956109e+01
[Iter 4830] Residual: 8.945059e+01
[Iter 4840] Residual: 8.934022e+01
[Iter 4850] Residual: 8.923001e+01
[Iter 4860] Residual: 8.911994e+01
[Iter 4870] Residual: 8.901001e+01
[Iter 4880] Residual: 8.890023e+01
[Iter 4890] Residual: 8.879060e+01
[Iter 4900] Residual: 8.868111e+01
[Iter 4910] Residual: 8.857176e+01
[Iter 4920] Residual: 8.846256e+01
[Iter 4930] Residual: 8.835350e+01
[Iter 4940] Residual: 8.824458e+01
[Iter 4950] Residual: 8.813581e+01
[Iter 4960] Residual: 8.802718e+01
[Iter 4970] Residual: 8.791869e+01
[Iter 4980] Residual: 8.781035e+01
[Iter 4990] Residual: 8.770215e+01
[Iter 5000] Residual: 8.759408e+01
[Iter 5010] Residual: 8.748616e+01
[Iter 5020] Residual: 8.737839e+01
[Iter 5030] Residual: 8.727075e+01
[Iter 5040] Residual: 8.716325e+01
[Iter 5050] Residual: 8.705589e+01
[Iter 5060] Residual: 8.694868e+01
[Iter 5070] Residual: 8.684160e+01
[Iter 5080] Residual: 8.673466e+01
[Iter 5090] Residual: 8.662787e+01
[Iter 5100] Residual: 8.652121e+01
[Iter 5110] Residual: 8.641469e+01
[Iter 5120] Residual: 8.630831e+01
[Iter 5130] Residual: 8.620206e+01
[Iter 5140] Residual: 8.609596e+01
[Iter 5150] Residual: 8.598999e+01
[Iter 5160] Residual: 8.588416e+01
[Iter 5170] Residual: 8.577847e+01
[Iter 5180] Residual: 8.567292e+01
[Iter 5190] Residual: 8.556750e+01
[Iter 5200] Residual: 8.546222e+01
[Iter 5210] Residual: 8.535707e+01
[Iter 5220] Residual: 8.525206e+01
[Iter 5230] Residual: 8.514719e+01
[Iter 5240] Residual: 8.504245e+01
[Iter 5250] Residual: 8.493785e+01
[Iter 5260] Residual: 8.483338e+01
[Iter 5270] Residual: 8.472905e+01
[Iter 5280] Residual: 8.462485e+01
[Iter 5290] Residual: 8.452079e+01
[Iter 5300] Residual: 8.441686e+01
[Iter 5310] Residual: 8.431306e+01
[Iter 5320] Residual: 8.420940e+01
[Iter 5330] Residual: 8.410587e+01
[Iter 5340] Residual: 8.400248e+01
[Iter 5350] Residual: 8.389921e+01
[Iter 5360] Residual: 8.379608e+01
[Iter 5370] Residual: 8.369309e+01
[Iter 5380] Residual: 8.359022e+01
[Iter 5390] Residual: 8.348749e+01
[Iter 5400] Residual: 8.338489e+01
[Iter 5410] Residual: 8.328242e+01
[Iter 5420] Residual: 8.318008e+01
[Iter 5430] Residual: 8.307788e+01
[Iter 5440] Residual: 8.297580e+01
[Iter 5450] Residual: 8.287386e+01
[Iter 5460] Residual: 8.277204e+01
[Iter 5470] Residual: 8.267036e+01
[Iter 5480] Residual: 8.256881e+01
[Iter 5490] Residual: 8.246738e+01
[Iter 5500] Residual: 8.236609e+01
[Iter 5510] Residual: 8.226492e+01
[Iter 5520] Residual: 8.216389e+01
[Iter 5530] Residual: 8.206298e+01
[Iter 5540] Residual: 8.196220e+01
[Iter 5550] Residual: 8.186155e+01
[Iter 5560] Residual: 8.176103e+01
[Iter 5570] Residual: 8.166064e+01
[Iter 5580] Residual: 8.156038e+01
[Iter 5590] Residual: 8.146024e+01
[Iter 5600] Residual: 8.136023e+01
[Iter 5610] Residual: 8.126035e+01
[Iter 5620] Residual: 8.116059e+01
[Iter 5630] Residual: 8.106097e+01
[Iter 5640] Residual: 8.096146e+01
[Iter 5650] Residual: 8.086209e+01
[Iter 5660] Residual: 8.076284e+01
[Iter 5670] Residual: 8.066372e+01
[Iter 5680] Residual: 8.056472e+01
[Iter 5690] Residual: 8.046585e+01
[Iter 5700] Residual: 8.036711e+01
[Iter 5710] Residual: 8.026849e+01
[Iter 5720] Residual: 8.016999e+01
[Iter 5730] Residual: 8.007162e+01
[Iter 5740] Residual: 7.997338e+01
[Iter 5750] Residual: 7.987525e+01
[Iter 5760] Residual: 7.977726e+01
[Iter 5770] Residual: 7.967939e+01
[Iter 5780] Residual: 7.958164e+01
[Iter 5790] Residual: 7.948401e+01
[Iter 5800] Residual: 7.938651e+01
[Iter 5810] Residual: 7.928913e+01
[Iter 5820] Residual: 7.919188e+01
[Iter 5830] Residual: 7.909475e+01
[Iter 5840] Residual: 7.899774e+01
[Iter 5850] Residual: 7.890085e+01
[Iter 5860] Residual: 7.880409e+01
[Iter 5870] Residual: 7.870744e+01
[Iter 5880] Residual: 7.861092e+01
[Iter 5890] Residual: 7.851453e+01
[Iter 5900] Residual: 7.841825e+01
[Iter 5910] Residual: 7.832209e+01
[Iter 5920] Residual: 7.822606e+01
[Iter 5930] Residual: 7.813015e+01
[Iter 5940] Residual: 7.803436e+01
[Iter 5950] Residual: 7.793868e+01
[Iter 5960] Residual: 7.784313e+01
[Iter 5970] Residual: 7.774770e+01
[Iter 5980] Residual: 7.765239e+01
[Iter 5990] Residual: 7.755720e+01
[Iter 6000] Residual: 7.746213e+01
[Iter 6010] Residual: 7.736718e+01
[Iter 6020] Residual: 7.727235e+01
[Iter 6030] Residual: 7.717764e+01
[Iter 6040] Residual: 7.708304e+01
[Iter 6050] Residual: 7.698857e+01
[Iter 6060] Residual: 7.689421e+01
[Iter 6070] Residual: 7.679998e+01
[Iter 6080] Residual: 7.670586e+01
[Iter 6090] Residual: 7.661186e+01
[Iter 6100] Residual: 7.651797e+01
[Iter 6110] Residual: 7.642421e+01
[Iter 6120] Residual: 7.633056e+01
[Iter 6130] Residual: 7.623703e+01
[Iter 6140] Residual: 7.614362e+01
[Iter 6150] Residual: 7.605032e+01
[Iter 6160] Residual: 7.595715e+01
[Iter 6170] Residual: 7.586408e+01
[Iter 6180] Residual: 7.577114e+01
[Iter 6190] Residual: 7.567831e+01
[Iter 6200] Residual: 7.558560e+01
[Iter 6210] Residual: 7.549300e+01
[Iter 6220] Residual: 7.540052e+01
[Iter 6230] Residual: 7.530816e+01
[Iter 6240] Residual: 7.521591e+01
[Iter 6250] Residual: 7.512378e+01
[Iter 6260] Residual: 7.503176e+01
[Iter 6270] Residual: 7.493986e+01
[Iter 6280] Residual: 7.484807e+01
[Iter 6290] Residual: 7.475639e+01
[Iter 6300] Residual: 7.466483e+01
[Iter 6310] Residual: 7.457339e+01
[Iter 6320] Residual: 7.448206e+01
[Iter 6330] Residual: 7.439084e+01
[Iter 6340] Residual: 7.429974e+01
[Iter 6350] Residual: 7.420875e+01
[Iter 6360] Residual: 7.411788e+01
[Iter 6370] Residual: 7.402712e+01
[Iter 6380] Residual: 7.393647e+01
[Iter 6390] Residual: 7.384594e+01
[Iter 6400] Residual: 7.375551e+01
[Iter 6410] Residual: 7.366520e+01
[Iter 6420] Residual: 7.357501e+01
[Iter 6430] Residual: 7.348492e+01
[Iter 6440] Residual: 7.339495e+01
[Iter 6450] Residual: 7.330509e+01
[Iter 6460] Residual: 7.321534e+01
[Iter 6470] Residual: 7.312571e+01
[Iter 6480] Residual: 7.303618e+01
[Iter 6490] Residual: 7.294677e+01
[Iter 6500] Residual: 7.285747e+01
[Iter 6510] Residual: 7.276828e+01
[Iter 6520] Residual: 7.267920e+01
[Iter 6530] Residual: 7.259023e+01
[Iter 6540] Residual: 7.250138e+01
[Iter 6550] Residual: 7.241263e+01
[Iter 6560] Residual: 7.232399e+01
[Iter 6570] Residual: 7.223547e+01
[Iter 6580] Residual: 7.214705e+01
[Iter 6590] Residual: 7.205875e+01
[Iter 6600] Residual: 7.197055e+01
[Iter 6610] Residual: 7.188246e+01
[Iter 6620] Residual: 7.179449e+01
[Iter 6630] Residual: 7.170662e+01
[Iter 6640] Residual: 7.161886e+01
[Iter 6650] Residual: 7.153121e+01
[Iter 6660] Residual: 7.144367e+01
[Iter 6670] Residual: 7.135624e+01
[Iter 6680] Residual: 7.126892e+01
[Iter 6690] Residual: 7.118170e+01
[Iter 6700] Residual: 7.109460e+01
[Iter 6710] Residual: 7.100760e+01
[Iter 6720] Residual: 7.092071e+01
[Iter 6730] Residual: 7.083393e+01
[Iter 6740] Residual: 7.074725e+01
[Iter 6750] Residual: 7.066068e+01
[Iter 6760] Residual: 7.057423e+01
[Iter 6770] Residual: 7.048787e+01
[Iter 6780] Residual: 7.040163e+01
[Iter 6790] Residual: 7.031549e+01
[Iter 6800] Residual: 7.022946e+01
[Iter 6810] Residual: 7.014353e+01
[Iter 6820] Residual: 7.005772e+01
[Iter 6830] Residual: 6.997200e+01
[Iter 6840] Residual: 6.988640e+01
[Iter 6850] Residual: 6.980090e+01
[Iter 6860] Residual: 6.971551e+01
[Iter 6870] Residual: 6.963022e+01
[Iter 6880] Residual: 6.954504e+01
[Iter 6890] Residual: 6.945996e+01
[Iter 6900] Residual: 6.937499e+01
[Iter 6910] Residual: 6.929012e+01
[Iter 6920] Residual: 6.920536e+01
[Iter 6930] Residual: 6.912071e+01
[Iter 6940] Residual: 6.903615e+01
[Iter 6950] Residual: 6.895171e+01
[Iter 6960] Residual: 6.886737e+01
[Iter 6970] Residual: 6.878313e+01
[Iter 6980] Residual: 6.869900e+01
[Iter 6990] Residual: 6.886886e+01
[Iter 7000] Residual: 6.853104e+01
[Iter 7010] Residual: 6.844722e+01
[Iter 7020] Residual: 6.836350e+01
[Iter 7030] Residual: 6.827989e+01
[Iter 7040] Residual: 6.819638e+01
[Iter 7050] Residual: 6.811297e+01
[Iter 7060] Residual: 6.802967e+01
[Iter 7070] Residual: 6.794647e+01
[Iter 7080] Residual: 6.786337e+01
[Iter 7090] Residual: 6.778037e+01
[Iter 7100] Residual: 6.769748e+01
[Iter 7110] Residual: 6.761469e+01
[Iter 7120] Residual: 6.753200e+01
[Iter 7130] Residual: 6.744941e+01
[Iter 7140] Residual: 6.736693e+01
[Iter 7150] Residual: 6.728455e+01
[Iter 7160] Residual: 6.720227e+01
[Iter 7170] Residual: 6.712009e+01
[Iter 7180] Residual: 6.703801e+01
[Iter 7190] Residual: 6.695604e+01
[Iter 7200] Residual: 6.687416e+01
[Iter 7210] Residual: 6.679239e+01
[Iter 7220] Residual: 6.671072e+01
[Iter 7230] Residual: 6.662914e+01
[Iter 7240] Residual: 6.654767e+01
[Iter 7250] Residual: 6.646630e+01
[Iter 7260] Residual: 6.638503e+01
[Iter 7270] Residual: 6.630386e+01
[Iter 7280] Residual: 6.622279e+01
[Iter 7290] Residual: 6.614182e+01
[Iter 7300] Residual: 6.606095e+01
[Iter 7310] Residual: 6.598018e+01
[Iter 7320] Residual: 6.589951e+01
[Iter 7330] Residual: 6.581894e+01
[Iter 7340] Residual: 6.573847e+01
[Iter 7350] Residual: 6.565810e+01
[Iter 7360] Residual: 6.557783e+01
[Iter 7370] Residual: 6.549765e+01
[Iter 7380] Residual: 6.541758e+01
[Iter 7390] Residual: 6.533760e+01
[Iter 7400] Residual: 6.525772e+01
[Iter 7410] Residual: 6.517794e+01
[Iter 7420] Residual: 6.509826e+01
[Iter 7430] Residual: 6.501868e+01
[Iter 7440] Residual: 6.493919e+01
[Iter 7450] Residual: 6.485981e+01
[Iter 7460] Residual: 6.478052e+01
[Iter 7470] Residual: 6.470133e+01
[Iter 7480] Residual: 6.462223e+01
[Iter 7490] Residual: 6.454324e+01
[Iter 7500] Residual: 6.446434e+01
[Iter 7510] Residual: 6.438554e+01
[Iter 7520] Residual: 6.430683e+01
[Iter 7530] Residual: 6.422822e+01
[Iter 7540] Residual: 6.414971e+01
[Iter 7550] Residual: 6.407130e+01
[Iter 7560] Residual: 6.399298e+01
[Iter 7570] Residual: 6.391476e+01
[Iter 7580] Residual: 6.383663e+01
[Iter 7590] Residual: 6.375861e+01
[Iter 7600] Residual: 6.368067e+01
[Iter 7610] Residual: 6.360284e+01
[Iter 7620] Residual: 6.352510e+01
[Iter 7630] Residual: 6.344745e+01
[Iter 7640] Residual: 6.336990e+01
[Iter 7650] Residual: 6.329245e+01
[Iter 7660] Residual: 6.321509e+01
[Iter 7670] Residual: 6.313782e+01
[Iter 7680] Residual: 6.306066e+01
[Iter 7690] Residual: 6.298358e+01
[Iter 7700] Residual: 6.290660e+01
[Iter 7710] Residual: 6.282972e+01
[Iter 7720] Residual: 6.275293e+01
[Iter 7730] Residual: 6.267623e+01
[Iter 7740] Residual: 6.259963e+01
[Iter 7750] Residual: 6.252313e+01
[Iter 7760] Residual: 6.244671e+01
[Iter 7770] Residual: 6.237040e+01
[Iter 7780] Residual: 6.229417e+01
[Iter 7790] Residual: 6.221804e+01
[Iter 7800] Residual: 6.214200e+01
[Iter 7810] Residual: 6.206606e+01
[Iter 7820] Residual: 6.199021e+01
[Iter 7830] Residual: 6.191445e+01
[Iter 7840] Residual: 6.183879e+01
[Iter 7850] Residual: 6.176322e+01
[Iter 7860] Residual: 6.168774e+01
[Iter 7870] Residual: 6.161235e+01
[Iter 7880] Residual: 6.153706e+01
[Iter 7890] Residual: 6.146186e+01
[Iter 7900] Residual: 6.138675e+01
[Iter 7910] Residual: 6.131174e+01
[Iter 7920] Residual: 6.123681e+01
[Iter 7930] Residual: 6.116198e+01
[Iter 7940] Residual: 6.108724e+01
[Iter 7950] Residual: 6.101260e+01
[Iter 7960] Residual: 6.093804e+01
[Iter 7970] Residual: 6.086358e+01
[Iter 7980] Residual: 6.078920e+01
[Iter 7990] Residual: 6.071492e+01
[Iter 8000] Residual: 6.064073e+01
[Iter 8010] Residual: 6.056663e+01
[Iter 8020] Residual: 6.049263e+01
[Iter 8030] Residual: 6.041871e+01
[Iter 8040] Residual: 6.034488e+01
[Iter 8050] Residual: 6.027115e+01
[Iter 8060] Residual: 6.019750e+01
[Iter 8070] Residual: 6.012395e+01
[Iter 8080] Residual: 6.005048e+01
[Iter 8090] Residual: 5.997711e+01
[Iter 8100] Residual: 5.990383e+01
[Iter 8110] Residual: 5.983063e+01
[Iter 8120] Residual: 5.975753e+01
[Iter 8130] Residual: 5.968452e+01
[Iter 8140] Residual: 5.961159e+01
[Iter 8150] Residual: 5.953876e+01
[Iter 8160] Residual: 5.946601e+01
[Iter 8170] Residual: 5.939335e+01
[Iter 8180] Residual: 5.932079e+01
[Iter 8190] Residual: 5.924831e+01
[Iter 8200] Residual: 5.917592e+01
[Iter 8210] Residual: 5.910362e+01
[Iter 8220] Residual: 5.903141e+01
[Iter 8230] Residual: 5.895928e+01
[Iter 8240] Residual: 5.888725e+01
[Iter 8250] Residual: 5.881530e+01
[Iter 8260] Residual: 5.874345e+01
[Iter 8270] Residual: 5.867168e+01
[Iter 8280] Residual: 5.860000e+01
[Iter 8290] Residual: 5.852840e+01
[Iter 8300] Residual: 5.845690e+01
[Iter 8310] Residual: 5.838548e+01
[Iter 8320] Residual: 5.831415e+01
[Iter 8330] Residual: 5.824290e+01
[Iter 8340] Residual: 5.817175e+01
[Iter 8350] Residual: 5.810068e+01
[Iter 8360] Residual: 5.802970e+01
[Iter 8370] Residual: 5.795881e+01
[Iter 8380] Residual: 5.788800e+01
[Iter 8390] Residual: 5.781728e+01
[Iter 8400] Residual: 5.774665e+01
[Iter 8410] Residual: 5.767610e+01
[Iter 8420] Residual: 5.760564e+01
[Iter 8430] Residual: 5.753526e+01
[Iter 8440] Residual: 5.746498e+01
[Iter 8450] Residual: 5.739478e+01
[Iter 8460] Residual: 5.732466e+01
[Iter 8470] Residual: 5.725463e+01
[Iter 8480] Residual: 5.718469e+01
[Iter 8490] Residual: 5.711483e+01
[Iter 8500] Residual: 5.704506e+01
[Iter 8510] Residual: 5.697537e+01
[Iter 8520] Residual: 5.690577e+01
[Iter 8530] Residual: 5.683626e+01
[Iter 8540] Residual: 5.676682e+01
[Iter 8550] Residual: 5.669748e+01
[Iter 8560] Residual: 5.662822e+01
[Iter 8570] Residual: 5.655904e+01
[Iter 8580] Residual: 5.648995e+01
[Iter 8590] Residual: 5.642095e+01
[Iter 8600] Residual: 5.635203e+01
[Iter 8610] Residual: 5.628319e+01
[Iter 8620] Residual: 5.621444e+01
[Iter 8630] Residual: 5.614577e+01
[Iter 8640] Residual: 5.607718e+01
[Iter 8650] Residual: 5.600868e+01
[Iter 8660] Residual: 5.594027e+01
[Iter 8670] Residual: 5.587194e+01
[Iter 8680] Residual: 5.580369e+01
[Iter 8690] Residual: 5.573552e+01
[Iter 8700] Residual: 5.566744e+01
[Iter 8710] Residual: 5.559944e+01
[Iter 8720] Residual: 5.553153e+01
[Iter 8730] Residual: 5.546370e+01
[Iter 8740] Residual: 5.539595e+01
[Iter 8750] Residual: 5.532828e+01
[Iter 8760] Residual: 5.526070e+01
[Iter 8770] Residual: 5.519320e+01
[Iter 8780] Residual: 5.512578e+01
[Iter 8790] Residual: 5.505845e+01
[Iter 8800] Residual: 5.499120e+01
[Iter 8810] Residual: 5.492403e+01
[Iter 8820] Residual: 5.485694e+01
[Iter 8830] Residual: 5.478994e+01
[Iter 8840] Residual: 5.472301e+01
[Iter 8850] Residual: 5.465617e+01
[Iter 8860] Residual: 5.458941e+01
[Iter 8870] Residual: 5.452274e+01
[Iter 8880] Residual: 5.445614e+01
[Iter 8890] Residual: 5.438963e+01
[Iter 8900] Residual: 5.432319e+01
[Iter 8910] Residual: 5.425684e+01
[Iter 8920] Residual: 5.419057e+01
[Iter 8930] Residual: 5.412438e+01
[Iter 8940] Residual: 5.405828e+01
[Iter 8950] Residual: 5.399225e+01
[Iter 8960] Residual: 5.392630e+01
[Iter 8970] Residual: 5.386044e+01
[Iter 8980] Residual: 5.379465e+01
[Iter 8990] Residual: 5.372895e+01
[Iter 9000] Residual: 5.366333e+01
[Iter 9010] Residual: 5.359778e+01
[Iter 9020] Residual: 5.353232e+01
[Iter 9030] Residual: 5.346694e+01
[Iter 9040] Residual: 5.340164e+01
[Iter 9050] Residual: 5.333641e+01
[Iter 9060] Residual: 5.327127e+01
[Iter 9070] Residual: 5.320621e+01
[Iter 9080] Residual: 5.324040e+01
[Iter 9090] Residual: 5.307632e+01
[Iter 9100] Residual: 5.301150e+01
[Iter 9110] Residual: 5.294675e+01
[Iter 9120] Residual: 5.288209e+01
[Iter 9130] Residual: 5.281750e+01
[Iter 9140] Residual: 5.275299e+01
[Iter 9150] Residual: 5.268856e+01
[Iter 9160] Residual: 5.262421e+01
[Iter 9170] Residual: 5.255994e+01
[Iter 9180] Residual: 5.249575e+01
[Iter 9190] Residual: 5.243164e+01
[Iter 9200] Residual: 5.236760e+01
[Iter 9210] Residual: 5.230364e+01
[Iter 9220] Residual: 5.223977e+01
[Iter 9230] Residual: 5.217597e+01
[Iter 9240] Residual: 5.211224e+01
[Iter 9250] Residual: 5.204860e+01
[Iter 9260] Residual: 5.198503e+01
[Iter 9270] Residual: 5.192154e+01
[Iter 9280] Residual: 5.185813e+01
[Iter 9290] Residual: 5.179480e+01
[Iter 9300] Residual: 5.173154e+01
[Iter 9310] Residual: 5.166837e+01
[Iter 9320] Residual: 5.160527e+01
[Iter 9330] Residual: 5.154224e+01
[Iter 9340] Residual: 5.147929e+01
[Iter 9350] Residual: 5.141643e+01
[Iter 9360] Residual: 5.135363e+01
[Iter 9370] Residual: 5.129092e+01
[Iter 9380] Residual: 5.122828e+01
[Iter 9390] Residual: 5.116572e+01
[Iter 9400] Residual: 5.110323e+01
[Iter 9410] Residual: 5.104082e+01
[Iter 9420] Residual: 5.097849e+01
[Iter 9430] Residual: 5.091623e+01
[Iter 9440] Residual: 5.085405e+01
[Iter 9450] Residual: 5.079194e+01
[Iter 9460] Residual: 5.072992e+01
[Iter 9470] Residual: 5.066796e+01
[Iter 9480] Residual: 5.060609e+01
[Iter 9490] Residual: 5.054429e+01
[Iter 9500] Residual: 5.048256e+01
[Iter 9510] Residual: 5.042091e+01
[Iter 9520] Residual: 5.035934e+01
[Iter 9530] Residual: 5.029784e+01
[Iter 9540] Residual: 5.023641e+01
[Iter 9550] Residual: 5.017506e+01
[Iter 9560] Residual: 5.011379e+01
[Iter 9570] Residual: 5.005259e+01
[Iter 9580] Residual: 4.999147e+01
[Iter 9590] Residual: 4.993042e+01
[Iter 9600] Residual: 4.986944e+01
[Iter 9610] Residual: 4.980854e+01
[Iter 9620] Residual: 4.974772e+01
[Iter 9630] Residual: 4.968697e+01
[Iter 9640] Residual: 4.962629e+01
[Iter 9650] Residual: 4.956569e+01
[Iter 9660] Residual: 4.950516e+01
[Iter 9670] Residual: 4.944470e+01
[Iter 9680] Residual: 4.938432e+01
[Iter 9690] Residual: 4.932402e+01
[Iter 9700] Residual: 4.926378e+01
[Iter 9710] Residual: 4.920363e+01
[Iter 9720] Residual: 4.914354e+01
[Iter 9730] Residual: 4.908353e+01
[Iter 9740] Residual: 4.902359e+01
[Iter 9750] Residual: 4.896372e+01
[Iter 9760] Residual: 4.890393e+01
[Iter 9770] Residual: 4.884421e+01
[Iter 9780] Residual: 4.878457e+01
[Iter 9790] Residual: 4.872499e+01
[Iter 9800] Residual: 4.866549e+01
[Iter 9810] Residual: 4.860607e+01
[Iter 9820] Residual: 4.854671e+01
[Iter 9830] Residual: 4.848743e+01
[Iter 9840] Residual: 4.842822e+01
[Iter 9850] Residual: 4.836908e+01
[Iter 9860] Residual: 4.831002e+01
[Iter 9870] Residual: 4.825102e+01
[Iter 9880] Residual: 4.819210e+01
[Iter 9890] Residual: 4.813326e+01
[Iter 9900] Residual: 4.807448e+01
[Iter 9910] Residual: 4.801577e+01
[Iter 9920] Residual: 4.795714e+01
[Iter 9930] Residual: 4.789858e+01
[Iter 9940] Residual: 4.784009e+01
[Iter 9950] Residual: 4.778167e+01
[Iter 9960] Residual: 4.772333e+01
[Iter 9970] Residual: 4.766505e+01
[Iter 9980] Residual: 4.760685e+01
[Iter 9990] Residual: 4.754871e+01
[Iter 10000] Residual: 4.749065e+01
[Completed] Time: 0.143530 s
[Completed] Residual: 4.802622e+01
[Completed] #Iteration: 10000
[c30-01:37712] 3 more processes have sent help message help-mpi-btl-openib.txt / ib port not selected
[c30-01:37712] Set MCA parameter "orte_base_help_aggregate" to 0 to see all help / error messages
[c30-01:37712] 3 more processes have sent help message help-mpi-btl-openib.txt / error in device init
