--------------------------------------------------------------------------
By default, for Open MPI 4.0 and later, infiniband ports on a device
are not used by default.  The intent is to use UCX for these devices.
You can override this policy by setting the btl_openib_allow_ib MCA parameter
to true.

  Local host:              c30-08
  Local adapter:           mlx4_0
  Local port:              1

--------------------------------------------------------------------------
--------------------------------------------------------------------------
WARNING: There was an error initializing an OpenFabrics device.

  Local host:   c30-08
  Local device: mlx4_0
--------------------------------------------------------------------------
[Iter 0] Residual: 400
[Iter 10] Residual: 3.935127e+02
[Iter 20] Residual: 3.906998e+02
[Iter 30] Residual: 3.895781e+02
[Iter 40] Residual: 3.884207e+02
[Iter 50] Residual: 3.872345e+02
[Iter 60] Residual: 3.861612e+02
[Iter 70] Residual: 3.851737e+02
[Iter 80] Residual: 3.839697e+02
[Iter 90] Residual: 3.833903e+02
[Iter 100] Residual: 3.823856e+02
[Iter 110] Residual: 3.816081e+02
[Iter 120] Residual: 3.810525e+02
[Iter 130] Residual: 3.803398e+02
[Iter 140] Residual: 3.794665e+02
[Iter 150] Residual: 3.789921e+02
[Iter 160] Residual: 3.783519e+02
[Iter 170] Residual: 3.775440e+02
[Iter 180] Residual: 3.771289e+02
[Iter 190] Residual: 3.762563e+02
[Iter 200] Residual: 3.759719e+02
[Iter 210] Residual: 3.754151e+02
[Iter 220] Residual: 3.748714e+02
[Iter 230] Residual: 3.743399e+02
[Iter 240] Residual: 3.737201e+02
[Iter 250] Residual: 3.733104e+02
[Iter 260] Residual: 3.726236e+02
[Iter 270] Residual: 3.723213e+02
[Iter 280] Residual: 3.718404e+02
[Iter 290] Residual: 3.711807e+02
[Iter 300] Residual: 3.709038e+02
[Iter 310] Residual: 3.703467e+02
[Iter 320] Residual: 3.699979e+02
[Iter 330] Residual: 3.695556e+02
[Iter 340] Residual: 3.690190e+02
[Iter 350] Residual: 3.686906e+02
[Iter 360] Residual: 3.680799e+02
[Iter 370] Residual: 3.678499e+02
[Iter 380] Residual: 3.674380e+02
[Iter 390] Residual: 3.670316e+02
[Iter 400] Residual: 3.666303e+02
[Iter 410] Residual: 3.660466e+02
[Iter 420] Residual: 3.656551e+02
[Iter 430] Residual: 3.654556e+02
[Iter 440] Residual: 3.649712e+02
[Iter 450] Residual: 3.645077e+02
[Iter 460] Residual: 3.641338e+02
[Iter 470] Residual: 3.639514e+02
[Iter 480] Residual: 3.633980e+02
[Iter 490] Residual: 3.632233e+02
[Iter 500] Residual: 3.628648e+02
[Iter 510] Residual: 3.625099e+02
[Iter 520] Residual: 3.621584e+02
[Iter 530] Residual: 3.618103e+02
[Iter 540] Residual: 3.612780e+02
[Iter 550] Residual: 3.611238e+02
[Iter 560] Residual: 3.605978e+02
[Iter 570] Residual: 3.602622e+02
[Iter 580] Residual: 3.599296e+02
[Iter 590] Residual: 3.597872e+02
[Iter 600] Residual: 3.594602e+02
[Iter 610] Residual: 3.591359e+02
[Iter 620] Residual: 3.587105e+02
[Iter 630] Residual: 3.584952e+02
[Iter 640] Residual: 3.581787e+02
[Iter 650] Residual: 3.578646e+02
[Iter 660] Residual: 3.575529e+02
[Iter 670] Residual: 3.569511e+02
[Iter 680] Residual: 3.567492e+02
[Iter 690] Residual: 3.566318e+02
[Iter 700] Residual: 3.563292e+02
[Iter 710] Residual: 3.560288e+02
[Iter 720] Residual: 3.557305e+02
[Iter 730] Residual: 3.552468e+02
[Iter 740] Residual: 3.551400e+02
[Iter 750] Residual: 3.548478e+02
[Iter 760] Residual: 3.545575e+02
[Iter 770] Residual: 3.540816e+02
[Iter 780] Residual: 3.539825e+02
[Iter 790] Residual: 3.536978e+02
[Iter 800] Residual: 3.534149e+02
[Iter 810] Residual: 3.531337e+02
[Iter 820] Residual: 3.528543e+02
[Iter 830] Residual: 3.523645e+02
[Iter 840] Residual: 3.521131e+02
[Iter 850] Residual: 3.520261e+02
[Iter 860] Residual: 3.517533e+02
[Iter 870] Residual: 3.514820e+02
[Iter 880] Residual: 3.510249e+02
[Iter 890] Residual: 3.509442e+02
[Iter 900] Residual: 3.506776e+02
[Iter 910] Residual: 3.504124e+02
[Iter 920] Residual: 3.501487e+02
[Iter 930] Residual: 3.498864e+02
[Iter 940] Residual: 3.495189e+02
[Iter 950] Residual: 3.491786e+02
[Iter 960] Residual: 3.491079e+02
[Iter 970] Residual: 3.488511e+02
[Iter 980] Residual: 3.484082e+02
[Iter 990] Residual: 3.483414e+02
[Iter 1000] Residual: 3.480885e+02
[Iter 1010] Residual: 3.478369e+02
[Iter 1020] Residual: 3.475865e+02
[Iter 1030] Residual: 3.473373e+02
[Iter 1040] Residual: 3.470893e+02
[Iter 1050] Residual: 3.468426e+02
[Iter 1060] Residual: 3.464095e+02
[Iter 1070] Residual: 3.463525e+02
[Iter 1080] Residual: 3.461092e+02
[Iter 1090] Residual: 3.458670e+02
[Iter 1100] Residual: 3.451713e+02
[Iter 1110] Residual: 3.451985e+02
[Iter 1120] Residual: 3.451471e+02
[Iter 1130] Residual: 3.447218e+02
[Iter 1140] Residual: 3.446724e+02
[Iter 1150] Residual: 3.442493e+02
[Iter 1160] Residual: 3.442020e+02
[Iter 1170] Residual: 3.437808e+02
[Iter 1180] Residual: 3.437355e+02
[Iter 1190] Residual: 3.435038e+02
[Iter 1200] Residual: 3.432730e+02
[Iter 1210] Residual: 3.430432e+02
[Iter 1220] Residual: 3.428144e+02
[Iter 1230] Residual: 3.425864e+02
[Iter 1240] Residual: 3.421720e+02
[Iter 1250] Residual: 3.421333e+02
[Iter 1260] Residual: 3.418297e+02
[Iter 1270] Residual: 3.414965e+02
[Iter 1280] Residual: 3.414605e+02
[Iter 1290] Residual: 3.410505e+02
[Iter 1300] Residual: 3.410163e+02
[Iter 1310] Residual: 3.407954e+02
[Iter 1320] Residual: 3.403881e+02
[Iter 1330] Residual: 3.403563e+02
[Iter 1340] Residual: 3.401380e+02
[Iter 1350] Residual: 3.399205e+02
[Iter 1360] Residual: 3.395164e+02
[Iter 1370] Residual: 3.394879e+02
[Iter 1380] Residual: 3.392727e+02
[Iter 1390] Residual: 3.390584e+02
[Iter 1400] Residual: 3.386574e+02
[Iter 1410] Residual: 3.386320e+02
[Iter 1420] Residual: 3.382326e+02
[Iter 1430] Residual: 3.382087e+02
[Iter 1440] Residual: 3.379981e+02
[Iter 1450] Residual: 3.377882e+02
[Iter 1460] Residual: 3.375791e+02
[Iter 1470] Residual: 3.373707e+02
[Iter 1480] Residual: 3.371630e+02
[Iter 1490] Residual: 3.369560e+02
[Iter 1500] Residual: 3.367498e+02
[Iter 1510] Residual: 3.365441e+02
[Iter 1520] Residual: 3.361518e+02
[Iter 1530] Residual: 3.361350e+02
[Iter 1540] Residual: 3.357440e+02
[Iter 1550] Residual: 3.355411e+02
[Iter 1560] Residual: 3.355262e+02
[Iter 1570] Residual: 3.351372e+02
[Iter 1580] Residual: 3.351236e+02
[Iter 1590] Residual: 3.349233e+02
[Iter 1600] Residual: 3.345362e+02
[Iter 1610] Residual: 3.345245e+02
[Iter 1620] Residual: 3.341387e+02
[Iter 1630] Residual: 3.341281e+02
[Iter 1640] Residual: 3.339309e+02
[Iter 1650] Residual: 3.337343e+02
[Iter 1660] Residual: 3.335382e+02
[Iter 1670] Residual: 3.331554e+02
[Iter 1680] Residual: 3.331479e+02
[Iter 1690] Residual: 3.327663e+02
[Iter 1700] Residual: 3.327599e+02
[Iter 1710] Residual: 3.325667e+02
[Iter 1720] Residual: 3.321869e+02
[Iter 1730] Residual: 3.321822e+02
[Iter 1740] Residual: 3.319907e+02
[Iter 1750] Residual: 3.317998e+02
[Iter 1760] Residual: 3.314222e+02
[Iter 1770] Residual: 3.312320e+02
[Iter 1780] Residual: 3.312303e+02
[Iter 1790] Residual: 3.308543e+02
[Iter 1800] Residual: 3.308534e+02
[Iter 1810] Residual: 3.306657e+02
[Iter 1820] Residual: 3.304785e+02
[Iter 1830] Residual: 3.301046e+02
[Iter 1840] Residual: 3.301057e+02
[Iter 1850] Residual: 3.298074e+02
[Iter 1860] Residual: 3.295477e+02
[Iter 1870] Residual: 3.295503e+02
[Iter 1880] Residual: 3.293661e+02
[Iter 1890] Residual: 3.291825e+02
[Iter 1900] Residual: 3.288121e+02
[Iter 1910] Residual: 3.288166e+02
[Iter 1920] Residual: 3.286344e+02
[Iter 1930] Residual: 3.284527e+02
[Iter 1940] Residual: 3.282715e+02
[Iter 1950] Residual: 3.280907e+02
[Iter 1960] Residual: 3.279104e+02
[Iter 1970] Residual: 3.277305e+02
[Iter 1980] Residual: 3.275511e+02
[Iter 1990] Residual: 3.273722e+02
[Iter 2000] Residual: 3.271937e+02
[Iter 2010] Residual: 3.270157e+02
[Iter 2020] Residual: 3.266510e+02
[Iter 2030] Residual: 3.265472e+02
[Iter 2040] Residual: 3.264842e+02
[Iter 2050] Residual: 3.263079e+02
[Iter 2060] Residual: 3.261321e+02
[Iter 2070] Residual: 3.258431e+02
[Iter 2080] Residual: 3.255946e+02
[Iter 2090] Residual: 3.254201e+02
[Iter 2100] Residual: 3.254329e+02
[Iter 2110] Residual: 3.252592e+02
[Iter 2120] Residual: 3.246705e+02
[Iter 2130] Residual: 3.249130e+02
[Iter 2140] Residual: 3.247405e+02
[Iter 2150] Residual: 3.243814e+02
[Iter 2160] Residual: 3.243967e+02
[Iter 2170] Residual: 3.242254e+02
[Iter 2180] Residual: 3.238676e+02
[Iter 2190] Residual: 3.238840e+02
[Iter 2200] Residual: 3.237139e+02
[Iter 2210] Residual: 3.233573e+02
[Iter 2220] Residual: 3.231880e+02
[Iter 2230] Residual: 3.230190e+02
[Iter 2240] Residual: 3.230373e+02
[Iter 2250] Residual: 3.228691e+02
[Iter 2260] Residual: 3.227013e+02
[Iter 2270] Residual: 3.225339e+02
[Iter 2280] Residual: 3.223668e+02
[Iter 2290] Residual: 3.222001e+02
[Iter 2300] Residual: 3.220338e+02
[Iter 2310] Residual: 3.218678e+02
[Iter 2320] Residual: 3.217022e+02
[Iter 2330] Residual: 3.213503e+02
[Iter 2340] Residual: 3.213721e+02
[Iter 2350] Residual: 3.212075e+02
[Iter 2360] Residual: 3.208567e+02
[Iter 2370] Residual: 3.208795e+02
[Iter 2380] Residual: 3.207160e+02
[Iter 2390] Residual: 3.205089e+02
[Iter 2400] Residual: 3.203901e+02
[Iter 2410] Residual: 3.202276e+02
[Iter 2420] Residual: 3.200655e+02
[Iter 2430] Residual: 3.199037e+02
[Iter 2440] Residual: 3.197423e+02
[Iter 2450] Residual: 3.193947e+02
[Iter 2460] Residual: 3.192340e+02
[Iter 2470] Residual: 3.192600e+02
[Iter 2480] Residual: 3.190999e+02
[Iter 2490] Residual: 3.189401e+02
[Iter 2500] Residual: 3.187806e+02
[Iter 2510] Residual: 3.186215e+02
[Iter 2520] Residual: 3.184626e+02
[Iter 2530] Residual: 3.183041e+02
[Iter 2540] Residual: 3.181459e+02
[Iter 2550] Residual: 3.179426e+02
[Iter 2560] Residual: 3.178305e+02
[Iter 2570] Residual: 3.174870e+02
[Iter 2580] Residual: 3.175163e+02
[Iter 2590] Residual: 3.173597e+02
[Iter 2600] Residual: 3.170171e+02
[Iter 2610] Residual: 3.170473e+02
[Iter 2620] Residual: 3.168916e+02
[Iter 2630] Residual: 3.167361e+02
[Iter 2640] Residual: 3.165810e+02
[Iter 2650] Residual: 3.162401e+02
[Iter 2660] Residual: 3.161532e+02
[Iter 2670] Residual: 3.161174e+02
[Iter 2680] Residual: 3.159634e+02
[Iter 2690] Residual: 3.156238e+02
[Iter 2700] Residual: 3.154704e+02
[Iter 2710] Residual: 3.155033e+02
[Iter 2720] Residual: 3.151646e+02
[Iter 2730] Residual: 3.151980e+02
[Iter 2740] Residual: 3.150457e+02
[Iter 2750] Residual: 3.147079e+02
[Iter 2760] Residual: 3.147421e+02
[Iter 2770] Residual: 3.145907e+02
[Iter 2780] Residual: 3.142538e+02
[Iter 2790] Residual: 3.141030e+02
[Iter 2800] Residual: 3.141382e+02
[Iter 2810] Residual: 3.139879e+02
[Iter 2820] Residual: 3.138378e+02
[Iter 2830] Residual: 3.135024e+02
[Iter 2840] Residual: 3.133529e+02
[Iter 2850] Residual: 3.133893e+02
[Iter 2860] Residual: 3.130548e+02
[Iter 2870] Residual: 3.130917e+02
[Iter 2880] Residual: 3.129432e+02
[Iter 2890] Residual: 3.127950e+02
[Iter 2900] Residual: 3.126471e+02
[Iter 2910] Residual: 3.124995e+02
[Iter 2920] Residual: 3.121666e+02
[Iter 2930] Residual: 3.122049e+02
[Iter 2940] Residual: 3.118726e+02
[Iter 2950] Residual: 3.119114e+02
[Iter 2960] Residual: 3.115796e+02
[Iter 2970] Residual: 3.116188e+02
[Iter 2980] Residual: 3.114729e+02
[Iter 2990] Residual: 3.113273e+02
[Iter 3000] Residual: 3.111819e+02
[Iter 3010] Residual: 3.110367e+02
[Iter 3020] Residual: 3.108918e+02
[Iter 3030] Residual: 3.105620e+02
[Iter 3040] Residual: 3.106027e+02
[Iter 3050] Residual: 3.102735e+02
[Iter 3060] Residual: 3.103146e+02
[Iter 3070] Residual: 3.101708e+02
[Iter 3080] Residual: 3.100274e+02
[Iter 3090] Residual: 3.098841e+02
[Iter 3100] Residual: 3.097411e+02
[Iter 3110] Residual: 3.095984e+02
[Iter 3120] Residual: 3.093350e+02
[Iter 3130] Residual: 3.093135e+02
[Iter 3140] Residual: 3.091714e+02
[Iter 3150] Residual: 3.089120e+02
[Iter 3160] Residual: 3.088880e+02
[Iter 3170] Residual: 3.085619e+02
[Iter 3180] Residual: 3.086054e+02
[Iter 3190] Residual: 3.084645e+02
[Iter 3200] Residual: 3.081392e+02
[Iter 3210] Residual: 3.080619e+02
[Iter 3220] Residual: 3.080430e+02
[Iter 3230] Residual: 3.079029e+02
[Iter 3240] Residual: 3.077631e+02
[Iter 3250] Residual: 3.076235e+02
[Iter 3260] Residual: 3.074841e+02
[Iter 3270] Residual: 3.073449e+02
[Iter 3280] Residual: 3.070216e+02
[Iter 3290] Residual: 3.070672e+02
[Iter 3300] Residual: 3.067444e+02
[Iter 3310] Residual: 3.067903e+02
[Iter 3320] Residual: 3.066522e+02
[Iter 3330] Residual: 3.063301e+02
[Iter 3340] Residual: 3.063766e+02
[Iter 3350] Residual: 3.062391e+02
[Iter 3360] Residual: 3.061018e+02
[Iter 3370] Residual: 3.057807e+02
[Iter 3380] Residual: 3.058279e+02
[Iter 3390] Residual: 3.056912e+02
[Iter 3400] Residual: 3.055547e+02
[Iter 3410] Residual: 3.054185e+02
[Iter 3420] Residual: 3.050986e+02
[Iter 3430] Residual: 3.051466e+02
[Iter 3440] Residual: 3.050109e+02
[Iter 3450] Residual: 3.046918e+02
[Iter 3460] Residual: 3.047402e+02
[Iter 3470] Residual: 3.044215e+02
[Iter 3480] Residual: 3.042867e+02
[Iter 3490] Residual: 3.041521e+02
[Iter 3500] Residual: 3.040177e+02
[Iter 3510] Residual: 3.040669e+02
[Iter 3520] Residual: 3.038803e+02
[Iter 3530] Residual: 3.037990e+02
[Iter 3540] Residual: 3.034819e+02
[Iter 3550] Residual: 3.033484e+02
[Iter 3560] Residual: 3.033984e+02
[Iter 3570] Residual: 3.032653e+02
[Iter 3580] Residual: 3.031324e+02
[Iter 3590] Residual: 3.029996e+02
[Iter 3600] Residual: 3.028671e+02
[Iter 3610] Residual: 3.027347e+02
[Iter 3620] Residual: 3.026025e+02
[Iter 3630] Residual: 3.024705e+02
[Iter 3640] Residual: 3.023387e+02
[Iter 3650] Residual: 3.022071e+02
[Iter 3660] Residual: 3.020756e+02
[Iter 3670] Residual: 3.019444e+02
[Iter 3680] Residual: 3.018133e+02
[Iter 3690] Residual: 3.016824e+02
[Iter 3700] Residual: 3.015516e+02
[Iter 3710] Residual: 3.014211e+02
[Iter 3720] Residual: 3.011081e+02
[Iter 3730] Residual: 3.011605e+02
[Iter 3740] Residual: 3.008480e+02
[Iter 3750] Residual: 3.007182e+02
[Iter 3760] Residual: 3.007710e+02
[Iter 3770] Residual: 3.006415e+02
[Iter 3780] Residual: 3.005122e+02
[Iter 3790] Residual: 3.003831e+02
[Iter 3800] Residual: 3.002541e+02
[Iter 3810] Residual: 2.999430e+02
[Iter 3820] Residual: 2.999967e+02
[Iter 3830] Residual: 2.998682e+02
[Iter 3840] Residual: 2.995578e+02
[Iter 3850] Residual: 2.996118e+02
[Iter 3860] Residual: 2.994839e+02
[Iter 3870] Residual: 2.991741e+02
[Iter 3880] Residual: 2.988565e+02
[Iter 3890] Residual: 2.989191e+02
[Iter 3900] Residual: 2.987919e+02
[Iter 3910] Residual: 2.988466e+02
[Iter 3920] Residual: 2.985379e+02
[Iter 3930] Residual: 2.985929e+02
[Iter 3940] Residual: 2.984663e+02
[Iter 3950] Residual: 2.983398e+02
[Iter 3960] Residual: 2.980319e+02
[Iter 3970] Residual: 2.979058e+02
[Iter 3980] Residual: 2.977799e+02
[Iter 3990] Residual: 2.976541e+02
[Iter 4000] Residual: 2.977099e+02
[Iter 4010] Residual: 2.975844e+02
[Iter 4020] Residual: 2.974591e+02
[Iter 4030] Residual: 2.973339e+02
[Iter 4040] Residual: 2.972089e+02
[Iter 4050] Residual: 2.970840e+02
[Iter 4060] Residual: 2.969593e+02
[Iter 4070] Residual: 2.966536e+02
[Iter 4080] Residual: 2.965293e+02
[Iter 4090] Residual: 2.965861e+02
[Iter 4100] Residual: 2.964620e+02
[Iter 4110] Residual: 2.962233e+02
[Iter 4120] Residual: 2.962143e+02
[Iter 4130] Residual: 2.960906e+02
[Iter 4140] Residual: 2.959672e+02
[Iter 4150] Residual: 2.956631e+02
[Iter 4160] Residual: 2.957206e+02
[Iter 4170] Residual: 2.954170e+02
[Iter 4180] Residual: 2.954747e+02
[Iter 4190] Residual: 2.951715e+02
[Iter 4200] Residual: 2.950489e+02
[Iter 4210] Residual: 2.951070e+02
[Iter 4220] Residual: 2.948702e+02
[Iter 4230] Residual: 2.948625e+02
[Iter 4240] Residual: 2.947405e+02
[Iter 4250] Residual: 2.946187e+02
[Iter 4260] Residual: 2.943168e+02
[Iter 4270] Residual: 2.941312e+02
[Iter 4280] Residual: 2.940739e+02
[Iter 4290] Residual: 2.939527e+02
[Iter 4300] Residual: 2.938316e+02
[Iter 4310] Residual: 2.938906e+02
[Iter 4320] Residual: 2.935899e+02
[Iter 4330] Residual: 2.934692e+02
[Iter 4340] Residual: 2.935285e+02
[Iter 4350] Residual: 2.932283e+02
[Iter 4360] Residual: 2.932878e+02
[Iter 4370] Residual: 2.931676e+02
[Iter 4380] Residual: 2.929210e+02
[Iter 4390] Residual: 2.929278e+02
[Iter 4400] Residual: 2.928081e+02
[Iter 4410] Residual: 2.926885e+02
[Iter 4420] Residual: 2.925690e+02
[Iter 4430] Residual: 2.922703e+02
[Iter 4440] Residual: 2.923305e+02
[Iter 4450] Residual: 2.922115e+02
[Iter 4460] Residual: 2.919580e+02
[Iter 4470] Residual: 2.919738e+02
[Iter 4480] Residual: 2.918551e+02
[Iter 4490] Residual: 2.915576e+02
[Iter 4500] Residual: 2.914393e+02
[Iter 4510] Residual: 2.915000e+02
[Iter 4520] Residual: 2.913819e+02
[Iter 4530] Residual: 2.910851e+02
[Iter 4540] Residual: 2.911461e+02
[Iter 4550] Residual: 2.910284e+02
[Iter 4560] Residual: 2.909108e+02
[Iter 4570] Residual: 2.906147e+02
[Iter 4580] Residual: 2.906761e+02
[Iter 4590] Residual: 2.905589e+02
[Iter 4600] Residual: 2.902633e+02
[Iter 4610] Residual: 2.903249e+02
[Iter 4620] Residual: 2.902081e+02
[Iter 4630] Residual: 2.900914e+02
[Iter 4640] Residual: 2.897966e+02
[Iter 4650] Residual: 2.898015e+02
[Iter 4660] Residual: 2.897421e+02
[Iter 4670] Residual: 2.894479e+02
[Iter 4680] Residual: 2.893319e+02
[Iter 4690] Residual: 2.893940e+02
[Iter 4700] Residual: 2.892782e+02
[Iter 4710] Residual: 2.889846e+02
[Iter 4720] Residual: 2.888692e+02
[Iter 4730] Residual: 2.889316e+02
[Iter 4740] Residual: 2.888163e+02
[Iter 4750] Residual: 2.885234e+02
[Iter 4760] Residual: 2.885861e+02
[Iter 4770] Residual: 2.882936e+02
[Iter 4780] Residual: 2.883563e+02
[Iter 4790] Residual: 2.882417e+02
[Iter 4800] Residual: 2.881271e+02
[Iter 4810] Residual: 2.878353e+02
[Iter 4820] Residual: 2.878983e+02
[Iter 4830] Residual: 2.878439e+02
[Iter 4840] Residual: 2.874928e+02
[Iter 4850] Residual: 2.875561e+02
[Iter 4860] Residual: 2.874422e+02
[Iter 4870] Residual: 2.871515e+02
[Iter 4880] Residual: 2.872149e+02
[Iter 4890] Residual: 2.871014e+02
[Iter 4900] Residual: 2.869880e+02
[Iter 4910] Residual: 2.868748e+02
[Iter 4920] Residual: 2.867616e+02
[Iter 4930] Residual: 2.864719e+02
[Iter 4940] Residual: 2.865357e+02
[Iter 4950] Residual: 2.864229e+02
[Iter 4960] Residual: 2.861337e+02
[Iter 4970] Residual: 2.860858e+02
[Iter 4980] Residual: 2.859680e+02
[Iter 4990] Residual: 2.859729e+02
[Iter 5000] Residual: 2.858607e+02
[Iter 5010] Residual: 2.856908e+02
[Iter 5020] Residual: 2.856366e+02
[Iter 5030] Residual: 2.853485e+02
[Iter 5040] Residual: 2.852368e+02
[Iter 5050] Residual: 2.853013e+02
[Iter 5060] Residual: 2.851897e+02
[Iter 5070] Residual: 2.850783e+02
[Iter 5080] Residual: 2.849670e+02
[Iter 5090] Residual: 2.846799e+02
[Iter 5100] Residual: 2.847447e+02
[Iter 5110] Residual: 2.846337e+02
[Iter 5120] Residual: 2.845228e+02
[Iter 5130] Residual: 2.842953e+02
[Iter 5140] Residual: 2.841258e+02
[Iter 5150] Residual: 2.841908e+02
[Iter 5160] Residual: 2.839049e+02
[Iter 5170] Residual: 2.839700e+02
[Iter 5180] Residual: 2.836845e+02
[Iter 5190] Residual: 2.835744e+02
[Iter 5200] Residual: 2.836396e+02
[Iter 5210] Residual: 2.835297e+02
[Iter 5220] Residual: 2.834199e+02
[Iter 5230] Residual: 2.833102e+02
[Iter 5240] Residual: 2.830257e+02
[Iter 5250] Residual: 2.826572e+02
[Iter 5260] Residual: 2.829818e+02
[Iter 5270] Residual: 2.828725e+02
[Iter 5280] Residual: 2.827634e+02
[Iter 5290] Residual: 2.824796e+02
[Iter 5300] Residual: 2.825453e+02
[Iter 5310] Residual: 2.824365e+02
[Iter 5320] Residual: 2.821532e+02
[Iter 5330] Residual: 2.822191e+02
[Iter 5340] Residual: 2.819361e+02
[Iter 5350] Residual: 2.818277e+02
[Iter 5360] Residual: 2.818937e+02
[Iter 5370] Residual: 2.816752e+02
[Iter 5380] Residual: 2.815032e+02
[Iter 5390] Residual: 2.815693e+02
[Iter 5400] Residual: 2.814614e+02
[Iter 5410] Residual: 2.813536e+02
[Iter 5420] Residual: 2.810719e+02
[Iter 5430] Residual: 2.811382e+02
[Iter 5440] Residual: 2.808568e+02
[Iter 5450] Residual: 2.809232e+02
[Iter 5460] Residual: 2.806422e+02
[Iter 5470] Residual: 2.807087e+02
[Iter 5480] Residual: 2.804279e+02
[Iter 5490] Residual: 2.804945e+02
[Iter 5500] Residual: 2.802141e+02
[Iter 5510] Residual: 2.802807e+02
[Iter 5520] Residual: 2.800006e+02
[Iter 5530] Residual: 2.800673e+02
[Iter 5540] Residual: 2.799608e+02
[Iter 5550] Residual: 2.798543e+02
[Iter 5560] Residual: 2.797480e+02
[Iter 5570] Residual: 2.794686e+02
[Iter 5580] Residual: 2.795356e+02
[Iter 5590] Residual: 2.794295e+02
[Iter 5600] Residual: 2.791506e+02
[Iter 5610] Residual: 2.792176e+02
[Iter 5620] Residual: 2.791119e+02
[Iter 5630] Residual: 2.789492e+02
[Iter 5640] Residual: 2.789006e+02
[Iter 5650] Residual: 2.787365e+02
[Iter 5660] Residual: 2.785740e+02
[Iter 5670] Residual: 2.785844e+02
[Iter 5680] Residual: 2.784792e+02
[Iter 5690] Residual: 2.782082e+02
[Iter 5700] Residual: 2.780967e+02
[Iter 5710] Residual: 2.781641e+02
[Iter 5720] Residual: 2.780593e+02
[Iter 5730] Residual: 2.777824e+02
[Iter 5740] Residual: 2.776778e+02
[Iter 5750] Residual: 2.777453e+02
[Iter 5760] Residual: 2.776408e+02
[Iter 5770] Residual: 2.773646e+02
[Iter 5780] Residual: 2.772603e+02
[Iter 5790] Residual: 2.773280e+02
[Iter 5800] Residual: 2.770522e+02
[Iter 5810] Residual: 2.771198e+02
[Iter 5820] Residual: 2.768443e+02
[Iter 5830] Residual: 2.769121e+02
[Iter 5840] Residual: 2.766369e+02
[Iter 5850] Residual: 2.765333e+02
[Iter 5860] Residual: 2.765449e+02
[Iter 5870] Residual: 2.764976e+02
[Iter 5880] Residual: 2.762230e+02
[Iter 5890] Residual: 2.761759e+02
[Iter 5900] Residual: 2.761877e+02
[Iter 5910] Residual: 2.759136e+02
[Iter 5920] Residual: 2.759816e+02
[Iter 5930] Residual: 2.758786e+02
[Iter 5940] Residual: 2.757758e+02
[Iter 5950] Residual: 2.756730e+02
[Iter 5960] Residual: 2.755703e+02
[Iter 5970] Residual: 2.754677e+02
[Iter 5980] Residual: 2.751946e+02
[Iter 5990] Residual: 2.752628e+02
[Iter 6000] Residual: 2.751604e+02
[Iter 6010] Residual: 2.748877e+02
[Iter 6020] Residual: 2.749560e+02
[Iter 6030] Residual: 2.746836e+02
[Iter 6040] Residual: 2.747519e+02
[Iter 6050] Residual: 2.746500e+02
[Iter 6060] Residual: 2.743780e+02
[Iter 6070] Residual: 2.744464e+02
[Iter 6080] Residual: 2.741747e+02
[Iter 6090] Residual: 2.740732e+02
[Iter 6100] Residual: 2.741417e+02
[Iter 6110] Residual: 2.740403e+02
[Iter 6120] Residual: 2.739390e+02
[Iter 6130] Residual: 2.736680e+02
[Iter 6140] Residual: 2.737366e+02
[Iter 6150] Residual: 2.735212e+02
[Iter 6160] Residual: 2.734202e+02
[Iter 6170] Residual: 2.734336e+02
[Iter 6180] Residual: 2.731634e+02
[Iter 6190] Residual: 2.730627e+02
[Iter 6200] Residual: 2.731314e+02
[Iter 6210] Residual: 2.728616e+02
[Iter 6220] Residual: 2.729303e+02
[Iter 6230] Residual: 2.726608e+02
[Iter 6240] Residual: 2.727296e+02
[Iter 6250] Residual: 2.726293e+02
[Iter 6260] Residual: 2.725291e+02
[Iter 6270] Residual: 2.722602e+02
[Iter 6280] Residual: 2.723290e+02
[Iter 6290] Residual: 2.722291e+02
[Iter 6300] Residual: 2.719606e+02
[Iter 6310] Residual: 2.720295e+02
[Iter 6320] Residual: 2.717612e+02
[Iter 6330] Residual: 2.716617e+02
[Iter 6340] Residual: 2.717306e+02
[Iter 6350] Residual: 2.716312e+02
[Iter 6360] Residual: 2.713635e+02
[Iter 6370] Residual: 2.712642e+02
[Iter 6380] Residual: 2.711651e+02
[Iter 6390] Residual: 2.712341e+02
[Iter 6400] Residual: 2.711351e+02
[Iter 6410] Residual: 2.708681e+02
[Iter 6420] Residual: 2.709372e+02
[Iter 6430] Residual: 2.706705e+02
[Iter 6440] Residual: 2.705718e+02
[Iter 6450] Residual: 2.706409e+02
[Iter 6460] Residual: 2.705423e+02
[Iter 6470] Residual: 2.704438e+02
[Iter 6480] Residual: 2.703454e+02
[Iter 6490] Residual: 2.700795e+02
[Iter 6500] Residual: 2.701487e+02
[Iter 6510] Residual: 2.698831e+02
[Iter 6520] Residual: 2.697850e+02
[Iter 6530] Residual: 2.698543e+02
[Iter 6540] Residual: 2.697563e+02
[Iter 6550] Residual: 2.696584e+02
[Iter 6560] Residual: 2.695606e+02
[Iter 6570] Residual: 2.694628e+02
[Iter 6580] Residual: 2.693651e+02
[Iter 6590] Residual: 2.691006e+02
[Iter 6600] Residual: 2.691700e+02
[Iter 6610] Residual: 2.689057e+02
[Iter 6620] Residual: 2.688084e+02
[Iter 6630] Residual: 2.688778e+02
[Iter 6640] Residual: 2.687806e+02
[Iter 6650] Residual: 2.686834e+02
[Iter 6660] Residual: 2.685863e+02
[Iter 6670] Residual: 2.684893e+02
[Iter 6680] Residual: 2.683923e+02
[Iter 6690] Residual: 2.681828e+02
[Iter 6700] Residual: 2.680947e+02
[Iter 6710] Residual: 2.681019e+02
[Iter 6720] Residual: 2.680053e+02
[Iter 6730] Residual: 2.679087e+02
[Iter 6740] Residual: 2.678122e+02
[Iter 6750] Residual: 2.675498e+02
[Iter 6760] Residual: 2.676194e+02
[Iter 6770] Residual: 2.675231e+02
[Iter 6780] Residual: 2.674269e+02
[Iter 6790] Residual: 2.671650e+02
[Iter 6800] Residual: 2.672346e+02
[Iter 6810] Residual: 2.669731e+02
[Iter 6820] Residual: 2.670427e+02
[Iter 6830] Residual: 2.667814e+02
[Iter 6840] Residual: 2.668510e+02
[Iter 6850] Residual: 2.667553e+02
[Iter 6860] Residual: 2.666596e+02
[Iter 6870] Residual: 2.663988e+02
[Iter 6880] Residual: 2.664685e+02
[Iter 6890] Residual: 2.663731e+02
[Iter 6900] Residual: 2.662777e+02
[Iter 6910] Residual: 2.661824e+02
[Iter 6920] Residual: 2.659223e+02
[Iter 6930] Residual: 2.659920e+02
[Iter 6940] Residual: 2.658969e+02
[Iter 6950] Residual: 2.658019e+02
[Iter 6960] Residual: 2.657069e+02
[Iter 6970] Residual: 2.656120e+02
[Iter 6980] Residual: 2.653527e+02
[Iter 6990] Residual: 2.654224e+02
[Iter 7000] Residual: 2.653277e+02
[Iter 7010] Residual: 2.652331e+02
[Iter 7020] Residual: 2.649743e+02
[Iter 7030] Residual: 2.650441e+02
[Iter 7040] Residual: 2.649497e+02
[Iter 7050] Residual: 2.648553e+02
[Iter 7060] Residual: 2.647610e+02
[Iter 7070] Residual: 2.646668e+02
[Iter 7080] Residual: 2.645727e+02
[Iter 7090] Residual: 2.644786e+02
[Iter 7100] Residual: 2.643846e+02
[Iter 7110] Residual: 2.642906e+02
[Iter 7120] Residual: 2.641967e+02
[Iter 7130] Residual: 2.639393e+02
[Iter 7140] Residual: 2.640092e+02
[Iter 7150] Residual: 2.638917e+02
[Iter 7160] Residual: 2.638219e+02
[Iter 7170] Residual: 2.637283e+02
[Iter 7180] Residual: 2.634716e+02
[Iter 7190] Residual: 2.635414e+02
[Iter 7200] Residual: 2.632849e+02
[Iter 7210] Residual: 2.633548e+02
[Iter 7220] Residual: 2.632615e+02
[Iter 7230] Residual: 2.630054e+02
[Iter 7240] Residual: 2.630753e+02
[Iter 7250] Residual: 2.629823e+02
[Iter 7260] Residual: 2.627265e+02
[Iter 7270] Residual: 2.627964e+02
[Iter 7280] Residual: 2.624826e+02
[Iter 7290] Residual: 2.626108e+02
[Iter 7300] Residual: 2.623555e+02
[Iter 7310] Residual: 2.624254e+02
[Iter 7320] Residual: 2.623328e+02
[Iter 7330] Residual: 2.622403e+02
[Iter 7340] Residual: 2.619856e+02
[Iter 7350] Residual: 2.617409e+02
[Iter 7360] Residual: 2.619632e+02
[Iter 7370] Residual: 2.617088e+02
[Iter 7380] Residual: 2.617787e+02
[Iter 7390] Residual: 2.616865e+02
[Iter 7400] Residual: 2.615945e+02
[Iter 7410] Residual: 2.615025e+02
[Iter 7420] Residual: 2.612487e+02
[Iter 7430] Residual: 2.613186e+02
[Iter 7440] Residual: 2.612268e+02
[Iter 7450] Residual: 2.609734e+02
[Iter 7460] Residual: 2.608818e+02
[Iter 7470] Residual: 2.609517e+02
[Iter 7480] Residual: 2.608601e+02
[Iter 7490] Residual: 2.607686e+02
[Iter 7500] Residual: 2.605158e+02
[Iter 7510] Residual: 2.604245e+02
[Iter 7520] Residual: 2.603332e+02
[Iter 7530] Residual: 2.602420e+02
[Iter 7540] Residual: 2.603119e+02
[Iter 7550] Residual: 2.600846e+02
[Iter 7560] Residual: 2.599687e+02
[Iter 7570] Residual: 2.600386e+02
[Iter 7580] Residual: 2.599477e+02
[Iter 7590] Residual: 2.598568e+02
[Iter 7600] Residual: 2.597659e+02
[Iter 7610] Residual: 2.596751e+02
[Iter 7620] Residual: 2.595844e+02
[Iter 7630] Residual: 2.594937e+02
[Iter 7640] Residual: 2.594031e+02
[Iter 7650] Residual: 2.593126e+02
[Iter 7660] Residual: 2.592221e+02
[Iter 7670] Residual: 2.591317e+02
[Iter 7680] Residual: 2.588811e+02
[Iter 7690] Residual: 2.587908e+02
[Iter 7700] Residual: 2.588607e+02
[Iter 7710] Residual: 2.587705e+02
[Iter 7720] Residual: 2.586804e+02
[Iter 7730] Residual: 2.585903e+02
[Iter 7740] Residual: 2.585003e+02
[Iter 7750] Residual: 2.584103e+02
[Iter 7760] Residual: 2.583204e+02
[Iter 7770] Residual: 2.582306e+02
[Iter 7780] Residual: 2.581408e+02
[Iter 7790] Residual: 2.580510e+02
[Iter 7800] Residual: 2.579614e+02
[Iter 7810] Residual: 2.578718e+02
[Iter 7820] Residual: 2.577823e+02
[Iter 7830] Residual: 2.576928e+02
[Iter 7840] Residual: 2.574441e+02
[Iter 7850] Residual: 2.575139e+02
[Iter 7860] Residual: 2.572655e+02
[Iter 7870] Residual: 2.573353e+02
[Iter 7880] Residual: 2.570872e+02
[Iter 7890] Residual: 2.571570e+02
[Iter 7900] Residual: 2.570679e+02
[Iter 7910] Residual: 2.569789e+02
[Iter 7920] Residual: 2.567312e+02
[Iter 7930] Residual: 2.566423e+02
[Iter 7940] Residual: 2.567121e+02
[Iter 7950] Residual: 2.566233e+02
[Iter 7960] Residual: 2.565345e+02
[Iter 7970] Residual: 2.562874e+02
[Iter 7980] Residual: 2.563572e+02
[Iter 7990] Residual: 2.561103e+02
[Iter 8000] Residual: 2.561800e+02
[Iter 8010] Residual: 2.559334e+02
[Iter 8020] Residual: 2.560031e+02
[Iter 8030] Residual: 2.557567e+02
[Iter 8040] Residual: 2.556685e+02
[Iter 8050] Residual: 2.555803e+02
[Iter 8060] Residual: 2.556500e+02
[Iter 8070] Residual: 2.555619e+02
[Iter 8080] Residual: 2.554738e+02
[Iter 8090] Residual: 2.553857e+02
[Iter 8100] Residual: 2.552977e+02
[Iter 8110] Residual: 2.550523e+02
[Iter 8120] Residual: 2.551219e+02
[Iter 8130] Residual: 2.548767e+02
[Iter 8140] Residual: 2.549464e+02
[Iter 8150] Residual: 2.547013e+02
[Iter 8160] Residual: 2.547710e+02
[Iter 8170] Residual: 2.546834e+02
[Iter 8180] Residual: 2.545958e+02
[Iter 8190] Residual: 2.543513e+02
[Iter 8200] Residual: 2.544209e+02
[Iter 8210] Residual: 2.541766e+02
[Iter 8220] Residual: 2.542462e+02
[Iter 8230] Residual: 2.541589e+02
[Iter 8240] Residual: 2.539149e+02
[Iter 8250] Residual: 2.539845e+02
[Iter 8260] Residual: 2.538974e+02
[Iter 8270] Residual: 2.538103e+02
[Iter 8280] Residual: 2.537233e+02
[Iter 8290] Residual: 2.534799e+02
[Iter 8300] Residual: 2.535494e+02
[Iter 8310] Residual: 2.534626e+02
[Iter 8320] Residual: 2.533758e+02
[Iter 8330] Residual: 2.532890e+02
[Iter 8340] Residual: 2.530462e+02
[Iter 8350] Residual: 2.531157e+02
[Iter 8360] Residual: 2.528731e+02
[Iter 8370] Residual: 2.529426e+02
[Iter 8380] Residual: 2.528561e+02
[Iter 8390] Residual: 2.527696e+02
[Iter 8400] Residual: 2.526832e+02
[Iter 8410] Residual: 2.525969e+02
[Iter 8420] Residual: 2.523550e+02
[Iter 8430] Residual: 2.524244e+02
[Iter 8440] Residual: 2.521827e+02
[Iter 8450] Residual: 2.522521e+02
[Iter 8460] Residual: 2.521660e+02
[Iter 8470] Residual: 2.519246e+02
[Iter 8480] Residual: 2.518387e+02
[Iter 8490] Residual: 2.519081e+02
[Iter 8500] Residual: 2.518222e+02
[Iter 8510] Residual: 2.517364e+02
[Iter 8520] Residual: 2.514956e+02
[Iter 8530] Residual: 2.515649e+02
[Iter 8540] Residual: 2.514304e+02
[Iter 8550] Residual: 2.512387e+02
[Iter 8560] Residual: 2.513080e+02
[Iter 8570] Residual: 2.512225e+02
[Iter 8580] Residual: 2.511370e+02
[Iter 8590] Residual: 2.510516e+02
[Iter 8600] Residual: 2.509663e+02
[Iter 8610] Residual: 2.507264e+02
[Iter 8620] Residual: 2.507957e+02
[Iter 8630] Residual: 2.507104e+02
[Iter 8640] Residual: 2.506253e+02
[Iter 8650] Residual: 2.503859e+02
[Iter 8660] Residual: 2.504551e+02
[Iter 8670] Residual: 2.502159e+02
[Iter 8680] Residual: 2.502851e+02
[Iter 8690] Residual: 2.502002e+02
[Iter 8700] Residual: 2.501153e+02
[Iter 8710] Residual: 2.498766e+02
[Iter 8720] Residual: 2.499457e+02
[Iter 8730] Residual: 2.497072e+02
[Iter 8740] Residual: 2.497763e+02
[Iter 8750] Residual: 2.496917e+02
[Iter 8760] Residual: 2.496071e+02
[Iter 8770] Residual: 2.495226e+02
[Iter 8780] Residual: 2.494381e+02
[Iter 8790] Residual: 2.493536e+02
[Iter 8800] Residual: 2.492692e+02
[Iter 8810] Residual: 2.490316e+02
[Iter 8820] Residual: 2.491006e+02
[Iter 8830] Residual: 2.490164e+02
[Iter 8840] Residual: 2.487791e+02
[Iter 8850] Residual: 2.488480e+02
[Iter 8860] Residual: 2.486109e+02
[Iter 8870] Residual: 2.486799e+02
[Iter 8880] Residual: 2.485959e+02
[Iter 8890] Residual: 2.484639e+02
[Iter 8900] Residual: 2.482753e+02
[Iter 8910] Residual: 2.483442e+02
[Iter 8920] Residual: 2.482604e+02
[Iter 8930] Residual: 2.480240e+02
[Iter 8940] Residual: 2.479403e+02
[Iter 8950] Residual: 2.480092e+02
[Iter 8960] Residual: 2.479256e+02
[Iter 8970] Residual: 2.478420e+02
[Iter 8980] Residual: 2.477585e+02
[Iter 8990] Residual: 2.476750e+02
[Iter 9000] Residual: 2.475916e+02
[Iter 9010] Residual: 2.475082e+02
[Iter 9020] Residual: 2.474726e+02
[Iter 9030] Residual: 2.473415e+02
[Iter 9040] Residual: 2.472583e+02
[Iter 9050] Residual: 2.470232e+02
[Iter 9060] Residual: 2.470919e+02
[Iter 9070] Residual: 2.470088e+02
[Iter 9080] Residual: 2.469257e+02
[Iter 9090] Residual: 2.466911e+02
[Iter 9100] Residual: 2.467597e+02
[Iter 9110] Residual: 2.465253e+02
[Iter 9120] Residual: 2.465939e+02
[Iter 9130] Residual: 2.463597e+02
[Iter 9140] Residual: 2.464283e+02
[Iter 9150] Residual: 2.461943e+02
[Iter 9160] Residual: 2.462629e+02
[Iter 9170] Residual: 2.460291e+02
[Iter 9180] Residual: 2.459465e+02
[Iter 9190] Residual: 2.460150e+02
[Iter 9200] Residual: 2.459325e+02
[Iter 9210] Residual: 2.458501e+02
[Iter 9220] Residual: 2.457676e+02
[Iter 9230] Residual: 2.456853e+02
[Iter 9240] Residual: 2.456029e+02
[Iter 9250] Residual: 2.455206e+02
[Iter 9260] Residual: 2.454384e+02
[Iter 9270] Residual: 2.453562e+02
[Iter 9280] Residual: 2.452740e+02
[Iter 9290] Residual: 2.451919e+02
[Iter 9300] Residual: 2.451098e+02
[Iter 9310] Residual: 2.450278e+02
[Iter 9320] Residual: 2.449458e+02
[Iter 9330] Residual: 2.448639e+02
[Iter 9340] Residual: 2.447820e+02
[Iter 9350] Residual: 2.445501e+02
[Iter 9360] Residual: 2.446184e+02
[Iter 9370] Residual: 2.445366e+02
[Iter 9380] Residual: 2.444549e+02
[Iter 9390] Residual: 2.442234e+02
[Iter 9400] Residual: 2.442916e+02
[Iter 9410] Residual: 2.442100e+02
[Iter 9420] Residual: 2.441285e+02
[Iter 9430] Residual: 2.438973e+02
[Iter 9440] Residual: 2.438160e+02
[Iter 9450] Residual: 2.438841e+02
[Iter 9460] Residual: 2.438027e+02
[Iter 9470] Residual: 2.437214e+02
[Iter 9480] Residual: 2.436401e+02
[Iter 9490] Residual: 2.435589e+02
[Iter 9500] Residual: 2.434777e+02
[Iter 9510] Residual: 2.432474e+02
[Iter 9520] Residual: 2.433155e+02
[Iter 9530] Residual: 2.430854e+02
[Iter 9540] Residual: 2.431534e+02
[Iter 9550] Residual: 2.430724e+02
[Iter 9560] Residual: 2.428426e+02
[Iter 9570] Residual: 2.427618e+02
[Iter 9580] Residual: 2.426810e+02
[Iter 9590] Residual: 2.427489e+02
[Iter 9600] Residual: 2.425195e+02
[Iter 9610] Residual: 2.425874e+02
[Iter 9620] Residual: 2.425068e+02
[Iter 9630] Residual: 2.424261e+02
[Iter 9640] Residual: 2.423455e+02
[Iter 9650] Residual: 2.422650e+02
[Iter 9660] Residual: 2.420826e+02
[Iter 9670] Residual: 2.419558e+02
[Iter 9680] Residual: 2.420236e+02
[Iter 9690] Residual: 2.417951e+02
[Iter 9700] Residual: 2.418629e+02
[Iter 9710] Residual: 2.416346e+02
[Iter 9720] Residual: 2.417023e+02
[Iter 9730] Residual: 2.416221e+02
[Iter 9740] Residual: 2.415419e+02
[Iter 9750] Residual: 2.414618e+02
[Iter 9760] Residual: 2.413817e+02
[Iter 9770] Residual: 2.413016e+02
[Iter 9780] Residual: 2.412216e+02
[Iter 9790] Residual: 2.410026e+02
[Iter 9800] Residual: 2.409143e+02
[Iter 9810] Residual: 2.409818e+02
[Iter 9820] Residual: 2.409020e+02
[Iter 9830] Residual: 2.405000e+02
[Iter 9840] Residual: 2.407424e+02
[Iter 9850] Residual: 2.406627e+02
[Iter 9860] Residual: 2.405830e+02
[Iter 9870] Residual: 2.405034e+02
[Iter 9880] Residual: 2.404238e+02
[Iter 9890] Residual: 2.403442e+02
[Iter 9900] Residual: 2.402647e+02
[Iter 9910] Residual: 2.400384e+02
[Iter 9920] Residual: 2.401058e+02
[Iter 9930] Residual: 2.400264e+02
[Iter 9940] Residual: 2.399471e+02
[Iter 9950] Residual: 2.397211e+02
[Iter 9960] Residual: 2.397885e+02
[Iter 9970] Residual: 2.395628e+02
[Iter 9980] Residual: 2.396300e+02
[Iter 9990] Residual: 2.395509e+02
[Iter 10000] Residual: 2.394718e+02
[Completed] Time: 0.186785 s
[Completed] Residual: 2.414249e+02
[Completed] #Iteration: 10000
[c30-08:03304] 15 more processes have sent help message help-mpi-btl-openib.txt / ib port not selected
[c30-08:03304] Set MCA parameter "orte_base_help_aggregate" to 0 to see all help / error messages
[c30-08:03304] 15 more processes have sent help message help-mpi-btl-openib.txt / error in device init
