[c25-01:164669] [[15942,0],0] ORTE_ERROR_LOG: Data unpack had inadequate space in file util/show_help.c at line 513
[c25-01:164669] [[15942,0],0] ORTE_ERROR_LOG: Data unpack had inadequate space in file util/show_help.c at line 513
[Iter 0] Residual: 100
[Iter 10] Residual: 9.585817e+01
[Iter 20] Residual: 9.379516e+01
[Iter 30] Residual: 9.220340e+01
[Iter 40] Residual: 9.085850e+01
[Iter 50] Residual: 8.967219e+01
[Iter 60] Residual: 8.859885e+01
[Iter 70] Residual: 8.761130e+01
[Iter 80] Residual: 8.669175e+01
[Iter 90] Residual: 8.582784e+01
[Iter 100] Residual: 8.501054e+01
[Iter 110] Residual: 8.423304e+01
[Iter 120] Residual: 8.349002e+01
[Iter 130] Residual: 8.277729e+01
[Iter 140] Residual: 8.209139e+01
[Iter 150] Residual: 8.142953e+01
[Iter 160] Residual: 8.078933e+01
[Iter 170] Residual: 8.016879e+01
[Iter 180] Residual: 7.956622e+01
[Iter 190] Residual: 7.898013e+01
[Iter 200] Residual: 7.840924e+01
[Iter 210] Residual: 7.785243e+01
[Iter 220] Residual: 7.730870e+01
[Iter 230] Residual: 7.677717e+01
[Iter 240] Residual: 7.625706e+01
[Iter 250] Residual: 7.574766e+01
[Iter 260] Residual: 7.524833e+01
[Iter 270] Residual: 7.475851e+01
[Iter 280] Residual: 7.427766e+01
[Iter 290] Residual: 7.380531e+01
[Iter 300] Residual: 7.334103e+01
[Iter 310] Residual: 7.288441e+01
[Iter 320] Residual: 7.243510e+01
[Iter 330] Residual: 7.199274e+01
[Iter 340] Residual: 7.155703e+01
[Iter 350] Residual: 7.112767e+01
[Iter 360] Residual: 7.070439e+01
[Iter 370] Residual: 7.028695e+01
[Iter 380] Residual: 6.987511e+01
[Iter 390] Residual: 6.946865e+01
[Iter 400] Residual: 6.906736e+01
[Iter 410] Residual: 6.867106e+01
[Iter 420] Residual: 6.827955e+01
[Iter 430] Residual: 6.789267e+01
[Iter 440] Residual: 6.751027e+01
[Iter 450] Residual: 6.713218e+01
[Iter 460] Residual: 6.675828e+01
[Iter 470] Residual: 6.638841e+01
[Iter 480] Residual: 6.602246e+01
[Iter 490] Residual: 6.566030e+01
[Iter 500] Residual: 6.530182e+01
[Iter 510] Residual: 6.494691e+01
[Iter 520] Residual: 6.459546e+01
[Iter 530] Residual: 6.424738e+01
[Iter 540] Residual: 6.390258e+01
[Iter 550] Residual: 6.356097e+01
[Iter 560] Residual: 6.322245e+01
[Iter 570] Residual: 6.288695e+01
[Iter 580] Residual: 6.255440e+01
[Iter 590] Residual: 6.222471e+01
[Iter 600] Residual: 6.189782e+01
[Iter 610] Residual: 6.157366e+01
[Iter 620] Residual: 6.125216e+01
[Iter 630] Residual: 6.093327e+01
[Iter 640] Residual: 6.061692e+01
[Iter 650] Residual: 6.030306e+01
[Iter 660] Residual: 5.999163e+01
[Iter 670] Residual: 5.968259e+01
[Iter 680] Residual: 5.937587e+01
[Iter 690] Residual: 5.907144e+01
[Iter 700] Residual: 5.876925e+01
[Iter 710] Residual: 5.846924e+01
[Iter 720] Residual: 5.817139e+01
[Iter 730] Residual: 5.787565e+01
[Iter 740] Residual: 5.758197e+01
[Iter 750] Residual: 5.729033e+01
[Iter 760] Residual: 5.700068e+01
[Iter 770] Residual: 5.671300e+01
[Iter 780] Residual: 5.642724e+01
[Iter 790] Residual: 5.614337e+01
[Iter 800] Residual: 5.586137e+01
[Iter 810] Residual: 5.558120e+01
[Iter 820] Residual: 5.530283e+01
[Iter 830] Residual: 5.502624e+01
[Iter 840] Residual: 5.475140e+01
[Iter 850] Residual: 5.447828e+01
[Iter 860] Residual: 5.420685e+01
[Iter 870] Residual: 5.393710e+01
[Iter 880] Residual: 5.366900e+01
[Iter 890] Residual: 5.340252e+01
[Iter 900] Residual: 5.313765e+01
[Iter 910] Residual: 5.287436e+01
[Iter 920] Residual: 5.261263e+01
[Iter 930] Residual: 5.235244e+01
[Iter 940] Residual: 5.209377e+01
[Iter 950] Residual: 5.183661e+01
[Iter 960] Residual: 5.158093e+01
[Iter 970] Residual: 5.132673e+01
[Iter 980] Residual: 5.107397e+01
[Iter 990] Residual: 5.082264e+01
[Iter 1000] Residual: 5.057274e+01
[Iter 1010] Residual: 5.032424e+01
[Iter 1020] Residual: 5.007712e+01
[Iter 1030] Residual: 4.983138e+01
[Iter 1040] Residual: 4.958699e+01
[Iter 1050] Residual: 4.934395e+01
[Iter 1060] Residual: 4.910224e+01
[Iter 1070] Residual: 4.886185e+01
[Iter 1080] Residual: 4.862277e+01
[Iter 1090] Residual: 4.838497e+01
[Iter 1100] Residual: 4.814846e+01
[Iter 1110] Residual: 4.791321e+01
[Iter 1120] Residual: 4.767922e+01
[Iter 1130] Residual: 4.744648e+01
[Iter 1140] Residual: 4.721497e+01
[Iter 1150] Residual: 4.698469e+01
[Iter 1160] Residual: 4.675562e+01
[Iter 1170] Residual: 4.652775e+01
[Iter 1180] Residual: 4.630108e+01
[Iter 1190] Residual: 4.607559e+01
[Iter 1200] Residual: 4.585127e+01
[Iter 1210] Residual: 4.562812e+01
[Iter 1220] Residual: 4.540613e+01
[Iter 1230] Residual: 4.518528e+01
[Iter 1240] Residual: 4.496557e+01
[Iter 1250] Residual: 4.474698e+01
[Iter 1260] Residual: 4.452952e+01
[Iter 1270] Residual: 4.431318e+01
[Iter 1280] Residual: 4.409793e+01
[Iter 1290] Residual: 4.388379e+01
[Iter 1300] Residual: 4.367073e+01
[Iter 1310] Residual: 4.345875e+01
[Iter 1320] Residual: 4.324785e+01
[Iter 1330] Residual: 4.303802e+01
[Iter 1340] Residual: 4.282924e+01
[Iter 1350] Residual: 4.262152e+01
[Iter 1360] Residual: 4.241484e+01
[Iter 1370] Residual: 4.220920e+01
[Iter 1380] Residual: 4.200459e+01
[Iter 1390] Residual: 4.180101e+01
[Iter 1400] Residual: 4.159844e+01
[Iter 1410] Residual: 4.139689e+01
[Iter 1420] Residual: 4.119635e+01
[Iter 1430] Residual: 4.099680e+01
[Iter 1440] Residual: 4.079824e+01
[Iter 1450] Residual: 4.060068e+01
[Iter 1460] Residual: 4.040409e+01
[Iter 1470] Residual: 4.020848e+01
[Iter 1480] Residual: 4.001384e+01
[Iter 1490] Residual: 3.982016e+01
[Iter 1500] Residual: 3.962744e+01
[Iter 1510] Residual: 3.943568e+01
[Iter 1520] Residual: 3.924486e+01
[Iter 1530] Residual: 3.905498e+01
[Iter 1540] Residual: 3.886603e+01
[Iter 1550] Residual: 3.867802e+01
[Iter 1560] Residual: 3.849094e+01
[Iter 1570] Residual: 3.830477e+01
[Iter 1580] Residual: 3.811952e+01
[Iter 1590] Residual: 3.793517e+01
[Iter 1600] Residual: 3.775174e+01
[Iter 1610] Residual: 3.756920e+01
[Iter 1620] Residual: 3.738756e+01
[Iter 1630] Residual: 3.720680e+01
[Iter 1640] Residual: 3.702694e+01
[Iter 1650] Residual: 3.684795e+01
[Iter 1660] Residual: 3.666984e+01
[Iter 1670] Residual: 3.649260e+01
[Iter 1680] Residual: 3.631622e+01
[Iter 1690] Residual: 3.614071e+01
[Iter 1700] Residual: 3.596605e+01
[Iter 1710] Residual: 3.579225e+01
[Iter 1720] Residual: 3.561929e+01
[Iter 1730] Residual: 3.544718e+01
[Iter 1740] Residual: 3.527590e+01
[Iter 1750] Residual: 3.510546e+01
[Iter 1760] Residual: 3.493585e+01
[Iter 1770] Residual: 3.476707e+01
[Iter 1780] Residual: 3.459910e+01
[Iter 1790] Residual: 3.443196e+01
[Iter 1800] Residual: 3.426563e+01
[Iter 1810] Residual: 3.410010e+01
[Iter 1820] Residual: 3.393538e+01
[Iter 1830] Residual: 3.377147e+01
[Iter 1840] Residual: 3.360834e+01
[Iter 1850] Residual: 3.344601e+01
[Iter 1860] Residual: 3.328447e+01
[Iter 1870] Residual: 3.312372e+01
[Iter 1880] Residual: 3.296374e+01
[Iter 1890] Residual: 3.280454e+01
[Iter 1900] Residual: 3.264611e+01
[Iter 1910] Residual: 3.248845e+01
[Iter 1920] Residual: 3.233156e+01
[Iter 1930] Residual: 3.217543e+01
[Iter 1940] Residual: 3.202005e+01
[Iter 1950] Residual: 3.186543e+01
[Iter 1960] Residual: 3.171155e+01
[Iter 1970] Residual: 3.155842e+01
[Iter 1980] Residual: 3.140604e+01
[Iter 1990] Residual: 3.125439e+01
[Iter 2000] Residual: 3.110348e+01
[Iter 2010] Residual: 3.095329e+01
[Iter 2020] Residual: 3.080384e+01
[Iter 2030] Residual: 3.065511e+01
[Iter 2040] Residual: 3.050710e+01
[Iter 2050] Residual: 3.035980e+01
[Iter 2060] Residual: 3.021322e+01
[Iter 2070] Residual: 3.006735e+01
[Iter 2080] Residual: 2.992218e+01
[Iter 2090] Residual: 2.977772e+01
[Iter 2100] Residual: 2.963395e+01
[Iter 2110] Residual: 2.949088e+01
[Iter 2120] Residual: 2.934850e+01
[Iter 2130] Residual: 2.920681e+01
[Iter 2140] Residual: 2.906581e+01
[Iter 2150] Residual: 2.892549e+01
[Iter 2160] Residual: 2.878585e+01
[Iter 2170] Residual: 2.864688e+01
[Iter 2180] Residual: 2.850858e+01
[Iter 2190] Residual: 2.837096e+01
[Iter 2200] Residual: 2.823399e+01
[Iter 2210] Residual: 2.809770e+01
[Iter 2220] Residual: 2.796205e+01
[Iter 2230] Residual: 2.782707e+01
[Iter 2240] Residual: 2.769274e+01
[Iter 2250] Residual: 2.755905e+01
[Iter 2260] Residual: 2.742602e+01
[Iter 2270] Residual: 2.729362e+01
[Iter 2280] Residual: 2.716187e+01
[Iter 2290] Residual: 2.703075e+01
[Iter 2300] Residual: 2.690027e+01
[Iter 2310] Residual: 2.677041e+01
[Iter 2320] Residual: 2.664119e+01
[Iter 2330] Residual: 2.651258e+01
[Iter 2340] Residual: 2.638460e+01
[Iter 2350] Residual: 2.625724e+01
[Iter 2360] Residual: 2.613049e+01
[Iter 2370] Residual: 2.600436e+01
[Iter 2380] Residual: 2.587883e+01
[Iter 2390] Residual: 2.575391e+01
[Iter 2400] Residual: 2.562960e+01
[Iter 2410] Residual: 2.550588e+01
[Iter 2420] Residual: 2.538277e+01
[Iter 2430] Residual: 2.526024e+01
[Iter 2440] Residual: 2.513831e+01
[Iter 2450] Residual: 2.501697e+01
[Iter 2460] Residual: 2.489621e+01
[Iter 2470] Residual: 2.477604e+01
[Iter 2480] Residual: 2.465645e+01
[Iter 2490] Residual: 2.453743e+01
[Iter 2500] Residual: 2.441899e+01
[Iter 2510] Residual: 2.430112e+01
[Iter 2520] Residual: 2.418382e+01
[Iter 2530] Residual: 2.406709e+01
[Iter 2540] Residual: 2.395092e+01
[Iter 2550] Residual: 2.383531e+01
[Iter 2560] Residual: 2.372026e+01
[Iter 2570] Residual: 2.360577e+01
[Iter 2580] Residual: 2.349182e+01
[Iter 2590] Residual: 2.337843e+01
[Iter 2600] Residual: 2.326559e+01
[Iter 2610] Residual: 2.315329e+01
[Iter 2620] Residual: 2.304153e+01
[Iter 2630] Residual: 2.293032e+01
[Iter 2640] Residual: 2.281963e+01
[Iter 2650] Residual: 2.270949e+01
[Iter 2660] Residual: 2.259987e+01
[Iter 2670] Residual: 2.249079e+01
[Iter 2680] Residual: 2.238223e+01
[Iter 2690] Residual: 2.227420e+01
[Iter 2700] Residual: 2.216668e+01
[Iter 2710] Residual: 2.205969e+01
[Iter 2720] Residual: 2.195321e+01
[Iter 2730] Residual: 2.184725e+01
[Iter 2740] Residual: 2.174180e+01
[Iter 2750] Residual: 2.163686e+01
[Iter 2760] Residual: 2.153242e+01
[Iter 2770] Residual: 2.142849e+01
[Iter 2780] Residual: 2.132506e+01
[Iter 2790] Residual: 2.122213e+01
[Iter 2800] Residual: 2.111969e+01
[Iter 2810] Residual: 2.101775e+01
[Iter 2820] Residual: 2.091631e+01
[Iter 2830] Residual: 2.081535e+01
[Iter 2840] Residual: 2.071488e+01
[Iter 2850] Residual: 2.061489e+01
[Iter 2860] Residual: 2.051539e+01
[Iter 2870] Residual: 2.041637e+01
[Iter 2880] Residual: 2.031782e+01
[Iter 2890] Residual: 2.021976e+01
[Iter 2900] Residual: 2.012216e+01
[Iter 2910] Residual: 2.002504e+01
[Iter 2920] Residual: 1.992838e+01
[Iter 2930] Residual: 1.983219e+01
[Iter 2940] Residual: 1.973647e+01
[Iter 2950] Residual: 1.964121e+01
[Iter 2960] Residual: 1.954640e+01
[Iter 2970] Residual: 1.945206e+01
[Iter 2980] Residual: 1.935817e+01
[Iter 2990] Residual: 1.926473e+01
[Iter 3000] Residual: 1.917175e+01
[Iter 3010] Residual: 1.907921e+01
[Iter 3020] Residual: 1.898712e+01
[Iter 3030] Residual: 1.889548e+01
[Iter 3040] Residual: 1.880428e+01
[Iter 3050] Residual: 1.871351e+01
[Iter 3060] Residual: 1.862319e+01
[Iter 3070] Residual: 1.853330e+01
[Iter 3080] Residual: 1.844385e+01
[Iter 3090] Residual: 1.835482e+01
[Iter 3100] Residual: 1.826623e+01
[Iter 3110] Residual: 1.817806e+01
[Iter 3120] Residual: 1.809033e+01
[Iter 3130] Residual: 1.800301e+01
[Iter 3140] Residual: 1.791611e+01
[Iter 3150] Residual: 1.782964e+01
[Iter 3160] Residual: 1.774358e+01
[Iter 3170] Residual: 1.765794e+01
[Iter 3180] Residual: 1.757271e+01
[Iter 3190] Residual: 1.748789e+01
[Iter 3200] Residual: 1.740348e+01
[Iter 3210] Residual: 1.731948e+01
[Iter 3220] Residual: 1.723589e+01
[Iter 3230] Residual: 1.715269e+01
[Iter 3240] Residual: 1.706990e+01
[Iter 3250] Residual: 1.698751e+01
[Iter 3260] Residual: 1.690552e+01
[Iter 3270] Residual: 1.682392e+01
[Iter 3280] Residual: 1.674272e+01
[Iter 3290] Residual: 1.666191e+01
[Iter 3300] Residual: 1.658148e+01
[Iter 3310] Residual: 1.650145e+01
[Iter 3320] Residual: 1.642180e+01
[Iter 3330] Residual: 1.634254e+01
[Iter 3340] Residual: 1.626366e+01
[Iter 3350] Residual: 1.618516e+01
[Iter 3360] Residual: 1.610704e+01
[Iter 3370] Residual: 1.602930e+01
[Iter 3380] Residual: 1.595193e+01
[Iter 3390] Residual: 1.587494e+01
[Iter 3400] Residual: 1.579831e+01
[Iter 3410] Residual: 1.572206e+01
[Iter 3420] Residual: 1.564617e+01
[Iter 3430] Residual: 1.557066e+01
[Iter 3440] Residual: 1.549550e+01
[Iter 3450] Residual: 1.542071e+01
[Iter 3460] Residual: 1.534628e+01
[Iter 3470] Residual: 1.527221e+01
[Iter 3480] Residual: 1.519849e+01
[Iter 3490] Residual: 1.512514e+01
[Iter 3500] Residual: 1.505213e+01
[Iter 3510] Residual: 1.497948e+01
[Iter 3520] Residual: 1.490718e+01
[Iter 3530] Residual: 1.483523e+01
[Iter 3540] Residual: 1.476362e+01
[Iter 3550] Residual: 1.469236e+01
[Iter 3560] Residual: 1.462145e+01
[Iter 3570] Residual: 1.455087e+01
[Iter 3580] Residual: 1.448064e+01
[Iter 3590] Residual: 1.441075e+01
[Iter 3600] Residual: 1.434119e+01
[Iter 3610] Residual: 1.427197e+01
[Iter 3620] Residual: 1.420309e+01
[Iter 3630] Residual: 1.413453e+01
[Iter 3640] Residual: 1.406631e+01
[Iter 3650] Residual: 1.399842e+01
[Iter 3660] Residual: 1.393085e+01
[Iter 3670] Residual: 1.386361e+01
[Iter 3680] Residual: 1.379670e+01
[Iter 3690] Residual: 1.373011e+01
[Iter 3700] Residual: 1.366384e+01
[Iter 3710] Residual: 1.359788e+01
[Iter 3720] Residual: 1.353225e+01
[Iter 3730] Residual: 1.346694e+01
[Iter 3740] Residual: 1.340194e+01
[Iter 3750] Residual: 1.333725e+01
[Iter 3760] Residual: 1.327287e+01
[Iter 3770] Residual: 1.320881e+01
[Iter 3780] Residual: 1.314506e+01
[Iter 3790] Residual: 1.308161e+01
[Iter 3800] Residual: 1.301847e+01
[Iter 3810] Residual: 1.295563e+01
[Iter 3820] Residual: 1.289310e+01
[Iter 3830] Residual: 1.283087e+01
[Iter 3840] Residual: 1.276894e+01
[Iter 3850] Residual: 1.270731e+01
[Iter 3860] Residual: 1.264597e+01
[Iter 3870] Residual: 1.258494e+01
[Iter 3880] Residual: 1.252419e+01
[Iter 3890] Residual: 1.246374e+01
[Iter 3900] Residual: 1.240359e+01
[Iter 3910] Residual: 1.234372e+01
[Iter 3920] Residual: 1.228414e+01
[Iter 3930] Residual: 1.222485e+01
[Iter 3940] Residual: 1.216584e+01
[Iter 3950] Residual: 1.210712e+01
[Iter 3960] Residual: 1.204868e+01
[Iter 3970] Residual: 1.199053e+01
[Iter 3980] Residual: 1.193266e+01
[Iter 3990] Residual: 1.187506e+01
[Iter 4000] Residual: 1.181774e+01
[Iter 4010] Residual: 1.176070e+01
[Iter 4020] Residual: 1.170394e+01
[Iter 4030] Residual: 1.164745e+01
[Iter 4040] Residual: 1.159123e+01
[Iter 4050] Residual: 1.153528e+01
[Iter 4060] Residual: 1.147961e+01
[Iter 4070] Residual: 1.142420e+01
[Iter 4080] Residual: 1.136906e+01
[Iter 4090] Residual: 1.131418e+01
[Iter 4100] Residual: 1.125957e+01
[Iter 4110] Residual: 1.120523e+01
[Iter 4120] Residual: 1.115114e+01
[Iter 4130] Residual: 1.109732e+01
[Iter 4140] Residual: 1.104376e+01
[Iter 4150] Residual: 1.099045e+01
[Iter 4160] Residual: 1.093740e+01
[Iter 4170] Residual: 1.088461e+01
[Iter 4180] Residual: 1.083208e+01
[Iter 4190] Residual: 1.077979e+01
[Iter 4200] Residual: 1.072776e+01
[Iter 4210] Residual: 1.067598e+01
[Iter 4220] Residual: 1.062446e+01
[Iter 4230] Residual: 1.057317e+01
[Iter 4240] Residual: 1.052214e+01
[Iter 4250] Residual: 1.047135e+01
[Iter 4260] Residual: 1.042081e+01
[Iter 4270] Residual: 1.037052e+01
[Iter 4280] Residual: 1.032046e+01
[Iter 4290] Residual: 1.027065e+01
[Iter 4300] Residual: 1.022107e+01
[Iter 4310] Residual: 1.017174e+01
[Iter 4320] Residual: 1.012264e+01
[Iter 4330] Residual: 1.007379e+01
[Iter 4340] Residual: 1.002516e+01
[Iter 4350] Residual: 9.976775e+00
[Iter 4360] Residual: 9.928621e+00
[Iter 4370] Residual: 9.880699e+00
[Iter 4380] Residual: 9.833008e+00
[Iter 4390] Residual: 9.785547e+00
[Iter 4400] Residual: 9.738316e+00
[Iter 4410] Residual: 9.691312e+00
[Iter 4420] Residual: 9.644536e+00
[Iter 4430] Residual: 9.597985e+00
[Iter 4440] Residual: 9.551658e+00
[Iter 4450] Residual: 9.505556e+00
[Iter 4460] Residual: 9.459676e+00
[Iter 4470] Residual: 9.414017e+00
[Iter 4480] Residual: 9.368579e+00
[Iter 4490] Residual: 9.323360e+00
[Iter 4500] Residual: 9.278359e+00
[Iter 4510] Residual: 9.233576e+00
[Iter 4520] Residual: 9.189008e+00
[Iter 4530] Residual: 9.144656e+00
[Iter 4540] Residual: 9.100518e+00
[Iter 4550] Residual: 9.056593e+00
[Iter 4560] Residual: 9.012880e+00
[Iter 4570] Residual: 8.969378e+00
[Iter 4580] Residual: 8.926085e+00
[Iter 4590] Residual: 8.883002e+00
[Iter 4600] Residual: 8.840127e+00
[Iter 4610] Residual: 8.797459e+00
[Iter 4620] Residual: 8.754996e+00
[Iter 4630] Residual: 8.712739e+00
[Iter 4640] Residual: 8.670685e+00
[Iter 4650] Residual: 8.628835e+00
[Iter 4660] Residual: 8.587187e+00
[Iter 4670] Residual: 8.545739e+00
[Iter 4680] Residual: 8.504492e+00
[Iter 4690] Residual: 8.463443e+00
[Iter 4700] Residual: 8.422593e+00
[Iter 4710] Residual: 8.381940e+00
[Iter 4720] Residual: 8.341483e+00
[Iter 4730] Residual: 8.301222e+00
[Iter 4740] Residual: 8.261155e+00
[Iter 4750] Residual: 8.221281e+00
[Iter 4760] Residual: 8.181600e+00
[Iter 4770] Residual: 8.142110e+00
[Iter 4780] Residual: 8.102811e+00
[Iter 4790] Residual: 8.063701e+00
[Iter 4800] Residual: 8.024780e+00
[Iter 4810] Residual: 7.986047e+00
[Iter 4820] Residual: 7.947501e+00
[Iter 4830] Residual: 7.909142e+00
[Iter 4840] Residual: 7.870967e+00
[Iter 4850] Residual: 7.832976e+00
[Iter 4860] Residual: 7.795169e+00
[Iter 4870] Residual: 7.757545e+00
[Iter 4880] Residual: 7.720101e+00
[Iter 4890] Residual: 7.682839e+00
[Iter 4900] Residual: 7.645757e+00
[Iter 4910] Residual: 7.608853e+00
[Iter 4920] Residual: 7.572128e+00
[Iter 4930] Residual: 7.535580e+00
[Iter 4940] Residual: 7.499208e+00
[Iter 4950] Residual: 7.463012e+00
[Iter 4960] Residual: 7.426991e+00
[Iter 4970] Residual: 7.391143e+00
[Iter 4980] Residual: 7.355468e+00
[Iter 4990] Residual: 7.319966e+00
[Iter 5000] Residual: 7.284635e+00
[Iter 5010] Residual: 7.249475e+00
[Iter 5020] Residual: 7.214484e+00
[Iter 5030] Residual: 7.179662e+00
[Iter 5040] Residual: 7.145008e+00
[Iter 5050] Residual: 7.110522e+00
[Iter 5060] Residual: 7.076202e+00
[Iter 5070] Residual: 7.042047e+00
[Iter 5080] Residual: 7.008058e+00
[Iter 5090] Residual: 6.974232e+00
[Iter 5100] Residual: 6.940570e+00
[Iter 5110] Residual: 6.907070e+00
[Iter 5120] Residual: 6.873732e+00
[Iter 5130] Residual: 6.840555e+00
[Iter 5140] Residual: 6.807538e+00
[Iter 5150] Residual: 6.774680e+00
[Iter 5160] Residual: 6.741981e+00
[Iter 5170] Residual: 6.709440e+00
[Iter 5180] Residual: 6.677055e+00
[Iter 5190] Residual: 6.644828e+00
[Iter 5200] Residual: 6.612755e+00
[Iter 5210] Residual: 6.580838e+00
[Iter 5220] Residual: 6.549074e+00
[Iter 5230] Residual: 6.517464e+00
[Iter 5240] Residual: 6.486006e+00
[Iter 5250] Residual: 6.454701e+00
[Iter 5260] Residual: 6.423546e+00
[Iter 5270] Residual: 6.392542e+00
[Iter 5280] Residual: 6.361687e+00
[Iter 5290] Residual: 6.330981e+00
[Iter 5300] Residual: 6.300424e+00
[Iter 5310] Residual: 6.270014e+00
[Iter 5320] Residual: 6.239751e+00
[Iter 5330] Residual: 6.209634e+00
[Iter 5340] Residual: 6.179662e+00
[Iter 5350] Residual: 6.149835e+00
[Iter 5360] Residual: 6.120151e+00
[Iter 5370] Residual: 6.090611e+00
[Iter 5380] Residual: 6.061214e+00
[Iter 5390] Residual: 6.031959e+00
[Iter 5400] Residual: 6.002845e+00
[Iter 5410] Residual: 5.973871e+00
[Iter 5420] Residual: 5.945037e+00
[Iter 5430] Residual: 5.916342e+00
[Iter 5440] Residual: 5.887786e+00
[Iter 5450] Residual: 5.859368e+00
[Iter 5460] Residual: 5.831087e+00
[Iter 5470] Residual: 5.802942e+00
[Iter 5480] Residual: 5.774933e+00
[Iter 5490] Residual: 5.747059e+00
[Iter 5500] Residual: 5.719320e+00
[Iter 5510] Residual: 5.691715e+00
[Iter 5520] Residual: 5.664243e+00
[Iter 5530] Residual: 5.636904e+00
[Iter 5540] Residual: 5.609696e+00
[Iter 5550] Residual: 5.582620e+00
[Iter 5560] Residual: 5.555675e+00
[Iter 5570] Residual: 5.528859e+00
[Iter 5580] Residual: 5.502173e+00
[Iter 5590] Residual: 5.475616e+00
[Iter 5600] Residual: 5.449187e+00
[Iter 5610] Residual: 5.422886e+00
[Iter 5620] Residual: 5.396712e+00
[Iter 5630] Residual: 5.370663e+00
[Iter 5640] Residual: 5.344741e+00
[Iter 5650] Residual: 5.318944e+00
[Iter 5660] Residual: 5.293271e+00
[Iter 5670] Residual: 5.267722e+00
[Iter 5680] Residual: 5.242297e+00
[Iter 5690] Residual: 5.216994e+00
[Iter 5700] Residual: 5.191813e+00
[Iter 5710] Residual: 5.166754e+00
[Iter 5720] Residual: 5.141816e+00
[Iter 5730] Residual: 5.116998e+00
[Iter 5740] Residual: 5.092300e+00
[Iter 5750] Residual: 5.067721e+00
[Iter 5760] Residual: 5.043261e+00
[Iter 5770] Residual: 5.018919e+00
[Iter 5780] Residual: 4.994694e+00
[Iter 5790] Residual: 4.970587e+00
[Iter 5800] Residual: 4.946595e+00
[Iter 5810] Residual: 4.922720e+00
[Iter 5820] Residual: 4.898960e+00
[Iter 5830] Residual: 4.875314e+00
[Iter 5840] Residual: 4.851782e+00
[Iter 5850] Residual: 4.828365e+00
[Iter 5860] Residual: 4.805060e+00
[Iter 5870] Residual: 4.781867e+00
[Iter 5880] Residual: 4.758787e+00
[Iter 5890] Residual: 4.735818e+00
[Iter 5900] Residual: 4.712960e+00
[Iter 5910] Residual: 4.690212e+00
[Iter 5920] Residual: 4.667574e+00
[Iter 5930] Residual: 4.645045e+00
[Iter 5940] Residual: 4.622625e+00
[Iter 5950] Residual: 4.600313e+00
[Iter 5960] Residual: 4.578109e+00
[Iter 5970] Residual: 4.556012e+00
[Iter 5980] Residual: 4.534022e+00
[Iter 5990] Residual: 4.512137e+00
[Iter 6000] Residual: 4.490359e+00
[Iter 6010] Residual: 4.468685e+00
[Iter 6020] Residual: 4.447116e+00
[Iter 6030] Residual: 4.425652e+00
[Iter 6040] Residual: 4.404291e+00
[Iter 6050] Residual: 4.383033e+00
[Iter 6060] Residual: 4.361877e+00
[Iter 6070] Residual: 4.340824e+00
[Iter 6080] Residual: 4.319872e+00
[Iter 6090] Residual: 4.299022e+00
[Iter 6100] Residual: 4.278272e+00
[Iter 6110] Residual: 4.257622e+00
[Iter 6120] Residual: 4.237072e+00
[Iter 6130] Residual: 4.216621e+00
[Iter 6140] Residual: 4.196269e+00
[Iter 6150] Residual: 4.176015e+00
[Iter 6160] Residual: 4.155859e+00
[Iter 6170] Residual: 4.135800e+00
[Iter 6180] Residual: 4.115838e+00
[Iter 6190] Residual: 4.095972e+00
[Iter 6200] Residual: 4.076202e+00
[Iter 6210] Residual: 4.056527e+00
[Iter 6220] Residual: 4.036948e+00
[Iter 6230] Residual: 4.017463e+00
[Iter 6240] Residual: 3.998072e+00
[Iter 6250] Residual: 3.978775e+00
[Iter 6260] Residual: 3.959571e+00
[Iter 6270] Residual: 3.940459e+00
[Iter 6280] Residual: 3.921440e+00
[Iter 6290] Residual: 3.902512e+00
[Iter 6300] Residual: 3.883676e+00
[Iter 6310] Residual: 3.864931e+00
[Iter 6320] Residual: 3.846276e+00
[Iter 6330] Residual: 3.827712e+00
[Iter 6340] Residual: 3.809237e+00
[Iter 6350] Residual: 3.790851e+00
[Iter 6360] Residual: 3.772554e+00
[Iter 6370] Residual: 3.754345e+00
[Iter 6380] Residual: 3.736224e+00
[Iter 6390] Residual: 3.718190e+00
[Iter 6400] Residual: 3.700244e+00
[Iter 6410] Residual: 3.682384e+00
[Iter 6420] Residual: 3.664610e+00
[Iter 6430] Residual: 3.646923e+00
[Iter 6440] Residual: 3.629320e+00
[Iter 6450] Residual: 3.611803e+00
[Iter 6460] Residual: 3.594370e+00
[Iter 6470] Residual: 3.577021e+00
[Iter 6480] Residual: 3.559756e+00
[Iter 6490] Residual: 3.542574e+00
[Iter 6500] Residual: 3.525475e+00
[Iter 6510] Residual: 3.508459e+00
[Iter 6520] Residual: 3.491525e+00
[Iter 6530] Residual: 3.474672e+00
[Iter 6540] Residual: 3.457901e+00
[Iter 6550] Residual: 3.441211e+00
[Iter 6560] Residual: 3.424602e+00
[Iter 6570] Residual: 3.408072e+00
[Iter 6580] Residual: 3.391623e+00
[Iter 6590] Residual: 3.375252e+00
[Iter 6600] Residual: 3.358961e+00
[Iter 6610] Residual: 3.342749e+00
[Iter 6620] Residual: 3.326614e+00
[Iter 6630] Residual: 3.310558e+00
[Iter 6640] Residual: 3.294579e+00
[Iter 6650] Residual: 3.278677e+00
[Iter 6660] Residual: 3.262852e+00
[Iter 6670] Residual: 3.247103e+00
[Iter 6680] Residual: 3.231431e+00
[Iter 6690] Residual: 3.215834e+00
[Iter 6700] Residual: 3.200312e+00
[Iter 6710] Residual: 3.184865e+00
[Iter 6720] Residual: 3.169493e+00
[Iter 6730] Residual: 3.154195e+00
[Iter 6740] Residual: 3.138971e+00
[Iter 6750] Residual: 3.123820e+00
[Iter 6760] Residual: 3.108742e+00
[Iter 6770] Residual: 3.093737e+00
[Iter 6780] Residual: 3.078805e+00
[Iter 6790] Residual: 3.063945e+00
[Iter 6800] Residual: 3.049156e+00
[Iter 6810] Residual: 3.034439e+00
[Iter 6820] Residual: 3.019792e+00
[Iter 6830] Residual: 3.005217e+00
[Iter 6840] Residual: 2.990712e+00
[Iter 6850] Residual: 2.976277e+00
[Iter 6860] Residual: 2.961911e+00
[Iter 6870] Residual: 2.947615e+00
[Iter 6880] Residual: 2.933388e+00
[Iter 6890] Residual: 2.919229e+00
[Iter 6900] Residual: 2.905139e+00
[Iter 6910] Residual: 2.891117e+00
[Iter 6920] Residual: 2.877163e+00
[Iter 6930] Residual: 2.863276e+00
[Iter 6940] Residual: 2.849456e+00
[Iter 6950] Residual: 2.835702e+00
[Iter 6960] Residual: 2.822015e+00
[Iter 6970] Residual: 2.808394e+00
[Iter 6980] Residual: 2.794839e+00
[Iter 6990] Residual: 2.781349e+00
[Iter 7000] Residual: 2.767925e+00
[Iter 7010] Residual: 2.754565e+00
[Iter 7020] Residual: 2.741270e+00
[Iter 7030] Residual: 2.728038e+00
[Iter 7040] Residual: 2.714871e+00
[Iter 7050] Residual: 2.701767e+00
[Iter 7060] Residual: 2.688727e+00
[Iter 7070] Residual: 2.675749e+00
[Iter 7080] Residual: 2.662834e+00
[Iter 7090] Residual: 2.649982e+00
[Iter 7100] Residual: 2.637191e+00
[Iter 7110] Residual: 2.624462e+00
[Iter 7120] Residual: 2.611795e+00
[Iter 7130] Residual: 2.599189e+00
[Iter 7140] Residual: 2.586643e+00
[Iter 7150] Residual: 2.574158e+00
[Iter 7160] Residual: 2.561734e+00
[Iter 7170] Residual: 2.549369e+00
[Iter 7180] Residual: 2.537064e+00
[Iter 7190] Residual: 2.524819e+00
[Iter 7200] Residual: 2.512632e+00
[Iter 7210] Residual: 2.500505e+00
[Iter 7220] Residual: 2.488436e+00
[Iter 7230] Residual: 2.476425e+00
[Iter 7240] Residual: 2.464472e+00
[Iter 7250] Residual: 2.452577e+00
[Iter 7260] Residual: 2.440739e+00
[Iter 7270] Residual: 2.428958e+00
[Iter 7280] Residual: 2.417235e+00
[Iter 7290] Residual: 2.405567e+00
[Iter 7300] Residual: 2.393957e+00
[Iter 7310] Residual: 2.382402e+00
[Iter 7320] Residual: 2.370903e+00
[Iter 7330] Residual: 2.359459e+00
[Iter 7340] Residual: 2.348071e+00
[Iter 7350] Residual: 2.336737e+00
[Iter 7360] Residual: 2.325459e+00
[Iter 7370] Residual: 2.314235e+00
[Iter 7380] Residual: 2.303065e+00
[Iter 7390] Residual: 2.291948e+00
[Iter 7400] Residual: 2.280886e+00
[Iter 7410] Residual: 2.269877e+00
[Iter 7420] Residual: 2.258921e+00
[Iter 7430] Residual: 2.248018e+00
[Iter 7440] Residual: 2.237168e+00
[Iter 7450] Residual: 2.226370e+00
[Iter 7460] Residual: 2.215624e+00
[Iter 7470] Residual: 2.204930e+00
[Iter 7480] Residual: 2.194287e+00
[Iter 7490] Residual: 2.183696e+00
[Iter 7500] Residual: 2.173156e+00
[Iter 7510] Residual: 2.162667e+00
[Iter 7520] Residual: 2.152228e+00
[Iter 7530] Residual: 2.141840e+00
[Iter 7540] Residual: 2.131502e+00
[Iter 7550] Residual: 2.121214e+00
[Iter 7560] Residual: 2.110976e+00
[Iter 7570] Residual: 2.100787e+00
[Iter 7580] Residual: 2.090647e+00
[Iter 7590] Residual: 2.080556e+00
[Iter 7600] Residual: 2.070514e+00
[Iter 7610] Residual: 2.060521e+00
[Iter 7620] Residual: 2.050575e+00
[Iter 7630] Residual: 2.040678e+00
[Iter 7640] Residual: 2.030828e+00
[Iter 7650] Residual: 2.021026e+00
[Iter 7660] Residual: 2.011271e+00
[Iter 7670] Residual: 2.001563e+00
[Iter 7680] Residual: 1.991903e+00
[Iter 7690] Residual: 1.982288e+00
[Iter 7700] Residual: 1.972720e+00
[Iter 7710] Residual: 1.963199e+00
[Iter 7720] Residual: 1.953723e+00
[Iter 7730] Residual: 1.944293e+00
[Iter 7740] Residual: 1.934909e+00
[Iter 7750] Residual: 1.925570e+00
[Iter 7760] Residual: 1.916276e+00
[Iter 7770] Residual: 1.907026e+00
[Iter 7780] Residual: 1.897822e+00
[Iter 7790] Residual: 1.888662e+00
[Iter 7800] Residual: 1.879546e+00
[Iter 7810] Residual: 1.870474e+00
[Iter 7820] Residual: 1.861446e+00
[Iter 7830] Residual: 1.852461e+00
[Iter 7840] Residual: 1.843520e+00
[Iter 7850] Residual: 1.834622e+00
[Iter 7860] Residual: 1.825767e+00
[Iter 7870] Residual: 1.816954e+00
[Iter 7880] Residual: 1.808184e+00
[Iter 7890] Residual: 1.799457e+00
[Iter 7900] Residual: 1.790772e+00
[Iter 7910] Residual: 1.782128e+00
[Iter 7920] Residual: 1.773526e+00
[Iter 7930] Residual: 1.764966e+00
[Iter 7940] Residual: 1.756447e+00
[Iter 7950] Residual: 1.747970e+00
[Iter 7960] Residual: 1.739533e+00
[Iter 7970] Residual: 1.731137e+00
[Iter 7980] Residual: 1.722781e+00
[Iter 7990] Residual: 1.714466e+00
[Iter 8000] Residual: 1.706191e+00
[Iter 8010] Residual: 1.697955e+00
[Iter 8020] Residual: 1.689760e+00
[Iter 8030] Residual: 1.681604e+00
[Iter 8040] Residual: 1.673487e+00
[Iter 8050] Residual: 1.665410e+00
[Iter 8060] Residual: 1.657372e+00
[Iter 8070] Residual: 1.649372e+00
[Iter 8080] Residual: 1.641411e+00
[Iter 8090] Residual: 1.633489e+00
[Iter 8100] Residual: 1.625604e+00
[Iter 8110] Residual: 1.617758e+00
[Iter 8120] Residual: 1.609950e+00
[Iter 8130] Residual: 1.602179e+00
[Iter 8140] Residual: 1.594446e+00
[Iter 8150] Residual: 1.586750e+00
[Iter 8160] Residual: 1.579091e+00
[Iter 8170] Residual: 1.571470e+00
[Iter 8180] Residual: 1.563885e+00
[Iter 8190] Residual: 1.556336e+00
[Iter 8200] Residual: 1.548824e+00
[Iter 8210] Residual: 1.541349e+00
[Iter 8220] Residual: 1.533909e+00
[Iter 8230] Residual: 1.526506e+00
[Iter 8240] Residual: 1.519138e+00
[Iter 8250] Residual: 1.511805e+00
[Iter 8260] Residual: 1.504508e+00
[Iter 8270] Residual: 1.497246e+00
[Iter 8280] Residual: 1.490020e+00
[Iter 8290] Residual: 1.482828e+00
[Iter 8300] Residual: 1.475671e+00
[Iter 8310] Residual: 1.468548e+00
[Iter 8320] Residual: 1.461460e+00
[Iter 8330] Residual: 1.454406e+00
[Iter 8340] Residual: 1.447386e+00
[Iter 8350] Residual: 1.440400e+00
[Iter 8360] Residual: 1.433448e+00
[Iter 8370] Residual: 1.426529e+00
[Iter 8380] Residual: 1.419644e+00
[Iter 8390] Residual: 1.412792e+00
[Iter 8400] Residual: 1.405972e+00
[Iter 8410] Residual: 1.399186e+00
[Iter 8420] Residual: 1.392433e+00
[Iter 8430] Residual: 1.385712e+00
[Iter 8440] Residual: 1.379024e+00
[Iter 8450] Residual: 1.372368e+00
[Iter 8460] Residual: 1.365744e+00
[Iter 8470] Residual: 1.359152e+00
[Iter 8480] Residual: 1.352592e+00
[Iter 8490] Residual: 1.346063e+00
[Iter 8500] Residual: 1.339566e+00
[Iter 8510] Residual: 1.333100e+00
[Iter 8520] Residual: 1.326666e+00
[Iter 8530] Residual: 1.320263e+00
[Iter 8540] Residual: 1.313890e+00
[Iter 8550] Residual: 1.307549e+00
[Iter 8560] Residual: 1.301237e+00
[Iter 8570] Residual: 1.294957e+00
[Iter 8580] Residual: 1.288706e+00
[Iter 8590] Residual: 1.282486e+00
[Iter 8600] Residual: 1.276296e+00
[Iter 8610] Residual: 1.270136e+00
[Iter 8620] Residual: 1.264005e+00
[Iter 8630] Residual: 1.257905e+00
[Iter 8640] Residual: 1.251833e+00
[Iter 8650] Residual: 1.245791e+00
[Iter 8660] Residual: 1.239778e+00
[Iter 8670] Residual: 1.233794e+00
[Iter 8680] Residual: 1.227839e+00
[Iter 8690] Residual: 1.221912e+00
[Iter 8700] Residual: 1.216015e+00
[Iter 8710] Residual: 1.210145e+00
[Iter 8720] Residual: 1.204304e+00
[Iter 8730] Residual: 1.198492e+00
[Iter 8740] Residual: 1.192707e+00
[Iter 8750] Residual: 1.186950e+00
[Iter 8760] Residual: 1.181221e+00
[Iter 8770] Residual: 1.175520e+00
[Iter 8780] Residual: 1.169846e+00
[Iter 8790] Residual: 1.164199e+00
[Iter 8800] Residual: 1.158580e+00
[Iter 8810] Residual: 1.152988e+00
[Iter 8820] Residual: 1.147423e+00
[Iter 8830] Residual: 1.141885e+00
[Iter 8840] Residual: 1.136373e+00
[Iter 8850] Residual: 1.130888e+00
[Iter 8860] Residual: 1.125430e+00
[Iter 8870] Residual: 1.119998e+00
[Iter 8880] Residual: 1.114592e+00
[Iter 8890] Residual: 1.109212e+00
[Iter 8900] Residual: 1.103859e+00
[Iter 8910] Residual: 1.098531e+00
[Iter 8920] Residual: 1.093228e+00
[Iter 8930] Residual: 1.087952e+00
[Iter 8940] Residual: 1.082701e+00
[Iter 8950] Residual: 1.077475e+00
[Iter 8960] Residual: 1.072274e+00
[Iter 8970] Residual: 1.067099e+00
[Iter 8980] Residual: 1.061948e+00
[Iter 8990] Residual: 1.056822e+00
[Iter 9000] Residual: 1.051722e+00
[Iter 9010] Residual: 1.046645e+00
[Iter 9020] Residual: 1.041593e+00
[Iter 9030] Residual: 1.036566e+00
[Iter 9040] Residual: 1.031563e+00
[Iter 9050] Residual: 1.026584e+00
[Iter 9060] Residual: 1.021629e+00
[Iter 9070] Residual: 1.016698e+00
[Iter 9080] Residual: 1.011791e+00
[Iter 9090] Residual: 1.006907e+00
[Iter 9100] Residual: 1.002047e+00
[Iter 9110] Residual: 9.972105e-01
[Iter 9120] Residual: 9.923973e-01
[Iter 9130] Residual: 9.876073e-01
[Iter 9140] Residual: 9.828405e-01
[Iter 9150] Residual: 9.780966e-01
[Iter 9160] Residual: 9.733757e-01
[Iter 9170] Residual: 9.686775e-01
[Iter 9180] Residual: 9.640020e-01
[Iter 9190] Residual: 9.593491e-01
[Iter 9200] Residual: 9.547187e-01
[Iter 9210] Residual: 9.501106e-01
[Iter 9220] Residual: 9.455247e-01
[Iter 9230] Residual: 9.409610e-01
[Iter 9240] Residual: 9.364193e-01
[Iter 9250] Residual: 9.318995e-01
[Iter 9260] Residual: 9.274015e-01
[Iter 9270] Residual: 9.229253e-01
[Iter 9280] Residual: 9.184706e-01
[Iter 9290] Residual: 9.140375e-01
[Iter 9300] Residual: 9.096257e-01
[Iter 9310] Residual: 9.052353e-01
[Iter 9320] Residual: 9.008660e-01
[Iter 9330] Residual: 8.965179e-01
[Iter 9340] Residual: 8.921907e-01
[Iter 9350] Residual: 8.878844e-01
[Iter 9360] Residual: 8.835988e-01
[Iter 9370] Residual: 8.793340e-01
[Iter 9380] Residual: 8.750898e-01
[Iter 9390] Residual: 8.708660e-01
[Iter 9400] Residual: 8.666626e-01
[Iter 9410] Residual: 8.624795e-01
[Iter 9420] Residual: 8.583166e-01
[Iter 9430] Residual: 8.541738e-01
[Iter 9440] Residual: 8.500510e-01
[Iter 9450] Residual: 8.459481e-01
[Iter 9460] Residual: 8.418650e-01
[Iter 9470] Residual: 8.378016e-01
[Iter 9480] Residual: 8.337578e-01
[Iter 9490] Residual: 8.297336e-01
[Iter 9500] Residual: 8.257287e-01
[Iter 9510] Residual: 8.217432e-01
[Iter 9520] Residual: 8.177769e-01
[Iter 9530] Residual: 8.138298e-01
[Iter 9540] Residual: 8.099017e-01
[Iter 9550] Residual: 8.059926e-01
[Iter 9560] Residual: 8.021023e-01
[Iter 9570] Residual: 7.982309e-01
[Iter 9580] Residual: 7.943781e-01
[Iter 9590] Residual: 7.905439e-01
[Iter 9600] Residual: 7.867282e-01
[Iter 9610] Residual: 7.829309e-01
[Iter 9620] Residual: 7.791520e-01
[Iter 9630] Residual: 7.753913e-01
[Iter 9640] Residual: 7.716487e-01
[Iter 9650] Residual: 7.679242e-01
[Iter 9660] Residual: 7.642177e-01
[Iter 9670] Residual: 7.605291e-01
[Iter 9680] Residual: 7.568583e-01
[Iter 9690] Residual: 7.532052e-01
[Iter 9700] Residual: 7.495697e-01
[Iter 9710] Residual: 7.459518e-01
[Iter 9720] Residual: 7.423514e-01
[Iter 9730] Residual: 7.387683e-01
[Iter 9740] Residual: 7.352025e-01
[Iter 9750] Residual: 7.316539e-01
[Iter 9760] Residual: 7.281225e-01
[Iter 9770] Residual: 7.246081e-01
[Iter 9780] Residual: 7.211106e-01
[Iter 9790] Residual: 7.176301e-01
[Iter 9800] Residual: 7.141663e-01
[Iter 9810] Residual: 7.107193e-01
[Iter 9820] Residual: 7.072889e-01
[Iter 9830] Residual: 7.038750e-01
[Iter 9840] Residual: 7.004777e-01
[Iter 9850] Residual: 6.970967e-01
[Iter 9860] Residual: 6.937321e-01
[Iter 9870] Residual: 6.903836e-01
[Iter 9880] Residual: 6.870514e-01
[Iter 9890] Residual: 6.837352e-01
[Iter 9900] Residual: 6.804351e-01
[Iter 9910] Residual: 6.771508e-01
[Iter 9920] Residual: 6.738825e-01
[Iter 9930] Residual: 6.706299e-01
[Iter 9940] Residual: 6.673930e-01
[Iter 9950] Residual: 6.641717e-01
[Iter 9960] Residual: 6.609659e-01
[Iter 9970] Residual: 6.577757e-01
[Iter 9980] Residual: 6.546008e-01
[Iter 9990] Residual: 6.514413e-01
[Iter 10000] Residual: 6.482970e-01
[Completed] Time: 0.127009 s
[Completed] Residual: 6.482970e-01
[Completed] #Iteration: 10000
