--------------------------------------------------------------------------
By default, for Open MPI 4.0 and later, infiniband ports on a device
are not used by default.  The intent is to use UCX for these devices.
You can override this policy by setting the btl_openib_allow_ib MCA parameter
to true.

  Local host:              c30-01
  Local adapter:           mlx4_0
  Local port:              1

--------------------------------------------------------------------------
--------------------------------------------------------------------------
WARNING: There was an error initializing an OpenFabrics device.

  Local host:   c30-01
  Local device: mlx4_0
--------------------------------------------------------------------------
[Iter 0] Residual: 25600
[c30-01:38696] 3 more processes have sent help message help-mpi-btl-openib.txt / ib port not selected
[c30-01:38696] Set MCA parameter "orte_base_help_aggregate" to 0 to see all help / error messages
[c30-01:38696] 3 more processes have sent help message help-mpi-btl-openib.txt / error in device init
[Iter 10] Residual: 2.559473e+04
[Iter 20] Residual: 2.559267e+04
[Iter 30] Residual: 2.559071e+04
[Iter 40] Residual: 2.558974e+04
[Iter 50] Residual: 2.558817e+04
[Iter 60] Residual: 2.558710e+04
[Iter 70] Residual: 2.558611e+04
[Iter 80] Residual: 2.558519e+04
[Iter 90] Residual: 2.558470e+04
[Iter 100] Residual: 2.558351e+04
[Completed] Time: 72.857424 s
[Completed] Residual: 2.558501e+04
[Completed] #Iteration: 100
