--------------------------------------------------------------------------
By default, for Open MPI 4.0 and later, infiniband ports on a device
are not used by default.  The intent is to use UCX for these devices.
You can override this policy by setting the btl_openib_allow_ib MCA parameter
to true.

  Local host:              c21-04
  Local adapter:           mlx5_0
  Local port:              1

--------------------------------------------------------------------------
--------------------------------------------------------------------------
WARNING: There was an error initializing an OpenFabrics device.

  Local host:   c21-04
  Local device: mlx5_0
--------------------------------------------------------------------------
[Iter 0] Residual: 25600
[Iter 10] Residual: 2.557723e+04
[Iter 20] Residual: 2.557539e+04
[Iter 30] Residual: 2.557387e+04
[Iter 40] Residual: 2.557255e+04
[Iter 50] Residual: 2.557218e+04
[Iter 60] Residual: 2.556972e+04
[Iter 70] Residual: 2.557027e+04
[Iter 80] Residual: 2.556803e+04
[Iter 90] Residual: 2.556698e+04
[Iter 100] Residual: 2.556542e+04
[Completed] Time: 1.533332 s
[Completed] Residual: 2.558501e+04
[Completed] #Iteration: 100
[c18-01:29482] 255 more processes have sent help message help-mpi-btl-openib.txt / ib port not selected
[c18-01:29482] Set MCA parameter "orte_base_help_aggregate" to 0 to see all help / error messages
[c18-01:29482] 255 more processes have sent help message help-mpi-btl-openib.txt / error in device init
